<?xml version="1.0" encoding="UTF-8"?>
<testsuite xmlns:xsi="http://www.w3.org/2001/XMLSchema-instance" xsi:noNamespaceSchemaLocation="https://maven.apache.org/surefire/maven-surefire-plugin/xsd/surefire-test-report.xsd" version="3.0.2" name="_game.try1.GameIntegrationTest" time="25.722" tests="2" errors="0" skipped="0" failures="0">
  <properties>
    <property name="java.specification.version" value="21"/>
    <property name="sun.jnu.encoding" value="UTF-8"/>
    <property name="java.class.path" value="/Users/amishkakru/Downloads/try1/target/test-classes:/Users/amishkakru/Downloads/try1/target/classes:/Users/amishkakru/.m2/repository/org/springframework/boot/spring-boot-starter-data-jpa/3.5.0/spring-boot-starter-data-jpa-3.5.0.jar:/Users/amishkakru/.m2/repository/org/springframework/boot/spring-boot-starter/3.5.0/spring-boot-starter-3.5.0.jar:/Users/amishkakru/.m2/repository/org/springframework/boot/spring-boot-starter-logging/3.5.0/spring-boot-starter-logging-3.5.0.jar:/Users/amishkakru/.m2/repository/ch/qos/logback/logback-classic/1.5.18/logback-classic-1.5.18.jar:/Users/amishkakru/.m2/repository/ch/qos/logback/logback-core/1.5.18/logback-core-1.5.18.jar:/Users/amishkakru/.m2/repository/org/apache/logging/log4j/log4j-to-slf4j/2.24.3/log4j-to-slf4j-2.24.3.jar:/Users/amishkakru/.m2/repository/org/apache/logging/log4j/log4j-api/2.24.3/log4j-api-2.24.3.jar:/Users/amishkakru/.m2/repository/org/slf4j/jul-to-slf4j/2.0.17/jul-to-slf4j-2.0.17.jar:/Users/amishkakru/.m2/repository/jakarta/annotation/jakarta.annotation-api/2.1.1/jakarta.annotation-api-2.1.1.jar:/Users/amishkakru/.m2/repository/org/yaml/snakeyaml/2.4/snakeyaml-2.4.jar:/Users/amishkakru/.m2/repository/org/springframework/boot/spring-boot-starter-jdbc/3.5.0/spring-boot-starter-jdbc-3.5.0.jar:/Users/amishkakru/.m2/repository/com/zaxxer/HikariCP/6.3.0/HikariCP-6.3.0.jar:/Users/amishkakru/.m2/repository/org/springframework/spring-jdbc/6.2.7/spring-jdbc-6.2.7.jar:/Users/amishkakru/.m2/repository/org/hibernate/orm/hibernate-core/6.6.15.Final/hibernate-core-6.6.15.Final.jar:/Users/amishkakru/.m2/repository/jakarta/persistence/jakarta.persistence-api/3.1.0/jakarta.persistence-api-3.1.0.jar:/Users/amishkakru/.m2/repository/jakarta/transaction/jakarta.transaction-api/2.0.1/jakarta.transaction-api-2.0.1.jar:/Users/amishkakru/.m2/repository/org/jboss/logging/jboss-logging/3.6.1.Final/jboss-logging-3.6.1.Final.jar:/Users/amishkakru/.m2/repository/org/hibernate/common/hibernate-commons-annotations/7.0.3.Final/hibernate-commons-annotations-7.0.3.Final.jar:/Users/amishkakru/.m2/repository/io/smallrye/jandex/3.2.0/jandex-3.2.0.jar:/Users/amishkakru/.m2/repository/com/fasterxml/classmate/1.7.0/classmate-1.7.0.jar:/Users/amishkakru/.m2/repository/net/bytebuddy/byte-buddy/1.17.5/byte-buddy-1.17.5.jar:/Users/amishkakru/.m2/repository/org/glassfish/jaxb/jaxb-runtime/4.0.5/jaxb-runtime-4.0.5.jar:/Users/amishkakru/.m2/repository/org/glassfish/jaxb/jaxb-core/4.0.5/jaxb-core-4.0.5.jar:/Users/amishkakru/.m2/repository/org/eclipse/angus/angus-activation/2.0.2/angus-activation-2.0.2.jar:/Users/amishkakru/.m2/repository/org/glassfish/jaxb/txw2/4.0.5/txw2-4.0.5.jar:/Users/amishkakru/.m2/repository/com/sun/istack/istack-commons-runtime/4.1.2/istack-commons-runtime-4.1.2.jar:/Users/amishkakru/.m2/repository/jakarta/inject/jakarta.inject-api/2.0.1/jakarta.inject-api-2.0.1.jar:/Users/amishkakru/.m2/repository/org/antlr/antlr4-runtime/4.13.0/antlr4-runtime-4.13.0.jar:/Users/amishkakru/.m2/repository/org/springframework/data/spring-data-jpa/3.5.0/spring-data-jpa-3.5.0.jar:/Users/amishkakru/.m2/repository/org/springframework/data/spring-data-commons/3.5.0/spring-data-commons-3.5.0.jar:/Users/amishkakru/.m2/repository/org/springframework/spring-orm/6.2.7/spring-orm-6.2.7.jar:/Users/amishkakru/.m2/repository/org/springframework/spring-context/6.2.7/spring-context-6.2.7.jar:/Users/amishkakru/.m2/repository/org/springframework/spring-aop/6.2.7/spring-aop-6.2.7.jar:/Users/amishkakru/.m2/repository/org/springframework/spring-tx/6.2.7/spring-tx-6.2.7.jar:/Users/amishkakru/.m2/repository/org/springframework/spring-beans/6.2.7/spring-beans-6.2.7.jar:/Users/amishkakru/.m2/repository/org/slf4j/slf4j-api/2.0.17/slf4j-api-2.0.17.jar:/Users/amishkakru/.m2/repository/org/springframework/spring-aspects/6.2.7/spring-aspects-6.2.7.jar:/Users/amishkakru/.m2/repository/org/aspectj/aspectjweaver/1.9.24/aspectjweaver-1.9.24.jar:/Users/amishkakru/.m2/repository/com/h2database/h2/2.3.232/h2-2.3.232.jar:/Users/amishkakru/.m2/repository/org/springframework/boot/spring-boot-starter-websocket/3.5.0/spring-boot-starter-websocket-3.5.0.jar:/Users/amishkakru/.m2/repository/org/springframework/spring-messaging/6.2.7/spring-messaging-6.2.7.jar:/Users/amishkakru/.m2/repository/org/springframework/spring-websocket/6.2.7/spring-websocket-6.2.7.jar:/Users/amishkakru/.m2/repository/org/springframework/boot/spring-boot-starter-web/3.5.0/spring-boot-starter-web-3.5.0.jar:/Users/amishkakru/.m2/repository/org/springframework/boot/spring-boot-starter-json/3.5.0/spring-boot-starter-json-3.5.0.jar:/Users/amishkakru/.m2/repository/com/fasterxml/jackson/datatype/jackson-datatype-jdk8/2.19.0/jackson-datatype-jdk8-2.19.0.jar:/Users/amishkakru/.m2/repository/com/fasterxml/jackson/datatype/jackson-datatype-jsr310/2.19.0/jackson-datatype-jsr310-2.19.0.jar:/Users/amishkakru/.m2/repository/com/fasterxml/jackson/module/jackson-module-parameter-names/2.19.0/jackson-module-parameter-names-2.19.0.jar:/Users/amishkakru/.m2/repository/org/springframework/boot/spring-boot-starter-tomcat/3.5.0/spring-boot-starter-tomcat-3.5.0.jar:/Users/amishkakru/.m2/repository/org/apache/tomcat/embed/tomcat-embed-core/10.1.41/tomcat-embed-core-10.1.41.jar:/Users/amishkakru/.m2/repository/org/apache/tomcat/embed/tomcat-embed-websocket/10.1.41/tomcat-embed-websocket-10.1.41.jar:/Users/amishkakru/.m2/repository/org/springframework/spring-web/6.2.7/spring-web-6.2.7.jar:/Users/amishkakru/.m2/repository/io/micrometer/micrometer-observation/1.15.0/micrometer-observation-1.15.0.jar:/Users/amishkakru/.m2/repository/io/micrometer/micrometer-commons/1.15.0/micrometer-commons-1.15.0.jar:/Users/amishkakru/.m2/repository/org/springframework/spring-webmvc/6.2.7/spring-webmvc-6.2.7.jar:/Users/amishkakru/.m2/repository/org/springframework/spring-expression/6.2.7/spring-expression-6.2.7.jar:/Users/amishkakru/.m2/repository/com/fasterxml/jackson/module/jackson-module-kotlin/2.19.0/jackson-module-kotlin-2.19.0.jar:/Users/amishkakru/.m2/repository/com/fasterxml/jackson/core/jackson-databind/2.19.0/jackson-databind-2.19.0.jar:/Users/amishkakru/.m2/repository/com/fasterxml/jackson/core/jackson-core/2.19.0/jackson-core-2.19.0.jar:/Users/amishkakru/.m2/repository/com/fasterxml/jackson/core/jackson-annotations/2.19.0/jackson-annotations-2.19.0.jar:/Users/amishkakru/.m2/repository/org/jetbrains/kotlin/kotlin-reflect/1.9.25/kotlin-reflect-1.9.25.jar:/Users/amishkakru/.m2/repository/org/jetbrains/kotlin/kotlin-stdlib/1.9.25/kotlin-stdlib-1.9.25.jar:/Users/amishkakru/.m2/repository/org/jetbrains/annotations/13.0/annotations-13.0.jar:/Users/amishkakru/.m2/repository/org/springframework/boot/spring-boot-devtools/3.5.0/spring-boot-devtools-3.5.0.jar:/Users/amishkakru/.m2/repository/org/springframework/boot/spring-boot/3.5.0/spring-boot-3.5.0.jar:/Users/amishkakru/.m2/repository/org/springframework/boot/spring-boot-autoconfigure/3.5.0/spring-boot-autoconfigure-3.5.0.jar:/Users/amishkakru/.m2/repository/org/springframework/boot/spring-boot-starter-test/3.5.0/spring-boot-starter-test-3.5.0.jar:/Users/amishkakru/.m2/repository/org/springframework/boot/spring-boot-test/3.5.0/spring-boot-test-3.5.0.jar:/Users/amishkakru/.m2/repository/org/springframework/boot/spring-boot-test-autoconfigure/3.5.0/spring-boot-test-autoconfigure-3.5.0.jar:/Users/amishkakru/.m2/repository/com/jayway/jsonpath/json-path/2.9.0/json-path-2.9.0.jar:/Users/amishkakru/.m2/repository/jakarta/xml/bind/jakarta.xml.bind-api/4.0.2/jakarta.xml.bind-api-4.0.2.jar:/Users/amishkakru/.m2/repository/jakarta/activation/jakarta.activation-api/2.1.3/jakarta.activation-api-2.1.3.jar:/Users/amishkakru/.m2/repository/net/minidev/json-smart/2.5.2/json-smart-2.5.2.jar:/Users/amishkakru/.m2/repository/net/minidev/accessors-smart/2.5.2/accessors-smart-2.5.2.jar:/Users/amishkakru/.m2/repository/org/ow2/asm/asm/9.7.1/asm-9.7.1.jar:/Users/amishkakru/.m2/repository/org/assertj/assertj-core/3.27.3/assertj-core-3.27.3.jar:/Users/amishkakru/.m2/repository/org/awaitility/awaitility/4.3.0/awaitility-4.3.0.jar:/Users/amishkakru/.m2/repository/org/hamcrest/hamcrest/3.0/hamcrest-3.0.jar:/Users/amishkakru/.m2/repository/org/junit/jupiter/junit-jupiter/5.12.2/junit-jupiter-5.12.2.jar:/Users/amishkakru/.m2/repository/org/junit/jupiter/junit-jupiter-params/5.12.2/junit-jupiter-params-5.12.2.jar:/Users/amishkakru/.m2/repository/org/mockito/mockito-core/5.17.0/mockito-core-5.17.0.jar:/Users/amishkakru/.m2/repository/net/bytebuddy/byte-buddy-agent/1.17.5/byte-buddy-agent-1.17.5.jar:/Users/amishkakru/.m2/repository/org/objenesis/objenesis/3.3/objenesis-3.3.jar:/Users/amishkakru/.m2/repository/org/mockito/mockito-junit-jupiter/5.17.0/mockito-junit-jupiter-5.17.0.jar:/Users/amishkakru/.m2/repository/org/skyscreamer/jsonassert/1.5.3/jsonassert-1.5.3.jar:/Users/amishkakru/.m2/repository/com/vaadin/external/google/android-json/0.0.20131108.vaadin1/android-json-0.0.20131108.vaadin1.jar:/Users/amishkakru/.m2/repository/org/springframework/spring-core/6.2.7/spring-core-6.2.7.jar:/Users/amishkakru/.m2/repository/org/springframework/spring-jcl/6.2.7/spring-jcl-6.2.7.jar:/Users/amishkakru/.m2/repository/org/springframework/spring-test/6.2.7/spring-test-6.2.7.jar:/Users/amishkakru/.m2/repository/org/xmlunit/xmlunit-core/2.10.1/xmlunit-core-2.10.1.jar:/Users/amishkakru/.m2/repository/org/springframework/boot/spring-boot-starter-webflux/3.5.0/spring-boot-starter-webflux-3.5.0.jar:/Users/amishkakru/.m2/repository/org/springframework/boot/spring-boot-starter-reactor-netty/3.5.0/spring-boot-starter-reactor-netty-3.5.0.jar:/Users/amishkakru/.m2/repository/io/projectreactor/netty/reactor-netty-http/1.2.6/reactor-netty-http-1.2.6.jar:/Users/amishkakru/.m2/repository/io/netty/netty-codec-http/4.1.121.Final/netty-codec-http-4.1.121.Final.jar:/Users/amishkakru/.m2/repository/io/netty/netty-common/4.1.121.Final/netty-common-4.1.121.Final.jar:/Users/amishkakru/.m2/repository/io/netty/netty-buffer/4.1.121.Final/netty-buffer-4.1.121.Final.jar:/Users/amishkakru/.m2/repository/io/netty/netty-transport/4.1.121.Final/netty-transport-4.1.121.Final.jar:/Users/amishkakru/.m2/repository/io/netty/netty-codec/4.1.121.Final/netty-codec-4.1.121.Final.jar:/Users/amishkakru/.m2/repository/io/netty/netty-handler/4.1.121.Final/netty-handler-4.1.121.Final.jar:/Users/amishkakru/.m2/repository/io/netty/netty-codec-http2/4.1.121.Final/netty-codec-http2-4.1.121.Final.jar:/Users/amishkakru/.m2/repository/io/netty/netty-resolver-dns/4.1.121.Final/netty-resolver-dns-4.1.121.Final.jar:/Users/amishkakru/.m2/repository/io/netty/netty-resolver/4.1.121.Final/netty-resolver-4.1.121.Final.jar:/Users/amishkakru/.m2/repository/io/netty/netty-codec-dns/4.1.121.Final/netty-codec-dns-4.1.121.Final.jar:/Users/amishkakru/.m2/repository/io/netty/netty-resolver-dns-native-macos/4.1.121.Final/netty-resolver-dns-native-macos-4.1.121.Final-osx-x86_64.jar:/Users/amishkakru/.m2/repository/io/netty/netty-resolver-dns-classes-macos/4.1.121.Final/netty-resolver-dns-classes-macos-4.1.121.Final.jar:/Users/amishkakru/.m2/repository/io/netty/netty-transport-native-epoll/4.1.121.Final/netty-transport-native-epoll-4.1.121.Final-linux-x86_64.jar:/Users/amishkakru/.m2/repository/io/netty/netty-transport-native-unix-common/4.1.121.Final/netty-transport-native-unix-common-4.1.121.Final.jar:/Users/amishkakru/.m2/repository/io/netty/netty-transport-classes-epoll/4.1.121.Final/netty-transport-classes-epoll-4.1.121.Final.jar:/Users/amishkakru/.m2/repository/io/projectreactor/netty/reactor-netty-core/1.2.6/reactor-netty-core-1.2.6.jar:/Users/amishkakru/.m2/repository/io/netty/netty-handler-proxy/4.1.121.Final/netty-handler-proxy-4.1.121.Final.jar:/Users/amishkakru/.m2/repository/io/netty/netty-codec-socks/4.1.121.Final/netty-codec-socks-4.1.121.Final.jar:/Users/amishkakru/.m2/repository/org/springframework/spring-webflux/6.2.7/spring-webflux-6.2.7.jar:/Users/amishkakru/.m2/repository/io/projectreactor/reactor-core/3.7.6/reactor-core-3.7.6.jar:/Users/amishkakru/.m2/repository/org/reactivestreams/reactive-streams/1.0.4/reactive-streams-1.0.4.jar:/Users/amishkakru/.m2/repository/org/jetbrains/kotlin/kotlin-test-junit5/1.9.25/kotlin-test-junit5-1.9.25.jar:/Users/amishkakru/.m2/repository/org/jetbrains/kotlin/kotlin-test/1.9.25/kotlin-test-1.9.25.jar:/Users/amishkakru/.m2/repository/org/junit/jupiter/junit-jupiter-api/5.12.2/junit-jupiter-api-5.12.2.jar:/Users/amishkakru/.m2/repository/org/opentest4j/opentest4j/1.3.0/opentest4j-1.3.0.jar:/Users/amishkakru/.m2/repository/org/junit/platform/junit-platform-commons/1.12.2/junit-platform-commons-1.12.2.jar:/Users/amishkakru/.m2/repository/org/apiguardian/apiguardian-api/1.1.2/apiguardian-api-1.1.2.jar:/Users/amishkakru/.m2/repository/org/junit/jupiter/junit-jupiter-engine/5.12.2/junit-jupiter-engine-5.12.2.jar:/Users/amishkakru/.m2/repository/org/junit/platform/junit-platform-engine/1.12.2/junit-platform-engine-1.12.2.jar:/Users/amishkakru/.m2/repository/org/springframework/boot/spring-boot-starter-validation/3.5.0/spring-boot-starter-validation-3.5.0.jar:/Users/amishkakru/.m2/repository/org/apache/tomcat/embed/tomcat-embed-el/10.1.41/tomcat-embed-el-10.1.41.jar:/Users/amishkakru/.m2/repository/org/hibernate/validator/hibernate-validator/8.0.2.Final/hibernate-validator-8.0.2.Final.jar:/Users/amishkakru/.m2/repository/jakarta/validation/jakarta.validation-api/3.0.2/jakarta.validation-api-3.0.2.jar:/Users/amishkakru/.m2/repository/org/jetbrains/kotlin/kotlin-stdlib-jdk8/1.9.25/kotlin-stdlib-jdk8-1.9.25.jar:/Users/amishkakru/.m2/repository/org/jetbrains/kotlin/kotlin-stdlib-jdk7/1.9.25/kotlin-stdlib-jdk7-1.9.25.jar:"/>
    <property name="java.vm.vendor" value="Microsoft"/>
    <property name="sun.arch.data.model" value="64"/>
    <property name="java.vendor.url" value="https://www.microsoft.com"/>
    <property name="catalina.useNaming" value="false"/>
    <property name="user.timezone" value="Asia/Kolkata"/>
    <property name="org.jboss.logging.provider" value="slf4j"/>
    <property name="os.name" value="Mac OS X"/>
    <property name="java.vm.specification.version" value="21"/>
    <property name="APPLICATION_NAME" value="try1"/>
    <property name="sun.java.launcher" value="SUN_STANDARD"/>
    <property name="user.country" value="IN"/>
    <property name="sun.boot.library.path" value="/Users/amishkakru/Library/Java/JavaVirtualMachines/ms-21.0.7/Contents/Home/lib"/>
    <property name="sun.java.command" value="/Users/amishkakru/Downloads/try1/target/surefire/surefirebooter-20250621001055322_3.jar /Users/amishkakru/Downloads/try1/target/surefire 2025-06-21T00-10-55_226-jvmRun1 surefire-20250621001055322_1tmp surefire_0-20250621001055322_2tmp"/>
    <property name="http.nonProxyHosts" value="local|*.local|169.254/16|*.169.254/16"/>
    <property name="jdk.debug" value="release"/>
    <property name="surefire.test.class.path" value="/Users/amishkakru/Downloads/try1/target/test-classes:/Users/amishkakru/Downloads/try1/target/classes:/Users/amishkakru/.m2/repository/org/springframework/boot/spring-boot-starter-data-jpa/3.5.0/spring-boot-starter-data-jpa-3.5.0.jar:/Users/amishkakru/.m2/repository/org/springframework/boot/spring-boot-starter/3.5.0/spring-boot-starter-3.5.0.jar:/Users/amishkakru/.m2/repository/org/springframework/boot/spring-boot-starter-logging/3.5.0/spring-boot-starter-logging-3.5.0.jar:/Users/amishkakru/.m2/repository/ch/qos/logback/logback-classic/1.5.18/logback-classic-1.5.18.jar:/Users/amishkakru/.m2/repository/ch/qos/logback/logback-core/1.5.18/logback-core-1.5.18.jar:/Users/amishkakru/.m2/repository/org/apache/logging/log4j/log4j-to-slf4j/2.24.3/log4j-to-slf4j-2.24.3.jar:/Users/amishkakru/.m2/repository/org/apache/logging/log4j/log4j-api/2.24.3/log4j-api-2.24.3.jar:/Users/amishkakru/.m2/repository/org/slf4j/jul-to-slf4j/2.0.17/jul-to-slf4j-2.0.17.jar:/Users/amishkakru/.m2/repository/jakarta/annotation/jakarta.annotation-api/2.1.1/jakarta.annotation-api-2.1.1.jar:/Users/amishkakru/.m2/repository/org/yaml/snakeyaml/2.4/snakeyaml-2.4.jar:/Users/amishkakru/.m2/repository/org/springframework/boot/spring-boot-starter-jdbc/3.5.0/spring-boot-starter-jdbc-3.5.0.jar:/Users/amishkakru/.m2/repository/com/zaxxer/HikariCP/6.3.0/HikariCP-6.3.0.jar:/Users/amishkakru/.m2/repository/org/springframework/spring-jdbc/6.2.7/spring-jdbc-6.2.7.jar:/Users/amishkakru/.m2/repository/org/hibernate/orm/hibernate-core/6.6.15.Final/hibernate-core-6.6.15.Final.jar:/Users/amishkakru/.m2/repository/jakarta/persistence/jakarta.persistence-api/3.1.0/jakarta.persistence-api-3.1.0.jar:/Users/amishkakru/.m2/repository/jakarta/transaction/jakarta.transaction-api/2.0.1/jakarta.transaction-api-2.0.1.jar:/Users/amishkakru/.m2/repository/org/jboss/logging/jboss-logging/3.6.1.Final/jboss-logging-3.6.1.Final.jar:/Users/amishkakru/.m2/repository/org/hibernate/common/hibernate-commons-annotations/7.0.3.Final/hibernate-commons-annotations-7.0.3.Final.jar:/Users/amishkakru/.m2/repository/io/smallrye/jandex/3.2.0/jandex-3.2.0.jar:/Users/amishkakru/.m2/repository/com/fasterxml/classmate/1.7.0/classmate-1.7.0.jar:/Users/amishkakru/.m2/repository/net/bytebuddy/byte-buddy/1.17.5/byte-buddy-1.17.5.jar:/Users/amishkakru/.m2/repository/org/glassfish/jaxb/jaxb-runtime/4.0.5/jaxb-runtime-4.0.5.jar:/Users/amishkakru/.m2/repository/org/glassfish/jaxb/jaxb-core/4.0.5/jaxb-core-4.0.5.jar:/Users/amishkakru/.m2/repository/org/eclipse/angus/angus-activation/2.0.2/angus-activation-2.0.2.jar:/Users/amishkakru/.m2/repository/org/glassfish/jaxb/txw2/4.0.5/txw2-4.0.5.jar:/Users/amishkakru/.m2/repository/com/sun/istack/istack-commons-runtime/4.1.2/istack-commons-runtime-4.1.2.jar:/Users/amishkakru/.m2/repository/jakarta/inject/jakarta.inject-api/2.0.1/jakarta.inject-api-2.0.1.jar:/Users/amishkakru/.m2/repository/org/antlr/antlr4-runtime/4.13.0/antlr4-runtime-4.13.0.jar:/Users/amishkakru/.m2/repository/org/springframework/data/spring-data-jpa/3.5.0/spring-data-jpa-3.5.0.jar:/Users/amishkakru/.m2/repository/org/springframework/data/spring-data-commons/3.5.0/spring-data-commons-3.5.0.jar:/Users/amishkakru/.m2/repository/org/springframework/spring-orm/6.2.7/spring-orm-6.2.7.jar:/Users/amishkakru/.m2/repository/org/springframework/spring-context/6.2.7/spring-context-6.2.7.jar:/Users/amishkakru/.m2/repository/org/springframework/spring-aop/6.2.7/spring-aop-6.2.7.jar:/Users/amishkakru/.m2/repository/org/springframework/spring-tx/6.2.7/spring-tx-6.2.7.jar:/Users/amishkakru/.m2/repository/org/springframework/spring-beans/6.2.7/spring-beans-6.2.7.jar:/Users/amishkakru/.m2/repository/org/slf4j/slf4j-api/2.0.17/slf4j-api-2.0.17.jar:/Users/amishkakru/.m2/repository/org/springframework/spring-aspects/6.2.7/spring-aspects-6.2.7.jar:/Users/amishkakru/.m2/repository/org/aspectj/aspectjweaver/1.9.24/aspectjweaver-1.9.24.jar:/Users/amishkakru/.m2/repository/com/h2database/h2/2.3.232/h2-2.3.232.jar:/Users/amishkakru/.m2/repository/org/springframework/boot/spring-boot-starter-websocket/3.5.0/spring-boot-starter-websocket-3.5.0.jar:/Users/amishkakru/.m2/repository/org/springframework/spring-messaging/6.2.7/spring-messaging-6.2.7.jar:/Users/amishkakru/.m2/repository/org/springframework/spring-websocket/6.2.7/spring-websocket-6.2.7.jar:/Users/amishkakru/.m2/repository/org/springframework/boot/spring-boot-starter-web/3.5.0/spring-boot-starter-web-3.5.0.jar:/Users/amishkakru/.m2/repository/org/springframework/boot/spring-boot-starter-json/3.5.0/spring-boot-starter-json-3.5.0.jar:/Users/amishkakru/.m2/repository/com/fasterxml/jackson/datatype/jackson-datatype-jdk8/2.19.0/jackson-datatype-jdk8-2.19.0.jar:/Users/amishkakru/.m2/repository/com/fasterxml/jackson/datatype/jackson-datatype-jsr310/2.19.0/jackson-datatype-jsr310-2.19.0.jar:/Users/amishkakru/.m2/repository/com/fasterxml/jackson/module/jackson-module-parameter-names/2.19.0/jackson-module-parameter-names-2.19.0.jar:/Users/amishkakru/.m2/repository/org/springframework/boot/spring-boot-starter-tomcat/3.5.0/spring-boot-starter-tomcat-3.5.0.jar:/Users/amishkakru/.m2/repository/org/apache/tomcat/embed/tomcat-embed-core/10.1.41/tomcat-embed-core-10.1.41.jar:/Users/amishkakru/.m2/repository/org/apache/tomcat/embed/tomcat-embed-websocket/10.1.41/tomcat-embed-websocket-10.1.41.jar:/Users/amishkakru/.m2/repository/org/springframework/spring-web/6.2.7/spring-web-6.2.7.jar:/Users/amishkakru/.m2/repository/io/micrometer/micrometer-observation/1.15.0/micrometer-observation-1.15.0.jar:/Users/amishkakru/.m2/repository/io/micrometer/micrometer-commons/1.15.0/micrometer-commons-1.15.0.jar:/Users/amishkakru/.m2/repository/org/springframework/spring-webmvc/6.2.7/spring-webmvc-6.2.7.jar:/Users/amishkakru/.m2/repository/org/springframework/spring-expression/6.2.7/spring-expression-6.2.7.jar:/Users/amishkakru/.m2/repository/com/fasterxml/jackson/module/jackson-module-kotlin/2.19.0/jackson-module-kotlin-2.19.0.jar:/Users/amishkakru/.m2/repository/com/fasterxml/jackson/core/jackson-databind/2.19.0/jackson-databind-2.19.0.jar:/Users/amishkakru/.m2/repository/com/fasterxml/jackson/core/jackson-core/2.19.0/jackson-core-2.19.0.jar:/Users/amishkakru/.m2/repository/com/fasterxml/jackson/core/jackson-annotations/2.19.0/jackson-annotations-2.19.0.jar:/Users/amishkakru/.m2/repository/org/jetbrains/kotlin/kotlin-reflect/1.9.25/kotlin-reflect-1.9.25.jar:/Users/amishkakru/.m2/repository/org/jetbrains/kotlin/kotlin-stdlib/1.9.25/kotlin-stdlib-1.9.25.jar:/Users/amishkakru/.m2/repository/org/jetbrains/annotations/13.0/annotations-13.0.jar:/Users/amishkakru/.m2/repository/org/springframework/boot/spring-boot-devtools/3.5.0/spring-boot-devtools-3.5.0.jar:/Users/amishkakru/.m2/repository/org/springframework/boot/spring-boot/3.5.0/spring-boot-3.5.0.jar:/Users/amishkakru/.m2/repository/org/springframework/boot/spring-boot-autoconfigure/3.5.0/spring-boot-autoconfigure-3.5.0.jar:/Users/amishkakru/.m2/repository/org/springframework/boot/spring-boot-starter-test/3.5.0/spring-boot-starter-test-3.5.0.jar:/Users/amishkakru/.m2/repository/org/springframework/boot/spring-boot-test/3.5.0/spring-boot-test-3.5.0.jar:/Users/amishkakru/.m2/repository/org/springframework/boot/spring-boot-test-autoconfigure/3.5.0/spring-boot-test-autoconfigure-3.5.0.jar:/Users/amishkakru/.m2/repository/com/jayway/jsonpath/json-path/2.9.0/json-path-2.9.0.jar:/Users/amishkakru/.m2/repository/jakarta/xml/bind/jakarta.xml.bind-api/4.0.2/jakarta.xml.bind-api-4.0.2.jar:/Users/amishkakru/.m2/repository/jakarta/activation/jakarta.activation-api/2.1.3/jakarta.activation-api-2.1.3.jar:/Users/amishkakru/.m2/repository/net/minidev/json-smart/2.5.2/json-smart-2.5.2.jar:/Users/amishkakru/.m2/repository/net/minidev/accessors-smart/2.5.2/accessors-smart-2.5.2.jar:/Users/amishkakru/.m2/repository/org/ow2/asm/asm/9.7.1/asm-9.7.1.jar:/Users/amishkakru/.m2/repository/org/assertj/assertj-core/3.27.3/assertj-core-3.27.3.jar:/Users/amishkakru/.m2/repository/org/awaitility/awaitility/4.3.0/awaitility-4.3.0.jar:/Users/amishkakru/.m2/repository/org/hamcrest/hamcrest/3.0/hamcrest-3.0.jar:/Users/amishkakru/.m2/repository/org/junit/jupiter/junit-jupiter/5.12.2/junit-jupiter-5.12.2.jar:/Users/amishkakru/.m2/repository/org/junit/jupiter/junit-jupiter-params/5.12.2/junit-jupiter-params-5.12.2.jar:/Users/amishkakru/.m2/repository/org/mockito/mockito-core/5.17.0/mockito-core-5.17.0.jar:/Users/amishkakru/.m2/repository/net/bytebuddy/byte-buddy-agent/1.17.5/byte-buddy-agent-1.17.5.jar:/Users/amishkakru/.m2/repository/org/objenesis/objenesis/3.3/objenesis-3.3.jar:/Users/amishkakru/.m2/repository/org/mockito/mockito-junit-jupiter/5.17.0/mockito-junit-jupiter-5.17.0.jar:/Users/amishkakru/.m2/repository/org/skyscreamer/jsonassert/1.5.3/jsonassert-1.5.3.jar:/Users/amishkakru/.m2/repository/com/vaadin/external/google/android-json/0.0.20131108.vaadin1/android-json-0.0.20131108.vaadin1.jar:/Users/amishkakru/.m2/repository/org/springframework/spring-core/6.2.7/spring-core-6.2.7.jar:/Users/amishkakru/.m2/repository/org/springframework/spring-jcl/6.2.7/spring-jcl-6.2.7.jar:/Users/amishkakru/.m2/repository/org/springframework/spring-test/6.2.7/spring-test-6.2.7.jar:/Users/amishkakru/.m2/repository/org/xmlunit/xmlunit-core/2.10.1/xmlunit-core-2.10.1.jar:/Users/amishkakru/.m2/repository/org/springframework/boot/spring-boot-starter-webflux/3.5.0/spring-boot-starter-webflux-3.5.0.jar:/Users/amishkakru/.m2/repository/org/springframework/boot/spring-boot-starter-reactor-netty/3.5.0/spring-boot-starter-reactor-netty-3.5.0.jar:/Users/amishkakru/.m2/repository/io/projectreactor/netty/reactor-netty-http/1.2.6/reactor-netty-http-1.2.6.jar:/Users/amishkakru/.m2/repository/io/netty/netty-codec-http/4.1.121.Final/netty-codec-http-4.1.121.Final.jar:/Users/amishkakru/.m2/repository/io/netty/netty-common/4.1.121.Final/netty-common-4.1.121.Final.jar:/Users/amishkakru/.m2/repository/io/netty/netty-buffer/4.1.121.Final/netty-buffer-4.1.121.Final.jar:/Users/amishkakru/.m2/repository/io/netty/netty-transport/4.1.121.Final/netty-transport-4.1.121.Final.jar:/Users/amishkakru/.m2/repository/io/netty/netty-codec/4.1.121.Final/netty-codec-4.1.121.Final.jar:/Users/amishkakru/.m2/repository/io/netty/netty-handler/4.1.121.Final/netty-handler-4.1.121.Final.jar:/Users/amishkakru/.m2/repository/io/netty/netty-codec-http2/4.1.121.Final/netty-codec-http2-4.1.121.Final.jar:/Users/amishkakru/.m2/repository/io/netty/netty-resolver-dns/4.1.121.Final/netty-resolver-dns-4.1.121.Final.jar:/Users/amishkakru/.m2/repository/io/netty/netty-resolver/4.1.121.Final/netty-resolver-4.1.121.Final.jar:/Users/amishkakru/.m2/repository/io/netty/netty-codec-dns/4.1.121.Final/netty-codec-dns-4.1.121.Final.jar:/Users/amishkakru/.m2/repository/io/netty/netty-resolver-dns-native-macos/4.1.121.Final/netty-resolver-dns-native-macos-4.1.121.Final-osx-x86_64.jar:/Users/amishkakru/.m2/repository/io/netty/netty-resolver-dns-classes-macos/4.1.121.Final/netty-resolver-dns-classes-macos-4.1.121.Final.jar:/Users/amishkakru/.m2/repository/io/netty/netty-transport-native-epoll/4.1.121.Final/netty-transport-native-epoll-4.1.121.Final-linux-x86_64.jar:/Users/amishkakru/.m2/repository/io/netty/netty-transport-native-unix-common/4.1.121.Final/netty-transport-native-unix-common-4.1.121.Final.jar:/Users/amishkakru/.m2/repository/io/netty/netty-transport-classes-epoll/4.1.121.Final/netty-transport-classes-epoll-4.1.121.Final.jar:/Users/amishkakru/.m2/repository/io/projectreactor/netty/reactor-netty-core/1.2.6/reactor-netty-core-1.2.6.jar:/Users/amishkakru/.m2/repository/io/netty/netty-handler-proxy/4.1.121.Final/netty-handler-proxy-4.1.121.Final.jar:/Users/amishkakru/.m2/repository/io/netty/netty-codec-socks/4.1.121.Final/netty-codec-socks-4.1.121.Final.jar:/Users/amishkakru/.m2/repository/org/springframework/spring-webflux/6.2.7/spring-webflux-6.2.7.jar:/Users/amishkakru/.m2/repository/io/projectreactor/reactor-core/3.7.6/reactor-core-3.7.6.jar:/Users/amishkakru/.m2/repository/org/reactivestreams/reactive-streams/1.0.4/reactive-streams-1.0.4.jar:/Users/amishkakru/.m2/repository/org/jetbrains/kotlin/kotlin-test-junit5/1.9.25/kotlin-test-junit5-1.9.25.jar:/Users/amishkakru/.m2/repository/org/jetbrains/kotlin/kotlin-test/1.9.25/kotlin-test-1.9.25.jar:/Users/amishkakru/.m2/repository/org/junit/jupiter/junit-jupiter-api/5.12.2/junit-jupiter-api-5.12.2.jar:/Users/amishkakru/.m2/repository/org/opentest4j/opentest4j/1.3.0/opentest4j-1.3.0.jar:/Users/amishkakru/.m2/repository/org/junit/platform/junit-platform-commons/1.12.2/junit-platform-commons-1.12.2.jar:/Users/amishkakru/.m2/repository/org/apiguardian/apiguardian-api/1.1.2/apiguardian-api-1.1.2.jar:/Users/amishkakru/.m2/repository/org/junit/jupiter/junit-jupiter-engine/5.12.2/junit-jupiter-engine-5.12.2.jar:/Users/amishkakru/.m2/repository/org/junit/platform/junit-platform-engine/1.12.2/junit-platform-engine-1.12.2.jar:/Users/amishkakru/.m2/repository/org/springframework/boot/spring-boot-starter-validation/3.5.0/spring-boot-starter-validation-3.5.0.jar:/Users/amishkakru/.m2/repository/org/apache/tomcat/embed/tomcat-embed-el/10.1.41/tomcat-embed-el-10.1.41.jar:/Users/amishkakru/.m2/repository/org/hibernate/validator/hibernate-validator/8.0.2.Final/hibernate-validator-8.0.2.Final.jar:/Users/amishkakru/.m2/repository/jakarta/validation/jakarta.validation-api/3.0.2/jakarta.validation-api-3.0.2.jar:/Users/amishkakru/.m2/repository/org/jetbrains/kotlin/kotlin-stdlib-jdk8/1.9.25/kotlin-stdlib-jdk8-1.9.25.jar:/Users/amishkakru/.m2/repository/org/jetbrains/kotlin/kotlin-stdlib-jdk7/1.9.25/kotlin-stdlib-jdk7-1.9.25.jar:"/>
    <property name="sun.cpu.endian" value="little"/>
    <property name="user.home" value="/Users/amishkakru"/>
    <property name="user.language" value="en"/>
    <property name="java.specification.vendor" value="Oracle Corporation"/>
    <property name="java.version.date" value="2025-04-15"/>
    <property name="java.home" value="/Users/amishkakru/Library/Java/JavaVirtualMachines/ms-21.0.7/Contents/Home"/>
    <property name="file.separator" value="/"/>
    <property name="basedir" value="/Users/amishkakru/Downloads/try1"/>
    <property name="java.vm.compressedOopsMode" value="Zero based"/>
    <property name="line.separator" value="&#10;"/>
    <property name="java.vm.specification.vendor" value="Oracle Corporation"/>
    <property name="java.specification.name" value="Java Platform API Specification"/>
    <property name="FILE_LOG_CHARSET" value="UTF-8"/>
    <property name="java.awt.headless" value="true"/>
    <property name="apple.awt.application.name" value="ForkedBooter"/>
    <property name="surefire.real.class.path" value="/Users/amishkakru/Downloads/try1/target/surefire/surefirebooter-20250621001055322_3.jar"/>
    <property name="sun.management.compiler" value="HotSpot 64-Bit Tiered Compilers"/>
    <property name="ftp.nonProxyHosts" value="local|*.local|169.254/16|*.169.254/16"/>
    <property name="java.runtime.version" value="21.0.7+6-LTS"/>
    <property name="user.name" value="amishkakru"/>
    <property name="stdout.encoding" value="UTF-8"/>
    <property name="path.separator" value=":"/>
    <property name="os.version" value="15.1"/>
    <property name="java.runtime.name" value="OpenJDK Runtime Environment"/>
    <property name="file.encoding" value="UTF-8"/>
    <property name="java.vm.name" value="OpenJDK 64-Bit Server VM"/>
    <property name="java.vendor.version" value="Microsoft-11369939"/>
    <property name="localRepository" value="/Users/amishkakru/.m2/repository"/>
    <property name="java.vendor.url.bug" value="https://github.com/microsoft/openjdk/issues"/>
    <property name="java.io.tmpdir" value="/var/folders/hb/y2vbtk157m9_9tfw6_thpbmr0000gn/T/"/>
    <property name="com.zaxxer.hikari.pool_number" value="2"/>
    <property name="catalina.home" value="/private/var/folders/hb/y2vbtk157m9_9tfw6_thpbmr0000gn/T/tomcat.0.17748262792073973194"/>
    <property name="java.version" value="21.0.7"/>
    <property name="user.dir" value="/Users/amishkakru/Downloads/try1"/>
    <property name="os.arch" value="aarch64"/>
    <property name="java.vm.specification.name" value="Java Virtual Machine Specification"/>
    <property name="PID" value="33377"/>
    <property name="CONSOLE_LOG_CHARSET" value="UTF-8"/>
    <property name="catalina.base" value="/private/var/folders/hb/y2vbtk157m9_9tfw6_thpbmr0000gn/T/tomcat.0.17748262792073973194"/>
    <property name="native.encoding" value="UTF-8"/>
    <property name="java.library.path" value="/Users/amishkakru/Library/Java/Extensions:/Library/Java/Extensions:/Network/Library/Java/Extensions:/System/Library/Java/Extensions:/usr/lib/java:."/>
    <property name="java.vm.info" value="mixed mode, sharing"/>
    <property name="stderr.encoding" value="UTF-8"/>
    <property name="java.vendor" value="Microsoft"/>
    <property name="java.vm.version" value="21.0.7+6-LTS"/>
    <property name="sun.io.unicode.encoding" value="UnicodeBig"/>
    <property name="socksNonProxyHosts" value="local|*.local|169.254/16|*.169.254/16"/>
    <property name="java.class.version" value="65.0"/>
    <property name="LOGGED_APPLICATION_NAME" value="[try1] "/>
  </properties>
  <testcase name="testCompleteBiddingAndTrickPlay" classname="_game.try1.GameIntegrationTest" time="20.688">
    <system-out><![CDATA[2025-06-21T00:10:59.633+05:30  INFO 33377 --- [try1] [           main] t.c.s.AnnotationConfigContextLoaderUtils : Could not detect default configuration classes for test class [_game.try1.GameIntegrationTest]: GameIntegrationTest does not declare any static, non-private, non-final, nested classes annotated with @Configuration.
2025-06-21T00:10:59.635+05:30  INFO 33377 --- [try1] [           main] .b.t.c.SpringBootTestContextBootstrapper : Found @SpringBootConfiguration _game.try1.Try1Application for test class _game.try1.GameIntegrationTest
2025-06-21T00:10:59.640+05:30  INFO 33377 --- [try1] [           main] o.s.b.d.r.RestartApplicationListener     : Restart disabled due to context in which it is running

  .   ____          _            __ _ _
 /\\ / ___'_ __ _ _(_)_ __  __ _ \ \ \ \
( ( )\___ | '_ | '_| | '_ \/ _` | \ \ \ \
 \\/  ___)| |_)| | | | | || (_| |  ) ) ) )
  '  |____| .__|_| |_|_| |_\__, | / / / /
 =========|_|==============|___/=/_/_/_/

 :: Spring Boot ::                (v3.5.0)

2025-06-21T00:10:59.658+05:30  INFO 33377 --- [try1] [           main] _game.try1.GameIntegrationTest           : Starting GameIntegrationTest using Java 21.0.7 with PID 33377 (started by amishkakru in /Users/amishkakru/Downloads/try1)
2025-06-21T00:10:59.659+05:30  INFO 33377 --- [try1] [           main] _game.try1.GameIntegrationTest           : No active profile set, falling back to 1 default profile: "default"
2025-06-21T00:10:59.740+05:30  INFO 33377 --- [try1] [           main] .s.d.r.c.RepositoryConfigurationDelegate : Bootstrapping Spring Data JPA repositories in DEFAULT mode.
2025-06-21T00:10:59.742+05:30  INFO 33377 --- [try1] [           main] .s.d.r.c.RepositoryConfigurationDelegate : Finished Spring Data repository scanning in 1 ms. Found 0 JPA repository interfaces.
2025-06-21T00:10:59.844+05:30  INFO 33377 --- [try1] [           main] o.s.b.w.embedded.tomcat.TomcatWebServer  : Tomcat initialized with port 0 (http)
2025-06-21T00:10:59.852+05:30  INFO 33377 --- [try1] [           main] o.apache.catalina.core.StandardService   : Starting service [Tomcat]
2025-06-21T00:10:59.852+05:30  INFO 33377 --- [try1] [           main] o.apache.catalina.core.StandardEngine    : Starting Servlet engine: [Apache Tomcat/10.1.41]
2025-06-21T00:10:59.872+05:30  INFO 33377 --- [try1] [           main] o.a.c.c.C.[Tomcat].[localhost].[/]       : Initializing Spring embedded WebApplicationContext
2025-06-21T00:10:59.872+05:30  INFO 33377 --- [try1] [           main] w.s.c.ServletWebServerApplicationContext : Root WebApplicationContext: initialization completed in 212 ms
2025-06-21T00:10:59.899+05:30  INFO 33377 --- [try1] [           main] com.zaxxer.hikari.HikariDataSource       : HikariPool-2 - Starting...
2025-06-21T00:10:59.906+05:30  INFO 33377 --- [try1] [           main] com.zaxxer.hikari.pool.HikariPool        : HikariPool-2 - Added connection conn10: url=jdbc:h2:mem:18c5f8ab-702d-42d7-837b-48c46b6916c1 user=SA
2025-06-21T00:10:59.907+05:30  INFO 33377 --- [try1] [           main] com.zaxxer.hikari.HikariDataSource       : HikariPool-2 - Start completed.
2025-06-21T00:10:59.907+05:30  INFO 33377 --- [try1] [           main] o.hibernate.jpa.internal.util.LogHelper  : HHH000204: Processing PersistenceUnitInfo [name: default]
2025-06-21T00:10:59.908+05:30  INFO 33377 --- [try1] [           main] o.h.c.internal.RegionFactoryInitiator    : HHH000026: Second-level cache disabled
2025-06-21T00:10:59.912+05:30  INFO 33377 --- [try1] [           main] o.s.o.j.p.SpringPersistenceUnitInfo      : No LoadTimeWeaver setup: ignoring JPA class transformer
2025-06-21T00:10:59.913+05:30  INFO 33377 --- [try1] [           main] org.hibernate.orm.connections.pooling    : HHH10001005: Database info:
	Database JDBC URL [Connecting through datasource 'HikariDataSource (HikariPool-2)']
	Database driver: undefined/unknown
	Database version: 2.3.232
	Autocommit mode: undefined/unknown
	Isolation level: undefined/unknown
	Minimum pool size: undefined/unknown
	Maximum pool size: undefined/unknown
2025-06-21T00:10:59.920+05:30  INFO 33377 --- [try1] [           main] o.h.e.t.j.p.i.JtaPlatformInitiator       : HHH000489: No JTA platform available (set 'hibernate.transaction.jta.platform' to enable JTA platform integration)
2025-06-21T00:10:59.920+05:30  INFO 33377 --- [try1] [           main] j.LocalContainerEntityManagerFactoryBean : Initialized JPA EntityManagerFactory for persistence unit 'default'
2025-06-21T00:10:59.942+05:30  WARN 33377 --- [try1] [           main] JpaBaseConfiguration$JpaWebConfiguration : spring.jpa.open-in-view is enabled by default. Therefore, database queries may be performed during view rendering. Explicitly configure spring.jpa.open-in-view to disable this warning
2025-06-21T00:11:00.050+05:30  INFO 33377 --- [try1] [           main] o.s.m.s.b.SimpleBrokerMessageHandler     : Starting...
2025-06-21T00:11:00.050+05:30  INFO 33377 --- [try1] [           main] o.s.m.s.b.SimpleBrokerMessageHandler     : BrokerAvailabilityEvent[available=true, SimpleBrokerMessageHandler [org.springframework.messaging.simp.broker.DefaultSubscriptionRegistry@4f66f2dd]]
2025-06-21T00:11:00.050+05:30  INFO 33377 --- [try1] [           main] o.s.m.s.b.SimpleBrokerMessageHandler     : Started.
2025-06-21T00:11:00.060+05:30  INFO 33377 --- [try1] [           main] o.s.b.w.embedded.tomcat.TomcatWebServer  : Tomcat started on port 57222 (http) with context path '/'
2025-06-21T00:11:00.062+05:30  INFO 33377 --- [try1] [           main] _game.try1.GameIntegrationTest           : Started GameIntegrationTest in 0.422 seconds (process running for 4.574)
2025-06-21T00:11:00.167+05:30 ERROR 33377 --- [try1] [           main] i.n.r.d.DnsServerAddressStreamProviders  : Unable to load io.netty.resolver.dns.macos.MacOSDnsServerAddressStreamProvider, fallback to system defaults. This may result in incorrect DNS resolutions on MacOS. Check whether you have a dependency on 'io.netty:netty-resolver-dns-native-macos'. Use DEBUG level to see the full stack: java.lang.UnsatisfiedLinkError: failed to load the required native library
2025-06-21T00:11:00.251+05:30  INFO 33377 --- [try1] [o-auto-1-exec-1] o.a.c.c.C.[Tomcat].[localhost].[/]       : Initializing Spring DispatcherServlet 'dispatcherServlet'
2025-06-21T00:11:00.251+05:30  INFO 33377 --- [try1] [o-auto-1-exec-1] o.s.web.servlet.DispatcherServlet        : Initializing Servlet 'dispatcherServlet'
2025-06-21T00:11:00.252+05:30  INFO 33377 --- [try1] [o-auto-1-exec-1] o.s.web.servlet.DispatcherServlet        : Completed initialization in 1 ms
2025-06-21T00:11:00.355+05:30  INFO 33377 --- [try1] [           main] _game.try1.GameIntegrationTest           : Created game with ID: DHABYC
2025-06-21T00:11:00.434+05:30  INFO 33377 --- [try1] [           main] _game.try1.GameIntegrationTest           : Player 1 joining game
2025-06-21T00:11:00.493+05:30  INFO 33377 --- [try1] [lient-AsyncIO-8] _game.try1.GameIntegrationTest           : Received raw message: {"type":"PlayerJoined","playerId":"ac23cc78-4b55-4b99-8310-d07f3312f3e3","playerName":"Player1","playerCount":1}
2025-06-21T00:11:00.493+05:30  INFO 33377 --- [try1] [lient-AsyncIO-7] _game.try1.GameIntegrationTest           : Received raw message: {"type":"PlayerJoined","playerId":"ac23cc78-4b55-4b99-8310-d07f3312f3e3","playerName":"Player1","playerCount":1}
2025-06-21T00:11:00.495+05:30  INFO 33377 --- [try1] [lient-AsyncIO-1] _game.try1.GameIntegrationTest           : Received raw message: {"type":"PlayerJoined","playerId":"ac23cc78-4b55-4b99-8310-d07f3312f3e3","playerName":"Player1","playerCount":1}
2025-06-21T00:11:00.496+05:30  INFO 33377 --- [try1] [ient-AsyncIO-10] _game.try1.GameIntegrationTest           : Received raw message: {"type":"PlayerJoined","playerId":"ac23cc78-4b55-4b99-8310-d07f3312f3e3","playerName":"Player1","playerCount":1}
2025-06-21T00:11:00.496+05:30  INFO 33377 --- [try1] [lient-AsyncIO-9] _game.try1.GameIntegrationTest           : Received raw message: {"type":"PlayerJoined","playerId":"ac23cc78-4b55-4b99-8310-d07f3312f3e3","playerName":"Player1","playerCount":1}
2025-06-21T00:11:00.763+05:30  INFO 33377 --- [try1] [           main] _game.try1.GameIntegrationTest           : Player 2 joining game
2025-06-21T00:11:00.769+05:30  INFO 33377 --- [try1] [lient-AsyncIO-2] _game.try1.GameIntegrationTest           : Received raw message: {"type":"PlayerJoined","playerId":"214af993-5a77-4010-8fb2-7f1eb09b95fd","playerName":"Player2","playerCount":2}
2025-06-21T00:11:00.769+05:30  INFO 33377 --- [try1] [lient-AsyncIO-4] _game.try1.GameIntegrationTest           : Received raw message: {"type":"PlayerJoined","playerId":"214af993-5a77-4010-8fb2-7f1eb09b95fd","playerName":"Player2","playerCount":2}
2025-06-21T00:11:00.769+05:30  INFO 33377 --- [try1] [lient-AsyncIO-5] _game.try1.GameIntegrationTest           : Received raw message: {"type":"PlayerJoined","playerId":"214af993-5a77-4010-8fb2-7f1eb09b95fd","playerName":"Player2","playerCount":2}
2025-06-21T00:11:00.769+05:30  INFO 33377 --- [try1] [lient-AsyncIO-6] _game.try1.GameIntegrationTest           : Received raw message: {"type":"PlayerJoined","playerId":"214af993-5a77-4010-8fb2-7f1eb09b95fd","playerName":"Player2","playerCount":2}
2025-06-21T00:11:00.769+05:30  INFO 33377 --- [try1] [lient-AsyncIO-3] _game.try1.GameIntegrationTest           : Received raw message: {"type":"PlayerJoined","playerId":"214af993-5a77-4010-8fb2-7f1eb09b95fd","playerName":"Player2","playerCount":2}
2025-06-21T00:11:01.068+05:30  INFO 33377 --- [try1] [           main] _game.try1.GameIntegrationTest           : Player 3 joining game
2025-06-21T00:11:01.071+05:30  INFO 33377 --- [try1] [lient-AsyncIO-9] _game.try1.GameIntegrationTest           : Received raw message: {"type":"PlayerJoined","playerId":"9209a7f7-e217-4c5f-9569-9c04536e42e5","playerName":"Player3","playerCount":3}
2025-06-21T00:11:01.071+05:30  INFO 33377 --- [try1] [ient-AsyncIO-10] _game.try1.GameIntegrationTest           : Received raw message: {"type":"PlayerJoined","playerId":"9209a7f7-e217-4c5f-9569-9c04536e42e5","playerName":"Player3","playerCount":3}
2025-06-21T00:11:01.072+05:30  INFO 33377 --- [try1] [lient-AsyncIO-7] _game.try1.GameIntegrationTest           : Received raw message: {"type":"PlayerJoined","playerId":"9209a7f7-e217-4c5f-9569-9c04536e42e5","playerName":"Player3","playerCount":3}
2025-06-21T00:11:01.072+05:30  INFO 33377 --- [try1] [ient-AsyncIO-11] _game.try1.GameIntegrationTest           : Received raw message: {"type":"PlayerJoined","playerId":"9209a7f7-e217-4c5f-9569-9c04536e42e5","playerName":"Player3","playerCount":3}
2025-06-21T00:11:01.072+05:30  INFO 33377 --- [try1] [ient-AsyncIO-12] _game.try1.GameIntegrationTest           : Received raw message: {"type":"PlayerJoined","playerId":"9209a7f7-e217-4c5f-9569-9c04536e42e5","playerName":"Player3","playerCount":3}
2025-06-21T00:11:01.374+05:30  INFO 33377 --- [try1] [           main] _game.try1.GameIntegrationTest           : Player 4 joining game
2025-06-21T00:11:01.381+05:30  INFO 33377 --- [try1] [lient-AsyncIO-5] _game.try1.GameIntegrationTest           : Received raw message: {"type":"PlayerJoined","playerId":"3cc89f1d-94b7-4b6a-9c19-74104d1007ae","playerName":"Player4","playerCount":4}
2025-06-21T00:11:01.381+05:30  INFO 33377 --- [try1] [lient-AsyncIO-3] _game.try1.GameIntegrationTest           : Received raw message: {"type":"PlayerJoined","playerId":"3cc89f1d-94b7-4b6a-9c19-74104d1007ae","playerName":"Player4","playerCount":4}
2025-06-21T00:11:01.381+05:30  INFO 33377 --- [try1] [lient-AsyncIO-6] _game.try1.GameIntegrationTest           : Received raw message: {"type":"PlayerJoined","playerId":"3cc89f1d-94b7-4b6a-9c19-74104d1007ae","playerName":"Player4","playerCount":4}
2025-06-21T00:11:01.381+05:30  INFO 33377 --- [try1] [lient-AsyncIO-8] _game.try1.GameIntegrationTest           : Received raw message: {"type":"PlayerJoined","playerId":"3cc89f1d-94b7-4b6a-9c19-74104d1007ae","playerName":"Player4","playerCount":4}
2025-06-21T00:11:01.381+05:30  INFO 33377 --- [try1] [lient-AsyncIO-1] _game.try1.GameIntegrationTest           : Received raw message: {"type":"PlayerJoined","playerId":"3cc89f1d-94b7-4b6a-9c19-74104d1007ae","playerName":"Player4","playerCount":4}
2025-06-21T00:11:01.680+05:30  INFO 33377 --- [try1] [           main] _game.try1.GameIntegrationTest           : Player 5 joining game
2025-06-21T00:11:01.692+05:30  INFO 33377 --- [try1] [lient-AsyncIO-2] _game.try1.GameIntegrationTest           : Received raw message: {"type":"PlayerJoined","playerId":"d6dfcd8e-4569-4a1b-8ac0-9b4becac8310","playerName":"Player5","playerCount":5}
2025-06-21T00:11:01.692+05:30  INFO 33377 --- [try1] [ient-AsyncIO-12] _game.try1.GameIntegrationTest           : Received raw message: {"type":"PlayerJoined","playerId":"d6dfcd8e-4569-4a1b-8ac0-9b4becac8310","playerName":"Player5","playerCount":5}
2025-06-21T00:11:01.693+05:30  INFO 33377 --- [try1] [ient-AsyncIO-11] _game.try1.GameIntegrationTest           : Received raw message: {"type":"PlayerJoined","playerId":"d6dfcd8e-4569-4a1b-8ac0-9b4becac8310","playerName":"Player5","playerCount":5}
2025-06-21T00:11:01.693+05:30  INFO 33377 --- [try1] [ient-AsyncIO-10] _game.try1.GameIntegrationTest           : Received raw message: {"type":"PlayerJoined","playerId":"d6dfcd8e-4569-4a1b-8ac0-9b4becac8310","playerName":"Player5","playerCount":5}
2025-06-21T00:11:01.693+05:30  INFO 33377 --- [try1] [lient-AsyncIO-9] _game.try1.GameIntegrationTest           : Received raw message: {"type":"PlayerJoined","playerId":"d6dfcd8e-4569-4a1b-8ac0-9b4becac8310","playerName":"Player5","playerCount":5}
2025-06-21T00:11:01.872+05:30  INFO 33377 --- [try1] [lient-AsyncIO-6] _game.try1.GameIntegrationTest           : Received raw message: {"type":"GameStateUpdate","gameState":{"gameId":"DHABYC","phase":"BIDDING","players":[{"id":"ac23cc78-4b55-4b99-8310-d07f3312f3e3","name":"Player1","team":"UNASSIGNED","isCaller":false,"handCount":4,"hasPassed":false,"isConnected":true},{"id":"214af993-5a77-4010-8fb2-7f1eb09b95fd","name":"Player2","team":"UNASSIGNED","isCaller":false,"handCount":4,"hasPassed":false,"isConnected":true},{"id":"9209a7f7-e217-4c5f-9569-9c04536e42e5","name":"Player3","team":"UNASSIGNED","isCaller":false,"handCount":4,"hasPassed":false,"isConnected":true},{"id":"3cc89f1d-94b7-4b6a-9c19-74104d1007ae","name":"Player4","team":"UNASSIGNED","isCaller":false,"handCount":4,"hasPassed":false,"isConnected":true},{"id":"d6dfcd8e-4569-4a1b-8ac0-9b4becac8310","name":"Player5","team":"UNASSIGNED","isCaller":false,"handCount":4,"hasPassed":false,"isConnected":true}],"currentPlayerIndex":0,"bidHistory":[],"winningBid":0,"callerId":null,"trumpSuit":null,"friendCards":[],"currentTrick":{"plays":[],"leadPlayerId":null,"winnerId":null,"isComplete":false,"totalPoints":0},"completedTricks":0,"callerTeamPoints":0,"opponentTeamPoints":0,"gameWinner":null}}
2025-06-21T00:11:01.872+05:30  INFO 33377 --- [try1] [lient-AsyncIO-9] _game.try1.GameIntegrationTest           : Received raw message: {"type":"GameStateUpdate","gameState":{"gameId":"DHABYC","phase":"BIDDING","players":[{"id":"ac23cc78-4b55-4b99-8310-d07f3312f3e3","name":"Player1","team":"UNASSIGNED","isCaller":false,"handCount":4,"hasPassed":false,"isConnected":true},{"id":"214af993-5a77-4010-8fb2-7f1eb09b95fd","name":"Player2","team":"UNASSIGNED","isCaller":false,"handCount":4,"hasPassed":false,"isConnected":true},{"id":"9209a7f7-e217-4c5f-9569-9c04536e42e5","name":"Player3","team":"UNASSIGNED","isCaller":false,"handCount":4,"hasPassed":false,"isConnected":true},{"id":"3cc89f1d-94b7-4b6a-9c19-74104d1007ae","name":"Player4","team":"UNASSIGNED","isCaller":false,"handCount":4,"hasPassed":false,"isConnected":true},{"id":"d6dfcd8e-4569-4a1b-8ac0-9b4becac8310","name":"Player5","team":"UNASSIGNED","isCaller":false,"handCount":4,"hasPassed":false,"isConnected":true}],"currentPlayerIndex":0,"bidHistory":[],"winningBid":0,"callerId":null,"trumpSuit":null,"friendCards":[],"currentTrick":{"plays":[],"leadPlayerId":null,"winnerId":null,"isComplete":false,"totalPoints":0},"completedTricks":0,"callerTeamPoints":0,"opponentTeamPoints":0,"gameWinner":null}}
2025-06-21T00:11:01.872+05:30  INFO 33377 --- [try1] [ient-AsyncIO-11] _game.try1.GameIntegrationTest           : Received raw message: {"type":"GameStateUpdate","gameState":{"gameId":"DHABYC","phase":"BIDDING","players":[{"id":"ac23cc78-4b55-4b99-8310-d07f3312f3e3","name":"Player1","team":"UNASSIGNED","isCaller":false,"handCount":4,"hasPassed":false,"isConnected":true},{"id":"214af993-5a77-4010-8fb2-7f1eb09b95fd","name":"Player2","team":"UNASSIGNED","isCaller":false,"handCount":4,"hasPassed":false,"isConnected":true},{"id":"9209a7f7-e217-4c5f-9569-9c04536e42e5","name":"Player3","team":"UNASSIGNED","isCaller":false,"handCount":4,"hasPassed":false,"isConnected":true},{"id":"3cc89f1d-94b7-4b6a-9c19-74104d1007ae","name":"Player4","team":"UNASSIGNED","isCaller":false,"handCount":4,"hasPassed":false,"isConnected":true},{"id":"d6dfcd8e-4569-4a1b-8ac0-9b4becac8310","name":"Player5","team":"UNASSIGNED","isCaller":false,"handCount":4,"hasPassed":false,"isConnected":true}],"currentPlayerIndex":0,"bidHistory":[],"winningBid":0,"callerId":null,"trumpSuit":null,"friendCards":[],"currentTrick":{"plays":[],"leadPlayerId":null,"winnerId":null,"isComplete":false,"totalPoints":0},"completedTricks":0,"callerTeamPoints":0,"opponentTeamPoints":0,"gameWinner":null}}
2025-06-21T00:11:01.872+05:30  INFO 33377 --- [try1] [ient-AsyncIO-12] _game.try1.GameIntegrationTest           : Received raw message: {"type":"GameStateUpdate","gameState":{"gameId":"DHABYC","phase":"BIDDING","players":[{"id":"ac23cc78-4b55-4b99-8310-d07f3312f3e3","name":"Player1","team":"UNASSIGNED","isCaller":false,"handCount":4,"hasPassed":false,"isConnected":true},{"id":"214af993-5a77-4010-8fb2-7f1eb09b95fd","name":"Player2","team":"UNASSIGNED","isCaller":false,"handCount":4,"hasPassed":false,"isConnected":true},{"id":"9209a7f7-e217-4c5f-9569-9c04536e42e5","name":"Player3","team":"UNASSIGNED","isCaller":false,"handCount":4,"hasPassed":false,"isConnected":true},{"id":"3cc89f1d-94b7-4b6a-9c19-74104d1007ae","name":"Player4","team":"UNASSIGNED","isCaller":false,"handCount":4,"hasPassed":false,"isConnected":true},{"id":"d6dfcd8e-4569-4a1b-8ac0-9b4becac8310","name":"Player5","team":"UNASSIGNED","isCaller":false,"handCount":4,"hasPassed":false,"isConnected":true}],"currentPlayerIndex":0,"bidHistory":[],"winningBid":0,"callerId":null,"trumpSuit":null,"friendCards":[],"currentTrick":{"plays":[],"leadPlayerId":null,"winnerId":null,"isComplete":false,"totalPoints":0},"completedTricks":0,"callerTeamPoints":0,"opponentTeamPoints":0,"gameWinner":null}}
2025-06-21T00:11:01.872+05:30  INFO 33377 --- [try1] [ient-AsyncIO-10] _game.try1.GameIntegrationTest           : Received raw message: {"type":"GameStateUpdate","gameState":{"gameId":"DHABYC","phase":"BIDDING","players":[{"id":"ac23cc78-4b55-4b99-8310-d07f3312f3e3","name":"Player1","team":"UNASSIGNED","isCaller":false,"handCount":4,"hasPassed":false,"isConnected":true},{"id":"214af993-5a77-4010-8fb2-7f1eb09b95fd","name":"Player2","team":"UNASSIGNED","isCaller":false,"handCount":4,"hasPassed":false,"isConnected":true},{"id":"9209a7f7-e217-4c5f-9569-9c04536e42e5","name":"Player3","team":"UNASSIGNED","isCaller":false,"handCount":4,"hasPassed":false,"isConnected":true},{"id":"3cc89f1d-94b7-4b6a-9c19-74104d1007ae","name":"Player4","team":"UNASSIGNED","isCaller":false,"handCount":4,"hasPassed":false,"isConnected":true},{"id":"d6dfcd8e-4569-4a1b-8ac0-9b4becac8310","name":"Player5","team":"UNASSIGNED","isCaller":false,"handCount":4,"hasPassed":false,"isConnected":true}],"currentPlayerIndex":0,"bidHistory":[],"winningBid":0,"callerId":null,"trumpSuit":null,"friendCards":[],"currentTrick":{"plays":[],"leadPlayerId":null,"winnerId":null,"isComplete":false,"totalPoints":0},"completedTricks":0,"callerTeamPoints":0,"opponentTeamPoints":0,"gameWinner":null}}
2025-06-21T00:11:02.993+05:30  INFO 33377 --- [try1] [           main] _game.try1.GameIntegrationTest           : Player 1 bidding: 160
2025-06-21T00:11:03.014+05:30  INFO 33377 --- [try1] [lient-AsyncIO-4] _game.try1.GameIntegrationTest           : Received raw message: {"type":"BidPlaced","playerId":"ac23cc78-4b55-4b99-8310-d07f3312f3e3","bid":160,"nextPlayerId":"214af993-5a77-4010-8fb2-7f1eb09b95fd"}
2025-06-21T00:11:03.014+05:30  INFO 33377 --- [try1] [lient-AsyncIO-7] _game.try1.GameIntegrationTest           : Received raw message: {"type":"BidPlaced","playerId":"ac23cc78-4b55-4b99-8310-d07f3312f3e3","bid":160,"nextPlayerId":"214af993-5a77-4010-8fb2-7f1eb09b95fd"}
2025-06-21T00:11:03.014+05:30  INFO 33377 --- [try1] [lient-AsyncIO-3] _game.try1.GameIntegrationTest           : Received raw message: {"type":"BidPlaced","playerId":"ac23cc78-4b55-4b99-8310-d07f3312f3e3","bid":160,"nextPlayerId":"214af993-5a77-4010-8fb2-7f1eb09b95fd"}
2025-06-21T00:11:03.014+05:30  INFO 33377 --- [try1] [lient-AsyncIO-5] _game.try1.GameIntegrationTest           : Received raw message: {"type":"BidPlaced","playerId":"ac23cc78-4b55-4b99-8310-d07f3312f3e3","bid":160,"nextPlayerId":"214af993-5a77-4010-8fb2-7f1eb09b95fd"}
2025-06-21T00:11:03.014+05:30  INFO 33377 --- [try1] [lient-AsyncIO-8] _game.try1.GameIntegrationTest           : Received raw message: {"type":"BidPlaced","playerId":"ac23cc78-4b55-4b99-8310-d07f3312f3e3","bid":160,"nextPlayerId":"214af993-5a77-4010-8fb2-7f1eb09b95fd"}
2025-06-21T00:11:03.014+05:30  INFO 33377 --- [try1] [lient-AsyncIO-4] _game.try1.GameIntegrationTest           : Received raw message: {"type":"GameStateUpdate","gameState":{"gameId":"DHABYC","phase":"BIDDING","players":[{"id":"ac23cc78-4b55-4b99-8310-d07f3312f3e3","name":"Player1","team":"UNASSIGNED","isCaller":false,"handCount":4,"hasPassed":false,"isConnected":true},{"id":"214af993-5a77-4010-8fb2-7f1eb09b95fd","name":"Player2","team":"UNASSIGNED","isCaller":false,"handCount":4,"hasPassed":false,"isConnected":true},{"id":"9209a7f7-e217-4c5f-9569-9c04536e42e5","name":"Player3","team":"UNASSIGNED","isCaller":false,"handCount":4,"hasPassed":false,"isConnected":true},{"id":"3cc89f1d-94b7-4b6a-9c19-74104d1007ae","name":"Player4","team":"UNASSIGNED","isCaller":false,"handCount":4,"hasPassed":false,"isConnected":true},{"id":"d6dfcd8e-4569-4a1b-8ac0-9b4becac8310","name":"Player5","team":"UNASSIGNED","isCaller":false,"handCount":4,"hasPassed":false,"isConnected":true}],"currentPlayerIndex":1,"bidHistory":[{"playerId":"ac23cc78-4b55-4b99-8310-d07f3312f3e3","bid":160,"timestamp":1750444863007}],"winningBid":0,"callerId":null,"trumpSuit":null,"friendCards":[],"currentTrick":{"plays":[],"leadPlayerId":null,"winnerId":null,"isComplete":false,"totalPoints":0},"completedTricks":0,"callerTeamPoints":0,"opponentTeamPoints":0,"gameWinner":null}}
2025-06-21T00:11:03.015+05:30  INFO 33377 --- [try1] [lient-AsyncIO-3] _game.try1.GameIntegrationTest           : Received raw message: {"type":"GameStateUpdate","gameState":{"gameId":"DHABYC","phase":"BIDDING","players":[{"id":"ac23cc78-4b55-4b99-8310-d07f3312f3e3","name":"Player1","team":"UNASSIGNED","isCaller":false,"handCount":4,"hasPassed":false,"isConnected":true},{"id":"214af993-5a77-4010-8fb2-7f1eb09b95fd","name":"Player2","team":"UNASSIGNED","isCaller":false,"handCount":4,"hasPassed":false,"isConnected":true},{"id":"9209a7f7-e217-4c5f-9569-9c04536e42e5","name":"Player3","team":"UNASSIGNED","isCaller":false,"handCount":4,"hasPassed":false,"isConnected":true},{"id":"3cc89f1d-94b7-4b6a-9c19-74104d1007ae","name":"Player4","team":"UNASSIGNED","isCaller":false,"handCount":4,"hasPassed":false,"isConnected":true},{"id":"d6dfcd8e-4569-4a1b-8ac0-9b4becac8310","name":"Player5","team":"UNASSIGNED","isCaller":false,"handCount":4,"hasPassed":false,"isConnected":true}],"currentPlayerIndex":1,"bidHistory":[{"playerId":"ac23cc78-4b55-4b99-8310-d07f3312f3e3","bid":160,"timestamp":1750444863007}],"winningBid":0,"callerId":null,"trumpSuit":null,"friendCards":[],"currentTrick":{"plays":[],"leadPlayerId":null,"winnerId":null,"isComplete":false,"totalPoints":0},"completedTricks":0,"callerTeamPoints":0,"opponentTeamPoints":0,"gameWinner":null}}
2025-06-21T00:11:03.015+05:30  INFO 33377 --- [try1] [lient-AsyncIO-8] _game.try1.GameIntegrationTest           : Received raw message: {"type":"GameStateUpdate","gameState":{"gameId":"DHABYC","phase":"BIDDING","players":[{"id":"ac23cc78-4b55-4b99-8310-d07f3312f3e3","name":"Player1","team":"UNASSIGNED","isCaller":false,"handCount":4,"hasPassed":false,"isConnected":true},{"id":"214af993-5a77-4010-8fb2-7f1eb09b95fd","name":"Player2","team":"UNASSIGNED","isCaller":false,"handCount":4,"hasPassed":false,"isConnected":true},{"id":"9209a7f7-e217-4c5f-9569-9c04536e42e5","name":"Player3","team":"UNASSIGNED","isCaller":false,"handCount":4,"hasPassed":false,"isConnected":true},{"id":"3cc89f1d-94b7-4b6a-9c19-74104d1007ae","name":"Player4","team":"UNASSIGNED","isCaller":false,"handCount":4,"hasPassed":false,"isConnected":true},{"id":"d6dfcd8e-4569-4a1b-8ac0-9b4becac8310","name":"Player5","team":"UNASSIGNED","isCaller":false,"handCount":4,"hasPassed":false,"isConnected":true}],"currentPlayerIndex":1,"bidHistory":[{"playerId":"ac23cc78-4b55-4b99-8310-d07f3312f3e3","bid":160,"timestamp":1750444863007}],"winningBid":0,"callerId":null,"trumpSuit":null,"friendCards":[],"currentTrick":{"plays":[],"leadPlayerId":null,"winnerId":null,"isComplete":false,"totalPoints":0},"completedTricks":0,"callerTeamPoints":0,"opponentTeamPoints":0,"gameWinner":null}}
2025-06-21T00:11:03.015+05:30  INFO 33377 --- [try1] [lient-AsyncIO-7] _game.try1.GameIntegrationTest           : Received raw message: {"type":"GameStateUpdate","gameState":{"gameId":"DHABYC","phase":"BIDDING","players":[{"id":"ac23cc78-4b55-4b99-8310-d07f3312f3e3","name":"Player1","team":"UNASSIGNED","isCaller":false,"handCount":4,"hasPassed":false,"isConnected":true},{"id":"214af993-5a77-4010-8fb2-7f1eb09b95fd","name":"Player2","team":"UNASSIGNED","isCaller":false,"handCount":4,"hasPassed":false,"isConnected":true},{"id":"9209a7f7-e217-4c5f-9569-9c04536e42e5","name":"Player3","team":"UNASSIGNED","isCaller":false,"handCount":4,"hasPassed":false,"isConnected":true},{"id":"3cc89f1d-94b7-4b6a-9c19-74104d1007ae","name":"Player4","team":"UNASSIGNED","isCaller":false,"handCount":4,"hasPassed":false,"isConnected":true},{"id":"d6dfcd8e-4569-4a1b-8ac0-9b4becac8310","name":"Player5","team":"UNASSIGNED","isCaller":false,"handCount":4,"hasPassed":false,"isConnected":true}],"currentPlayerIndex":1,"bidHistory":[{"playerId":"ac23cc78-4b55-4b99-8310-d07f3312f3e3","bid":160,"timestamp":1750444863007}],"winningBid":0,"callerId":null,"trumpSuit":null,"friendCards":[],"currentTrick":{"plays":[],"leadPlayerId":null,"winnerId":null,"isComplete":false,"totalPoints":0},"completedTricks":0,"callerTeamPoints":0,"opponentTeamPoints":0,"gameWinner":null}}
2025-06-21T00:11:03.015+05:30  INFO 33377 --- [try1] [lient-AsyncIO-5] _game.try1.GameIntegrationTest           : Received raw message: {"type":"GameStateUpdate","gameState":{"gameId":"DHABYC","phase":"BIDDING","players":[{"id":"ac23cc78-4b55-4b99-8310-d07f3312f3e3","name":"Player1","team":"UNASSIGNED","isCaller":false,"handCount":4,"hasPassed":false,"isConnected":true},{"id":"214af993-5a77-4010-8fb2-7f1eb09b95fd","name":"Player2","team":"UNASSIGNED","isCaller":false,"handCount":4,"hasPassed":false,"isConnected":true},{"id":"9209a7f7-e217-4c5f-9569-9c04536e42e5","name":"Player3","team":"UNASSIGNED","isCaller":false,"handCount":4,"hasPassed":false,"isConnected":true},{"id":"3cc89f1d-94b7-4b6a-9c19-74104d1007ae","name":"Player4","team":"UNASSIGNED","isCaller":false,"handCount":4,"hasPassed":false,"isConnected":true},{"id":"d6dfcd8e-4569-4a1b-8ac0-9b4becac8310","name":"Player5","team":"UNASSIGNED","isCaller":false,"handCount":4,"hasPassed":false,"isConnected":true}],"currentPlayerIndex":1,"bidHistory":[{"playerId":"ac23cc78-4b55-4b99-8310-d07f3312f3e3","bid":160,"timestamp":1750444863007}],"winningBid":0,"callerId":null,"trumpSuit":null,"friendCards":[],"currentTrick":{"plays":[],"leadPlayerId":null,"winnerId":null,"isComplete":false,"totalPoints":0},"completedTricks":0,"callerTeamPoints":0,"opponentTeamPoints":0,"gameWinner":null}}
2025-06-21T00:11:03.505+05:30  INFO 33377 --- [try1] [           main] _game.try1.GameIntegrationTest           : Player 2 passing
2025-06-21T00:11:03.513+05:30  INFO 33377 --- [try1] [lient-AsyncIO-2] _game.try1.GameIntegrationTest           : Received raw message: {"type":"BidPlaced","playerId":"214af993-5a77-4010-8fb2-7f1eb09b95fd","bid":null,"nextPlayerId":"9209a7f7-e217-4c5f-9569-9c04536e42e5"}
2025-06-21T00:11:03.513+05:30  INFO 33377 --- [try1] [lient-AsyncIO-9] _game.try1.GameIntegrationTest           : Received raw message: {"type":"BidPlaced","playerId":"214af993-5a77-4010-8fb2-7f1eb09b95fd","bid":null,"nextPlayerId":"9209a7f7-e217-4c5f-9569-9c04536e42e5"}
2025-06-21T00:11:03.513+05:30  INFO 33377 --- [try1] [lient-AsyncIO-1] _game.try1.GameIntegrationTest           : Received raw message: {"type":"BidPlaced","playerId":"214af993-5a77-4010-8fb2-7f1eb09b95fd","bid":null,"nextPlayerId":"9209a7f7-e217-4c5f-9569-9c04536e42e5"}
2025-06-21T00:11:03.513+05:30  INFO 33377 --- [try1] [lient-AsyncIO-6] _game.try1.GameIntegrationTest           : Received raw message: {"type":"BidPlaced","playerId":"214af993-5a77-4010-8fb2-7f1eb09b95fd","bid":null,"nextPlayerId":"9209a7f7-e217-4c5f-9569-9c04536e42e5"}
2025-06-21T00:11:03.513+05:30  INFO 33377 --- [try1] [ient-AsyncIO-12] _game.try1.GameIntegrationTest           : Received raw message: {"type":"BidPlaced","playerId":"214af993-5a77-4010-8fb2-7f1eb09b95fd","bid":null,"nextPlayerId":"9209a7f7-e217-4c5f-9569-9c04536e42e5"}
2025-06-21T00:11:03.514+05:30  INFO 33377 --- [try1] [lient-AsyncIO-1] _game.try1.GameIntegrationTest           : Received raw message: {"type":"GameStateUpdate","gameState":{"gameId":"DHABYC","phase":"BIDDING","players":[{"id":"ac23cc78-4b55-4b99-8310-d07f3312f3e3","name":"Player1","team":"UNASSIGNED","isCaller":false,"handCount":4,"hasPassed":false,"isConnected":true},{"id":"214af993-5a77-4010-8fb2-7f1eb09b95fd","name":"Player2","team":"UNASSIGNED","isCaller":false,"handCount":4,"hasPassed":true,"isConnected":true},{"id":"9209a7f7-e217-4c5f-9569-9c04536e42e5","name":"Player3","team":"UNASSIGNED","isCaller":false,"handCount":4,"hasPassed":false,"isConnected":true},{"id":"3cc89f1d-94b7-4b6a-9c19-74104d1007ae","name":"Player4","team":"UNASSIGNED","isCaller":false,"handCount":4,"hasPassed":false,"isConnected":true},{"id":"d6dfcd8e-4569-4a1b-8ac0-9b4becac8310","name":"Player5","team":"UNASSIGNED","isCaller":false,"handCount":4,"hasPassed":false,"isConnected":true}],"currentPlayerIndex":2,"bidHistory":[{"playerId":"ac23cc78-4b55-4b99-8310-d07f3312f3e3","bid":160,"timestamp":1750444863007},{"playerId":"214af993-5a77-4010-8fb2-7f1eb09b95fd","bid":null,"timestamp":1750444863511}],"winningBid":0,"callerId":null,"trumpSuit":null,"friendCards":[],"currentTrick":{"plays":[],"leadPlayerId":null,"winnerId":null,"isComplete":false,"totalPoints":0},"completedTricks":0,"callerTeamPoints":0,"opponentTeamPoints":0,"gameWinner":null}}
2025-06-21T00:11:03.515+05:30  INFO 33377 --- [try1] [lient-AsyncIO-2] _game.try1.GameIntegrationTest           : Received raw message: {"type":"GameStateUpdate","gameState":{"gameId":"DHABYC","phase":"BIDDING","players":[{"id":"ac23cc78-4b55-4b99-8310-d07f3312f3e3","name":"Player1","team":"UNASSIGNED","isCaller":false,"handCount":4,"hasPassed":false,"isConnected":true},{"id":"214af993-5a77-4010-8fb2-7f1eb09b95fd","name":"Player2","team":"UNASSIGNED","isCaller":false,"handCount":4,"hasPassed":true,"isConnected":true},{"id":"9209a7f7-e217-4c5f-9569-9c04536e42e5","name":"Player3","team":"UNASSIGNED","isCaller":false,"handCount":4,"hasPassed":false,"isConnected":true},{"id":"3cc89f1d-94b7-4b6a-9c19-74104d1007ae","name":"Player4","team":"UNASSIGNED","isCaller":false,"handCount":4,"hasPassed":false,"isConnected":true},{"id":"d6dfcd8e-4569-4a1b-8ac0-9b4becac8310","name":"Player5","team":"UNASSIGNED","isCaller":false,"handCount":4,"hasPassed":false,"isConnected":true}],"currentPlayerIndex":2,"bidHistory":[{"playerId":"ac23cc78-4b55-4b99-8310-d07f3312f3e3","bid":160,"timestamp":1750444863007},{"playerId":"214af993-5a77-4010-8fb2-7f1eb09b95fd","bid":null,"timestamp":1750444863511}],"winningBid":0,"callerId":null,"trumpSuit":null,"friendCards":[],"currentTrick":{"plays":[],"leadPlayerId":null,"winnerId":null,"isComplete":false,"totalPoints":0},"completedTricks":0,"callerTeamPoints":0,"opponentTeamPoints":0,"gameWinner":null}}
2025-06-21T00:11:03.515+05:30  INFO 33377 --- [try1] [ient-AsyncIO-12] _game.try1.GameIntegrationTest           : Received raw message: {"type":"GameStateUpdate","gameState":{"gameId":"DHABYC","phase":"BIDDING","players":[{"id":"ac23cc78-4b55-4b99-8310-d07f3312f3e3","name":"Player1","team":"UNASSIGNED","isCaller":false,"handCount":4,"hasPassed":false,"isConnected":true},{"id":"214af993-5a77-4010-8fb2-7f1eb09b95fd","name":"Player2","team":"UNASSIGNED","isCaller":false,"handCount":4,"hasPassed":true,"isConnected":true},{"id":"9209a7f7-e217-4c5f-9569-9c04536e42e5","name":"Player3","team":"UNASSIGNED","isCaller":false,"handCount":4,"hasPassed":false,"isConnected":true},{"id":"3cc89f1d-94b7-4b6a-9c19-74104d1007ae","name":"Player4","team":"UNASSIGNED","isCaller":false,"handCount":4,"hasPassed":false,"isConnected":true},{"id":"d6dfcd8e-4569-4a1b-8ac0-9b4becac8310","name":"Player5","team":"UNASSIGNED","isCaller":false,"handCount":4,"hasPassed":false,"isConnected":true}],"currentPlayerIndex":2,"bidHistory":[{"playerId":"ac23cc78-4b55-4b99-8310-d07f3312f3e3","bid":160,"timestamp":1750444863007},{"playerId":"214af993-5a77-4010-8fb2-7f1eb09b95fd","bid":null,"timestamp":1750444863511}],"winningBid":0,"callerId":null,"trumpSuit":null,"friendCards":[],"currentTrick":{"plays":[],"leadPlayerId":null,"winnerId":null,"isComplete":false,"totalPoints":0},"completedTricks":0,"callerTeamPoints":0,"opponentTeamPoints":0,"gameWinner":null}}
2025-06-21T00:11:03.515+05:30  INFO 33377 --- [try1] [ient-AsyncIO-11] _game.try1.GameIntegrationTest           : Received raw message: {"type":"GameStateUpdate","gameState":{"gameId":"DHABYC","phase":"BIDDING","players":[{"id":"ac23cc78-4b55-4b99-8310-d07f3312f3e3","name":"Player1","team":"UNASSIGNED","isCaller":false,"handCount":4,"hasPassed":false,"isConnected":true},{"id":"214af993-5a77-4010-8fb2-7f1eb09b95fd","name":"Player2","team":"UNASSIGNED","isCaller":false,"handCount":4,"hasPassed":true,"isConnected":true},{"id":"9209a7f7-e217-4c5f-9569-9c04536e42e5","name":"Player3","team":"UNASSIGNED","isCaller":false,"handCount":4,"hasPassed":false,"isConnected":true},{"id":"3cc89f1d-94b7-4b6a-9c19-74104d1007ae","name":"Player4","team":"UNASSIGNED","isCaller":false,"handCount":4,"hasPassed":false,"isConnected":true},{"id":"d6dfcd8e-4569-4a1b-8ac0-9b4becac8310","name":"Player5","team":"UNASSIGNED","isCaller":false,"handCount":4,"hasPassed":false,"isConnected":true}],"currentPlayerIndex":2,"bidHistory":[{"playerId":"ac23cc78-4b55-4b99-8310-d07f3312f3e3","bid":160,"timestamp":1750444863007},{"playerId":"214af993-5a77-4010-8fb2-7f1eb09b95fd","bid":null,"timestamp":1750444863511}],"winningBid":0,"callerId":null,"trumpSuit":null,"friendCards":[],"currentTrick":{"plays":[],"leadPlayerId":null,"winnerId":null,"isComplete":false,"totalPoints":0},"completedTricks":0,"callerTeamPoints":0,"opponentTeamPoints":0,"gameWinner":null}}
2025-06-21T00:11:03.515+05:30  INFO 33377 --- [try1] [lient-AsyncIO-9] _game.try1.GameIntegrationTest           : Received raw message: {"type":"GameStateUpdate","gameState":{"gameId":"DHABYC","phase":"BIDDING","players":[{"id":"ac23cc78-4b55-4b99-8310-d07f3312f3e3","name":"Player1","team":"UNASSIGNED","isCaller":false,"handCount":4,"hasPassed":false,"isConnected":true},{"id":"214af993-5a77-4010-8fb2-7f1eb09b95fd","name":"Player2","team":"UNASSIGNED","isCaller":false,"handCount":4,"hasPassed":true,"isConnected":true},{"id":"9209a7f7-e217-4c5f-9569-9c04536e42e5","name":"Player3","team":"UNASSIGNED","isCaller":false,"handCount":4,"hasPassed":false,"isConnected":true},{"id":"3cc89f1d-94b7-4b6a-9c19-74104d1007ae","name":"Player4","team":"UNASSIGNED","isCaller":false,"handCount":4,"hasPassed":false,"isConnected":true},{"id":"d6dfcd8e-4569-4a1b-8ac0-9b4becac8310","name":"Player5","team":"UNASSIGNED","isCaller":false,"handCount":4,"hasPassed":false,"isConnected":true}],"currentPlayerIndex":2,"bidHistory":[{"playerId":"ac23cc78-4b55-4b99-8310-d07f3312f3e3","bid":160,"timestamp":1750444863007},{"playerId":"214af993-5a77-4010-8fb2-7f1eb09b95fd","bid":null,"timestamp":1750444863511}],"winningBid":0,"callerId":null,"trumpSuit":null,"friendCards":[],"currentTrick":{"plays":[],"leadPlayerId":null,"winnerId":null,"isComplete":false,"totalPoints":0},"completedTricks":0,"callerTeamPoints":0,"opponentTeamPoints":0,"gameWinner":null}}
2025-06-21T00:11:04.011+05:30  INFO 33377 --- [try1] [           main] _game.try1.GameIntegrationTest           : Player 3 passing
2025-06-21T00:11:04.018+05:30  INFO 33377 --- [try1] [lient-AsyncIO-8] _game.try1.GameIntegrationTest           : Received raw message: {"type":"BidPlaced","playerId":"9209a7f7-e217-4c5f-9569-9c04536e42e5","bid":null,"nextPlayerId":"3cc89f1d-94b7-4b6a-9c19-74104d1007ae"}
2025-06-21T00:11:04.019+05:30  INFO 33377 --- [try1] [lient-AsyncIO-7] _game.try1.GameIntegrationTest           : Received raw message: {"type":"BidPlaced","playerId":"9209a7f7-e217-4c5f-9569-9c04536e42e5","bid":null,"nextPlayerId":"3cc89f1d-94b7-4b6a-9c19-74104d1007ae"}
2025-06-21T00:11:04.019+05:30  INFO 33377 --- [try1] [lient-AsyncIO-8] _game.try1.GameIntegrationTest           : Received raw message: {"type":"GameStateUpdate","gameState":{"gameId":"DHABYC","phase":"BIDDING","players":[{"id":"ac23cc78-4b55-4b99-8310-d07f3312f3e3","name":"Player1","team":"UNASSIGNED","isCaller":false,"handCount":4,"hasPassed":false,"isConnected":true},{"id":"214af993-5a77-4010-8fb2-7f1eb09b95fd","name":"Player2","team":"UNASSIGNED","isCaller":false,"handCount":4,"hasPassed":true,"isConnected":true},{"id":"9209a7f7-e217-4c5f-9569-9c04536e42e5","name":"Player3","team":"UNASSIGNED","isCaller":false,"handCount":4,"hasPassed":true,"isConnected":true},{"id":"3cc89f1d-94b7-4b6a-9c19-74104d1007ae","name":"Player4","team":"UNASSIGNED","isCaller":false,"handCount":4,"hasPassed":false,"isConnected":true},{"id":"d6dfcd8e-4569-4a1b-8ac0-9b4becac8310","name":"Player5","team":"UNASSIGNED","isCaller":false,"handCount":4,"hasPassed":false,"isConnected":true}],"currentPlayerIndex":3,"bidHistory":[{"playerId":"ac23cc78-4b55-4b99-8310-d07f3312f3e3","bid":160,"timestamp":1750444863007},{"playerId":"214af993-5a77-4010-8fb2-7f1eb09b95fd","bid":null,"timestamp":1750444863511},{"playerId":"9209a7f7-e217-4c5f-9569-9c04536e42e5","bid":null,"timestamp":1750444864015}],"winningBid":0,"callerId":null,"trumpSuit":null,"friendCards":[],"currentTrick":{"plays":[],"leadPlayerId":null,"winnerId":null,"isComplete":false,"totalPoints":0},"completedTricks":0,"callerTeamPoints":0,"opponentTeamPoints":0,"gameWinner":null}}
2025-06-21T00:11:04.020+05:30  INFO 33377 --- [try1] [lient-AsyncIO-7] _game.try1.GameIntegrationTest           : Received raw message: {"type":"GameStateUpdate","gameState":{"gameId":"DHABYC","phase":"BIDDING","players":[{"id":"ac23cc78-4b55-4b99-8310-d07f3312f3e3","name":"Player1","team":"UNASSIGNED","isCaller":false,"handCount":4,"hasPassed":false,"isConnected":true},{"id":"214af993-5a77-4010-8fb2-7f1eb09b95fd","name":"Player2","team":"UNASSIGNED","isCaller":false,"handCount":4,"hasPassed":true,"isConnected":true},{"id":"9209a7f7-e217-4c5f-9569-9c04536e42e5","name":"Player3","team":"UNASSIGNED","isCaller":false,"handCount":4,"hasPassed":true,"isConnected":true},{"id":"3cc89f1d-94b7-4b6a-9c19-74104d1007ae","name":"Player4","team":"UNASSIGNED","isCaller":false,"handCount":4,"hasPassed":false,"isConnected":true},{"id":"d6dfcd8e-4569-4a1b-8ac0-9b4becac8310","name":"Player5","team":"UNASSIGNED","isCaller":false,"handCount":4,"hasPassed":false,"isConnected":true}],"currentPlayerIndex":3,"bidHistory":[{"playerId":"ac23cc78-4b55-4b99-8310-d07f3312f3e3","bid":160,"timestamp":1750444863007},{"playerId":"214af993-5a77-4010-8fb2-7f1eb09b95fd","bid":null,"timestamp":1750444863511},{"playerId":"9209a7f7-e217-4c5f-9569-9c04536e42e5","bid":null,"timestamp":1750444864015}],"winningBid":0,"callerId":null,"trumpSuit":null,"friendCards":[],"currentTrick":{"plays":[],"leadPlayerId":null,"winnerId":null,"isComplete":false,"totalPoints":0},"completedTricks":0,"callerTeamPoints":0,"opponentTeamPoints":0,"gameWinner":null}}
2025-06-21T00:11:04.019+05:30  INFO 33377 --- [try1] [lient-AsyncIO-5] _game.try1.GameIntegrationTest           : Received raw message: {"type":"BidPlaced","playerId":"9209a7f7-e217-4c5f-9569-9c04536e42e5","bid":null,"nextPlayerId":"3cc89f1d-94b7-4b6a-9c19-74104d1007ae"}
2025-06-21T00:11:04.020+05:30  INFO 33377 --- [try1] [lient-AsyncIO-8] _game.try1.GameIntegrationTest           : Received raw message: {"type":"BidPlaced","playerId":"9209a7f7-e217-4c5f-9569-9c04536e42e5","bid":null,"nextPlayerId":"3cc89f1d-94b7-4b6a-9c19-74104d1007ae"}
2025-06-21T00:11:04.020+05:30  INFO 33377 --- [try1] [lient-AsyncIO-5] _game.try1.GameIntegrationTest           : Received raw message: {"type":"GameStateUpdate","gameState":{"gameId":"DHABYC","phase":"BIDDING","players":[{"id":"ac23cc78-4b55-4b99-8310-d07f3312f3e3","name":"Player1","team":"UNASSIGNED","isCaller":false,"handCount":4,"hasPassed":false,"isConnected":true},{"id":"214af993-5a77-4010-8fb2-7f1eb09b95fd","name":"Player2","team":"UNASSIGNED","isCaller":false,"handCount":4,"hasPassed":true,"isConnected":true},{"id":"9209a7f7-e217-4c5f-9569-9c04536e42e5","name":"Player3","team":"UNASSIGNED","isCaller":false,"handCount":4,"hasPassed":true,"isConnected":true},{"id":"3cc89f1d-94b7-4b6a-9c19-74104d1007ae","name":"Player4","team":"UNASSIGNED","isCaller":false,"handCount":4,"hasPassed":false,"isConnected":true},{"id":"d6dfcd8e-4569-4a1b-8ac0-9b4becac8310","name":"Player5","team":"UNASSIGNED","isCaller":false,"handCount":4,"hasPassed":false,"isConnected":true}],"currentPlayerIndex":3,"bidHistory":[{"playerId":"ac23cc78-4b55-4b99-8310-d07f3312f3e3","bid":160,"timestamp":1750444863007},{"playerId":"214af993-5a77-4010-8fb2-7f1eb09b95fd","bid":null,"timestamp":1750444863511},{"playerId":"9209a7f7-e217-4c5f-9569-9c04536e42e5","bid":null,"timestamp":1750444864015}],"winningBid":0,"callerId":null,"trumpSuit":null,"friendCards":[],"currentTrick":{"plays":[],"leadPlayerId":null,"winnerId":null,"isComplete":false,"totalPoints":0},"completedTricks":0,"callerTeamPoints":0,"opponentTeamPoints":0,"gameWinner":null}}
2025-06-21T00:11:04.020+05:30  INFO 33377 --- [try1] [lient-AsyncIO-8] _game.try1.GameIntegrationTest           : Received raw message: {"type":"GameStateUpdate","gameState":{"gameId":"DHABYC","phase":"BIDDING","players":[{"id":"ac23cc78-4b55-4b99-8310-d07f3312f3e3","name":"Player1","team":"UNASSIGNED","isCaller":false,"handCount":4,"hasPassed":false,"isConnected":true},{"id":"214af993-5a77-4010-8fb2-7f1eb09b95fd","name":"Player2","team":"UNASSIGNED","isCaller":false,"handCount":4,"hasPassed":true,"isConnected":true},{"id":"9209a7f7-e217-4c5f-9569-9c04536e42e5","name":"Player3","team":"UNASSIGNED","isCaller":false,"handCount":4,"hasPassed":true,"isConnected":true},{"id":"3cc89f1d-94b7-4b6a-9c19-74104d1007ae","name":"Player4","team":"UNASSIGNED","isCaller":false,"handCount":4,"hasPassed":false,"isConnected":true},{"id":"d6dfcd8e-4569-4a1b-8ac0-9b4becac8310","name":"Player5","team":"UNASSIGNED","isCaller":false,"handCount":4,"hasPassed":false,"isConnected":true}],"currentPlayerIndex":3,"bidHistory":[{"playerId":"ac23cc78-4b55-4b99-8310-d07f3312f3e3","bid":160,"timestamp":1750444863007},{"playerId":"214af993-5a77-4010-8fb2-7f1eb09b95fd","bid":null,"timestamp":1750444863511},{"playerId":"9209a7f7-e217-4c5f-9569-9c04536e42e5","bid":null,"timestamp":1750444864015}],"winningBid":0,"callerId":null,"trumpSuit":null,"friendCards":[],"currentTrick":{"plays":[],"leadPlayerId":null,"winnerId":null,"isComplete":false,"totalPoints":0},"completedTricks":0,"callerTeamPoints":0,"opponentTeamPoints":0,"gameWinner":null}}
2025-06-21T00:11:04.021+05:30  INFO 33377 --- [try1] [lient-AsyncIO-4] _game.try1.GameIntegrationTest           : Received raw message: {"type":"BidPlaced","playerId":"9209a7f7-e217-4c5f-9569-9c04536e42e5","bid":null,"nextPlayerId":"3cc89f1d-94b7-4b6a-9c19-74104d1007ae"}
2025-06-21T00:11:04.021+05:30  INFO 33377 --- [try1] [lient-AsyncIO-4] _game.try1.GameIntegrationTest           : Received raw message: {"type":"GameStateUpdate","gameState":{"gameId":"DHABYC","phase":"BIDDING","players":[{"id":"ac23cc78-4b55-4b99-8310-d07f3312f3e3","name":"Player1","team":"UNASSIGNED","isCaller":false,"handCount":4,"hasPassed":false,"isConnected":true},{"id":"214af993-5a77-4010-8fb2-7f1eb09b95fd","name":"Player2","team":"UNASSIGNED","isCaller":false,"handCount":4,"hasPassed":true,"isConnected":true},{"id":"9209a7f7-e217-4c5f-9569-9c04536e42e5","name":"Player3","team":"UNASSIGNED","isCaller":false,"handCount":4,"hasPassed":true,"isConnected":true},{"id":"3cc89f1d-94b7-4b6a-9c19-74104d1007ae","name":"Player4","team":"UNASSIGNED","isCaller":false,"handCount":4,"hasPassed":false,"isConnected":true},{"id":"d6dfcd8e-4569-4a1b-8ac0-9b4becac8310","name":"Player5","team":"UNASSIGNED","isCaller":false,"handCount":4,"hasPassed":false,"isConnected":true}],"currentPlayerIndex":3,"bidHistory":[{"playerId":"ac23cc78-4b55-4b99-8310-d07f3312f3e3","bid":160,"timestamp":1750444863007},{"playerId":"214af993-5a77-4010-8fb2-7f1eb09b95fd","bid":null,"timestamp":1750444863511},{"playerId":"9209a7f7-e217-4c5f-9569-9c04536e42e5","bid":null,"timestamp":1750444864015}],"winningBid":0,"callerId":null,"trumpSuit":null,"friendCards":[],"currentTrick":{"plays":[],"leadPlayerId":null,"winnerId":null,"isComplete":false,"totalPoints":0},"completedTricks":0,"callerTeamPoints":0,"opponentTeamPoints":0,"gameWinner":null}}
2025-06-21T00:11:04.515+05:30  INFO 33377 --- [try1] [           main] _game.try1.GameIntegrationTest           : Player 4 passing
2025-06-21T00:11:04.523+05:30  INFO 33377 --- [try1] [lient-AsyncIO-7] _game.try1.GameIntegrationTest           : Received raw message: {"type":"BidPlaced","playerId":"3cc89f1d-94b7-4b6a-9c19-74104d1007ae","bid":null,"nextPlayerId":"d6dfcd8e-4569-4a1b-8ac0-9b4becac8310"}
2025-06-21T00:11:04.524+05:30  INFO 33377 --- [try1] [ient-AsyncIO-11] _game.try1.GameIntegrationTest           : Received raw message: {"type":"BidPlaced","playerId":"3cc89f1d-94b7-4b6a-9c19-74104d1007ae","bid":null,"nextPlayerId":"d6dfcd8e-4569-4a1b-8ac0-9b4becac8310"}
2025-06-21T00:11:04.524+05:30  INFO 33377 --- [try1] [lient-AsyncIO-9] _game.try1.GameIntegrationTest           : Received raw message: {"type":"BidPlaced","playerId":"3cc89f1d-94b7-4b6a-9c19-74104d1007ae","bid":null,"nextPlayerId":"d6dfcd8e-4569-4a1b-8ac0-9b4becac8310"}
2025-06-21T00:11:04.524+05:30  INFO 33377 --- [try1] [ient-AsyncIO-11] _game.try1.GameIntegrationTest           : Received raw message: {"type":"GameStateUpdate","gameState":{"gameId":"DHABYC","phase":"BIDDING","players":[{"id":"ac23cc78-4b55-4b99-8310-d07f3312f3e3","name":"Player1","team":"UNASSIGNED","isCaller":false,"handCount":4,"hasPassed":false,"isConnected":true},{"id":"214af993-5a77-4010-8fb2-7f1eb09b95fd","name":"Player2","team":"UNASSIGNED","isCaller":false,"handCount":4,"hasPassed":true,"isConnected":true},{"id":"9209a7f7-e217-4c5f-9569-9c04536e42e5","name":"Player3","team":"UNASSIGNED","isCaller":false,"handCount":4,"hasPassed":true,"isConnected":true},{"id":"3cc89f1d-94b7-4b6a-9c19-74104d1007ae","name":"Player4","team":"UNASSIGNED","isCaller":false,"handCount":4,"hasPassed":true,"isConnected":true},{"id":"d6dfcd8e-4569-4a1b-8ac0-9b4becac8310","name":"Player5","team":"UNASSIGNED","isCaller":false,"handCount":4,"hasPassed":false,"isConnected":true}],"currentPlayerIndex":4,"bidHistory":[{"playerId":"ac23cc78-4b55-4b99-8310-d07f3312f3e3","bid":160,"timestamp":1750444863007},{"playerId":"214af993-5a77-4010-8fb2-7f1eb09b95fd","bid":null,"timestamp":1750444863511},{"playerId":"9209a7f7-e217-4c5f-9569-9c04536e42e5","bid":null,"timestamp":1750444864015},{"playerId":"3cc89f1d-94b7-4b6a-9c19-74104d1007ae","bid":null,"timestamp":1750444864519}],"winningBid":0,"callerId":null,"trumpSuit":null,"friendCards":[],"currentTrick":{"plays":[],"leadPlayerId":null,"winnerId":null,"isComplete":false,"totalPoints":0},"completedTricks":0,"callerTeamPoints":0,"opponentTeamPoints":0,"gameWinner":null}}
2025-06-21T00:11:04.525+05:30  INFO 33377 --- [try1] [lient-AsyncIO-9] _game.try1.GameIntegrationTest           : Received raw message: {"type":"GameStateUpdate","gameState":{"gameId":"DHABYC","phase":"BIDDING","players":[{"id":"ac23cc78-4b55-4b99-8310-d07f3312f3e3","name":"Player1","team":"UNASSIGNED","isCaller":false,"handCount":4,"hasPassed":false,"isConnected":true},{"id":"214af993-5a77-4010-8fb2-7f1eb09b95fd","name":"Player2","team":"UNASSIGNED","isCaller":false,"handCount":4,"hasPassed":true,"isConnected":true},{"id":"9209a7f7-e217-4c5f-9569-9c04536e42e5","name":"Player3","team":"UNASSIGNED","isCaller":false,"handCount":4,"hasPassed":true,"isConnected":true},{"id":"3cc89f1d-94b7-4b6a-9c19-74104d1007ae","name":"Player4","team":"UNASSIGNED","isCaller":false,"handCount":4,"hasPassed":true,"isConnected":true},{"id":"d6dfcd8e-4569-4a1b-8ac0-9b4becac8310","name":"Player5","team":"UNASSIGNED","isCaller":false,"handCount":4,"hasPassed":false,"isConnected":true}],"currentPlayerIndex":4,"bidHistory":[{"playerId":"ac23cc78-4b55-4b99-8310-d07f3312f3e3","bid":160,"timestamp":1750444863007},{"playerId":"214af993-5a77-4010-8fb2-7f1eb09b95fd","bid":null,"timestamp":1750444863511},{"playerId":"9209a7f7-e217-4c5f-9569-9c04536e42e5","bid":null,"timestamp":1750444864015},{"playerId":"3cc89f1d-94b7-4b6a-9c19-74104d1007ae","bid":null,"timestamp":1750444864519}],"winningBid":0,"callerId":null,"trumpSuit":null,"friendCards":[],"currentTrick":{"plays":[],"leadPlayerId":null,"winnerId":null,"isComplete":false,"totalPoints":0},"completedTricks":0,"callerTeamPoints":0,"opponentTeamPoints":0,"gameWinner":null}}
2025-06-21T00:11:04.524+05:30  INFO 33377 --- [try1] [lient-AsyncIO-7] _game.try1.GameIntegrationTest           : Received raw message: {"type":"GameStateUpdate","gameState":{"gameId":"DHABYC","phase":"BIDDING","players":[{"id":"ac23cc78-4b55-4b99-8310-d07f3312f3e3","name":"Player1","team":"UNASSIGNED","isCaller":false,"handCount":4,"hasPassed":false,"isConnected":true},{"id":"214af993-5a77-4010-8fb2-7f1eb09b95fd","name":"Player2","team":"UNASSIGNED","isCaller":false,"handCount":4,"hasPassed":true,"isConnected":true},{"id":"9209a7f7-e217-4c5f-9569-9c04536e42e5","name":"Player3","team":"UNASSIGNED","isCaller":false,"handCount":4,"hasPassed":true,"isConnected":true},{"id":"3cc89f1d-94b7-4b6a-9c19-74104d1007ae","name":"Player4","team":"UNASSIGNED","isCaller":false,"handCount":4,"hasPassed":true,"isConnected":true},{"id":"d6dfcd8e-4569-4a1b-8ac0-9b4becac8310","name":"Player5","team":"UNASSIGNED","isCaller":false,"handCount":4,"hasPassed":false,"isConnected":true}],"currentPlayerIndex":4,"bidHistory":[{"playerId":"ac23cc78-4b55-4b99-8310-d07f3312f3e3","bid":160,"timestamp":1750444863007},{"playerId":"214af993-5a77-4010-8fb2-7f1eb09b95fd","bid":null,"timestamp":1750444863511},{"playerId":"9209a7f7-e217-4c5f-9569-9c04536e42e5","bid":null,"timestamp":1750444864015},{"playerId":"3cc89f1d-94b7-4b6a-9c19-74104d1007ae","bid":null,"timestamp":1750444864519}],"winningBid":0,"callerId":null,"trumpSuit":null,"friendCards":[],"currentTrick":{"plays":[],"leadPlayerId":null,"winnerId":null,"isComplete":false,"totalPoints":0},"completedTricks":0,"callerTeamPoints":0,"opponentTeamPoints":0,"gameWinner":null}}
2025-06-21T00:11:04.525+05:30  INFO 33377 --- [try1] [ient-AsyncIO-12] _game.try1.GameIntegrationTest           : Received raw message: {"type":"BidPlaced","playerId":"3cc89f1d-94b7-4b6a-9c19-74104d1007ae","bid":null,"nextPlayerId":"d6dfcd8e-4569-4a1b-8ac0-9b4becac8310"}
2025-06-21T00:11:04.525+05:30  INFO 33377 --- [try1] [ient-AsyncIO-10] _game.try1.GameIntegrationTest           : Received raw message: {"type":"BidPlaced","playerId":"3cc89f1d-94b7-4b6a-9c19-74104d1007ae","bid":null,"nextPlayerId":"d6dfcd8e-4569-4a1b-8ac0-9b4becac8310"}
2025-06-21T00:11:04.526+05:30  INFO 33377 --- [try1] [ient-AsyncIO-12] _game.try1.GameIntegrationTest           : Received raw message: {"type":"GameStateUpdate","gameState":{"gameId":"DHABYC","phase":"BIDDING","players":[{"id":"ac23cc78-4b55-4b99-8310-d07f3312f3e3","name":"Player1","team":"UNASSIGNED","isCaller":false,"handCount":4,"hasPassed":false,"isConnected":true},{"id":"214af993-5a77-4010-8fb2-7f1eb09b95fd","name":"Player2","team":"UNASSIGNED","isCaller":false,"handCount":4,"hasPassed":true,"isConnected":true},{"id":"9209a7f7-e217-4c5f-9569-9c04536e42e5","name":"Player3","team":"UNASSIGNED","isCaller":false,"handCount":4,"hasPassed":true,"isConnected":true},{"id":"3cc89f1d-94b7-4b6a-9c19-74104d1007ae","name":"Player4","team":"UNASSIGNED","isCaller":false,"handCount":4,"hasPassed":true,"isConnected":true},{"id":"d6dfcd8e-4569-4a1b-8ac0-9b4becac8310","name":"Player5","team":"UNASSIGNED","isCaller":false,"handCount":4,"hasPassed":false,"isConnected":true}],"currentPlayerIndex":4,"bidHistory":[{"playerId":"ac23cc78-4b55-4b99-8310-d07f3312f3e3","bid":160,"timestamp":1750444863007},{"playerId":"214af993-5a77-4010-8fb2-7f1eb09b95fd","bid":null,"timestamp":1750444863511},{"playerId":"9209a7f7-e217-4c5f-9569-9c04536e42e5","bid":null,"timestamp":1750444864015},{"playerId":"3cc89f1d-94b7-4b6a-9c19-74104d1007ae","bid":null,"timestamp":1750444864519}],"winningBid":0,"callerId":null,"trumpSuit":null,"friendCards":[],"currentTrick":{"plays":[],"leadPlayerId":null,"winnerId":null,"isComplete":false,"totalPoints":0},"completedTricks":0,"callerTeamPoints":0,"opponentTeamPoints":0,"gameWinner":null}}
2025-06-21T00:11:04.526+05:30  INFO 33377 --- [try1] [ient-AsyncIO-10] _game.try1.GameIntegrationTest           : Received raw message: {"type":"GameStateUpdate","gameState":{"gameId":"DHABYC","phase":"BIDDING","players":[{"id":"ac23cc78-4b55-4b99-8310-d07f3312f3e3","name":"Player1","team":"UNASSIGNED","isCaller":false,"handCount":4,"hasPassed":false,"isConnected":true},{"id":"214af993-5a77-4010-8fb2-7f1eb09b95fd","name":"Player2","team":"UNASSIGNED","isCaller":false,"handCount":4,"hasPassed":true,"isConnected":true},{"id":"9209a7f7-e217-4c5f-9569-9c04536e42e5","name":"Player3","team":"UNASSIGNED","isCaller":false,"handCount":4,"hasPassed":true,"isConnected":true},{"id":"3cc89f1d-94b7-4b6a-9c19-74104d1007ae","name":"Player4","team":"UNASSIGNED","isCaller":false,"handCount":4,"hasPassed":true,"isConnected":true},{"id":"d6dfcd8e-4569-4a1b-8ac0-9b4becac8310","name":"Player5","team":"UNASSIGNED","isCaller":false,"handCount":4,"hasPassed":false,"isConnected":true}],"currentPlayerIndex":4,"bidHistory":[{"playerId":"ac23cc78-4b55-4b99-8310-d07f3312f3e3","bid":160,"timestamp":1750444863007},{"playerId":"214af993-5a77-4010-8fb2-7f1eb09b95fd","bid":null,"timestamp":1750444863511},{"playerId":"9209a7f7-e217-4c5f-9569-9c04536e42e5","bid":null,"timestamp":1750444864015},{"playerId":"3cc89f1d-94b7-4b6a-9c19-74104d1007ae","bid":null,"timestamp":1750444864519}],"winningBid":0,"callerId":null,"trumpSuit":null,"friendCards":[],"currentTrick":{"plays":[],"leadPlayerId":null,"winnerId":null,"isComplete":false,"totalPoints":0},"completedTricks":0,"callerTeamPoints":0,"opponentTeamPoints":0,"gameWinner":null}}
2025-06-21T00:11:05.022+05:30  INFO 33377 --- [try1] [           main] _game.try1.GameIntegrationTest           : Player 5 passing
2025-06-21T00:11:05.033+05:30  INFO 33377 --- [try1] [ient-AsyncIO-10] _game.try1.GameIntegrationTest           : Received raw message: {"type":"BidPlaced","playerId":"d6dfcd8e-4569-4a1b-8ac0-9b4becac8310","bid":null,"nextPlayerId":null}
2025-06-21T00:11:05.033+05:30  INFO 33377 --- [try1] [lient-AsyncIO-9] _game.try1.GameIntegrationTest           : Received raw message: {"type":"BidPlaced","playerId":"d6dfcd8e-4569-4a1b-8ac0-9b4becac8310","bid":null,"nextPlayerId":null}
2025-06-21T00:11:05.034+05:30  INFO 33377 --- [try1] [ient-AsyncIO-10] _game.try1.GameIntegrationTest           : Received raw message: {"type":"GameStateUpdate","gameState":{"gameId":"DHABYC","phase":"FRIEND_SELECTION","players":[{"id":"ac23cc78-4b55-4b99-8310-d07f3312f3e3","name":"Player1","team":"UNASSIGNED","isCaller":true,"handCount":8,"hasPassed":false,"isConnected":true},{"id":"214af993-5a77-4010-8fb2-7f1eb09b95fd","name":"Player2","team":"UNASSIGNED","isCaller":false,"handCount":8,"hasPassed":true,"isConnected":true},{"id":"9209a7f7-e217-4c5f-9569-9c04536e42e5","name":"Player3","team":"UNASSIGNED","isCaller":false,"handCount":8,"hasPassed":true,"isConnected":true},{"id":"3cc89f1d-94b7-4b6a-9c19-74104d1007ae","name":"Player4","team":"UNASSIGNED","isCaller":false,"handCount":8,"hasPassed":true,"isConnected":true},{"id":"d6dfcd8e-4569-4a1b-8ac0-9b4becac8310","name":"Player5","team":"UNASSIGNED","isCaller":false,"handCount":8,"hasPassed":true,"isConnected":true}],"currentPlayerIndex":0,"bidHistory":[{"playerId":"ac23cc78-4b55-4b99-8310-d07f3312f3e3","bid":160,"timestamp":1750444863007},{"playerId":"214af993-5a77-4010-8fb2-7f1eb09b95fd","bid":null,"timestamp":1750444863511},{"playerId":"9209a7f7-e217-4c5f-9569-9c04536e42e5","bid":null,"timestamp":1750444864015},{"playerId":"3cc89f1d-94b7-4b6a-9c19-74104d1007ae","bid":null,"timestamp":1750444864519},{"playerId":"d6dfcd8e-4569-4a1b-8ac0-9b4becac8310","bid":null,"timestamp":1750444865027}],"winningBid":160,"callerId":"ac23cc78-4b55-4b99-8310-d07f3312f3e3","trumpSuit":null,"friendCards":[],"currentTrick":{"plays":[],"leadPlayerId":null,"winnerId":null,"isComplete":false,"totalPoints":0},"completedTricks":0,"callerTeamPoints":0,"opponentTeamPoints":0,"gameWinner":null}}
2025-06-21T00:11:05.033+05:30  INFO 33377 --- [try1] [ient-AsyncIO-12] _game.try1.GameIntegrationTest           : Received raw message: {"type":"BidPlaced","playerId":"d6dfcd8e-4569-4a1b-8ac0-9b4becac8310","bid":null,"nextPlayerId":null}
2025-06-21T00:11:05.034+05:30  INFO 33377 --- [try1] [lient-AsyncIO-9] _game.try1.GameIntegrationTest           : Received raw message: {"type":"GameStateUpdate","gameState":{"gameId":"DHABYC","phase":"FRIEND_SELECTION","players":[{"id":"ac23cc78-4b55-4b99-8310-d07f3312f3e3","name":"Player1","team":"UNASSIGNED","isCaller":true,"handCount":8,"hasPassed":false,"isConnected":true},{"id":"214af993-5a77-4010-8fb2-7f1eb09b95fd","name":"Player2","team":"UNASSIGNED","isCaller":false,"handCount":8,"hasPassed":true,"isConnected":true},{"id":"9209a7f7-e217-4c5f-9569-9c04536e42e5","name":"Player3","team":"UNASSIGNED","isCaller":false,"handCount":8,"hasPassed":true,"isConnected":true},{"id":"3cc89f1d-94b7-4b6a-9c19-74104d1007ae","name":"Player4","team":"UNASSIGNED","isCaller":false,"handCount":8,"hasPassed":true,"isConnected":true},{"id":"d6dfcd8e-4569-4a1b-8ac0-9b4becac8310","name":"Player5","team":"UNASSIGNED","isCaller":false,"handCount":8,"hasPassed":true,"isConnected":true}],"currentPlayerIndex":0,"bidHistory":[{"playerId":"ac23cc78-4b55-4b99-8310-d07f3312f3e3","bid":160,"timestamp":1750444863007},{"playerId":"214af993-5a77-4010-8fb2-7f1eb09b95fd","bid":null,"timestamp":1750444863511},{"playerId":"9209a7f7-e217-4c5f-9569-9c04536e42e5","bid":null,"timestamp":1750444864015},{"playerId":"3cc89f1d-94b7-4b6a-9c19-74104d1007ae","bid":null,"timestamp":1750444864519},{"playerId":"d6dfcd8e-4569-4a1b-8ac0-9b4becac8310","bid":null,"timestamp":1750444865027}],"winningBid":160,"callerId":"ac23cc78-4b55-4b99-8310-d07f3312f3e3","trumpSuit":null,"friendCards":[],"currentTrick":{"plays":[],"leadPlayerId":null,"winnerId":null,"isComplete":false,"totalPoints":0},"completedTricks":0,"callerTeamPoints":0,"opponentTeamPoints":0,"gameWinner":null}}
2025-06-21T00:11:05.034+05:30  INFO 33377 --- [try1] [ient-AsyncIO-11] _game.try1.GameIntegrationTest           : Received raw message: {"type":"BidPlaced","playerId":"d6dfcd8e-4569-4a1b-8ac0-9b4becac8310","bid":null,"nextPlayerId":null}
2025-06-21T00:11:05.035+05:30  INFO 33377 --- [try1] [ient-AsyncIO-13] _game.try1.GameIntegrationTest           : Received raw message: {"type":"BidPlaced","playerId":"d6dfcd8e-4569-4a1b-8ac0-9b4becac8310","bid":null,"nextPlayerId":null}
2025-06-21T00:11:05.035+05:30  INFO 33377 --- [try1] [ient-AsyncIO-11] _game.try1.GameIntegrationTest           : Received raw message: {"type":"GameStateUpdate","gameState":{"gameId":"DHABYC","phase":"FRIEND_SELECTION","players":[{"id":"ac23cc78-4b55-4b99-8310-d07f3312f3e3","name":"Player1","team":"UNASSIGNED","isCaller":true,"handCount":8,"hasPassed":false,"isConnected":true},{"id":"214af993-5a77-4010-8fb2-7f1eb09b95fd","name":"Player2","team":"UNASSIGNED","isCaller":false,"handCount":8,"hasPassed":true,"isConnected":true},{"id":"9209a7f7-e217-4c5f-9569-9c04536e42e5","name":"Player3","team":"UNASSIGNED","isCaller":false,"handCount":8,"hasPassed":true,"isConnected":true},{"id":"3cc89f1d-94b7-4b6a-9c19-74104d1007ae","name":"Player4","team":"UNASSIGNED","isCaller":false,"handCount":8,"hasPassed":true,"isConnected":true},{"id":"d6dfcd8e-4569-4a1b-8ac0-9b4becac8310","name":"Player5","team":"UNASSIGNED","isCaller":false,"handCount":8,"hasPassed":true,"isConnected":true}],"currentPlayerIndex":0,"bidHistory":[{"playerId":"ac23cc78-4b55-4b99-8310-d07f3312f3e3","bid":160,"timestamp":1750444863007},{"playerId":"214af993-5a77-4010-8fb2-7f1eb09b95fd","bid":null,"timestamp":1750444863511},{"playerId":"9209a7f7-e217-4c5f-9569-9c04536e42e5","bid":null,"timestamp":1750444864015},{"playerId":"3cc89f1d-94b7-4b6a-9c19-74104d1007ae","bid":null,"timestamp":1750444864519},{"playerId":"d6dfcd8e-4569-4a1b-8ac0-9b4becac8310","bid":null,"timestamp":1750444865027}],"winningBid":160,"callerId":"ac23cc78-4b55-4b99-8310-d07f3312f3e3","trumpSuit":null,"friendCards":[],"currentTrick":{"plays":[],"leadPlayerId":null,"winnerId":null,"isComplete":false,"totalPoints":0},"completedTricks":0,"callerTeamPoints":0,"opponentTeamPoints":0,"gameWinner":null}}
2025-06-21T00:11:05.035+05:30  INFO 33377 --- [try1] [ient-AsyncIO-12] _game.try1.GameIntegrationTest           : Received raw message: {"type":"GameStateUpdate","gameState":{"gameId":"DHABYC","phase":"FRIEND_SELECTION","players":[{"id":"ac23cc78-4b55-4b99-8310-d07f3312f3e3","name":"Player1","team":"UNASSIGNED","isCaller":true,"handCount":8,"hasPassed":false,"isConnected":true},{"id":"214af993-5a77-4010-8fb2-7f1eb09b95fd","name":"Player2","team":"UNASSIGNED","isCaller":false,"handCount":8,"hasPassed":true,"isConnected":true},{"id":"9209a7f7-e217-4c5f-9569-9c04536e42e5","name":"Player3","team":"UNASSIGNED","isCaller":false,"handCount":8,"hasPassed":true,"isConnected":true},{"id":"3cc89f1d-94b7-4b6a-9c19-74104d1007ae","name":"Player4","team":"UNASSIGNED","isCaller":false,"handCount":8,"hasPassed":true,"isConnected":true},{"id":"d6dfcd8e-4569-4a1b-8ac0-9b4becac8310","name":"Player5","team":"UNASSIGNED","isCaller":false,"handCount":8,"hasPassed":true,"isConnected":true}],"currentPlayerIndex":0,"bidHistory":[{"playerId":"ac23cc78-4b55-4b99-8310-d07f3312f3e3","bid":160,"timestamp":1750444863007},{"playerId":"214af993-5a77-4010-8fb2-7f1eb09b95fd","bid":null,"timestamp":1750444863511},{"playerId":"9209a7f7-e217-4c5f-9569-9c04536e42e5","bid":null,"timestamp":1750444864015},{"playerId":"3cc89f1d-94b7-4b6a-9c19-74104d1007ae","bid":null,"timestamp":1750444864519},{"playerId":"d6dfcd8e-4569-4a1b-8ac0-9b4becac8310","bid":null,"timestamp":1750444865027}],"winningBid":160,"callerId":"ac23cc78-4b55-4b99-8310-d07f3312f3e3","trumpSuit":null,"friendCards":[],"currentTrick":{"plays":[],"leadPlayerId":null,"winnerId":null,"isComplete":false,"totalPoints":0},"completedTricks":0,"callerTeamPoints":0,"opponentTeamPoints":0,"gameWinner":null}}
2025-06-21T00:11:05.036+05:30  INFO 33377 --- [try1] [ient-AsyncIO-13] _game.try1.GameIntegrationTest           : Received raw message: {"type":"GameStateUpdate","gameState":{"gameId":"DHABYC","phase":"FRIEND_SELECTION","players":[{"id":"ac23cc78-4b55-4b99-8310-d07f3312f3e3","name":"Player1","team":"UNASSIGNED","isCaller":true,"handCount":8,"hasPassed":false,"isConnected":true},{"id":"214af993-5a77-4010-8fb2-7f1eb09b95fd","name":"Player2","team":"UNASSIGNED","isCaller":false,"handCount":8,"hasPassed":true,"isConnected":true},{"id":"9209a7f7-e217-4c5f-9569-9c04536e42e5","name":"Player3","team":"UNASSIGNED","isCaller":false,"handCount":8,"hasPassed":true,"isConnected":true},{"id":"3cc89f1d-94b7-4b6a-9c19-74104d1007ae","name":"Player4","team":"UNASSIGNED","isCaller":false,"handCount":8,"hasPassed":true,"isConnected":true},{"id":"d6dfcd8e-4569-4a1b-8ac0-9b4becac8310","name":"Player5","team":"UNASSIGNED","isCaller":false,"handCount":8,"hasPassed":true,"isConnected":true}],"currentPlayerIndex":0,"bidHistory":[{"playerId":"ac23cc78-4b55-4b99-8310-d07f3312f3e3","bid":160,"timestamp":1750444863007},{"playerId":"214af993-5a77-4010-8fb2-7f1eb09b95fd","bid":null,"timestamp":1750444863511},{"playerId":"9209a7f7-e217-4c5f-9569-9c04536e42e5","bid":null,"timestamp":1750444864015},{"playerId":"3cc89f1d-94b7-4b6a-9c19-74104d1007ae","bid":null,"timestamp":1750444864519},{"playerId":"d6dfcd8e-4569-4a1b-8ac0-9b4becac8310","bid":null,"timestamp":1750444865027}],"winningBid":160,"callerId":"ac23cc78-4b55-4b99-8310-d07f3312f3e3","trumpSuit":null,"friendCards":[],"currentTrick":{"plays":[],"leadPlayerId":null,"winnerId":null,"isComplete":false,"totalPoints":0},"completedTricks":0,"callerTeamPoints":0,"opponentTeamPoints":0,"gameWinner":null}}
2025-06-21T00:11:06.534+05:30  INFO 33377 --- [try1] [           main] _game.try1.GameIntegrationTest           : Game phase after bidding: FRIEND_SELECTION
2025-06-21T00:11:06.535+05:30  INFO 33377 --- [try1] [           main] _game.try1.GameIntegrationTest           : Caller ID: ac23cc78-4b55-4b99-8310-d07f3312f3e3
2025-06-21T00:11:06.537+05:30  INFO 33377 --- [try1] [           main] _game.try1.GameIntegrationTest           : Caller (Player 1) selecting trump suit: SPADES
2025-06-21T00:11:06.560+05:30  INFO 33377 --- [try1] [lient-AsyncIO-3] _game.try1.GameIntegrationTest           : Received raw message: {"type":"GameStateUpdate","gameState":{"gameId":"DHABYC","phase":"FRIEND_SELECTION","players":[{"id":"ac23cc78-4b55-4b99-8310-d07f3312f3e3","name":"Player1","team":"UNASSIGNED","isCaller":true,"handCount":8,"hasPassed":false,"isConnected":true},{"id":"214af993-5a77-4010-8fb2-7f1eb09b95fd","name":"Player2","team":"UNASSIGNED","isCaller":false,"handCount":8,"hasPassed":true,"isConnected":true},{"id":"9209a7f7-e217-4c5f-9569-9c04536e42e5","name":"Player3","team":"UNASSIGNED","isCaller":false,"handCount":8,"hasPassed":true,"isConnected":true},{"id":"3cc89f1d-94b7-4b6a-9c19-74104d1007ae","name":"Player4","team":"UNASSIGNED","isCaller":false,"handCount":8,"hasPassed":true,"isConnected":true},{"id":"d6dfcd8e-4569-4a1b-8ac0-9b4becac8310","name":"Player5","team":"UNASSIGNED","isCaller":false,"handCount":8,"hasPassed":true,"isConnected":true}],"currentPlayerIndex":0,"bidHistory":[{"playerId":"ac23cc78-4b55-4b99-8310-d07f3312f3e3","bid":160,"timestamp":1750444863007},{"playerId":"214af993-5a77-4010-8fb2-7f1eb09b95fd","bid":null,"timestamp":1750444863511},{"playerId":"9209a7f7-e217-4c5f-9569-9c04536e42e5","bid":null,"timestamp":1750444864015},{"playerId":"3cc89f1d-94b7-4b6a-9c19-74104d1007ae","bid":null,"timestamp":1750444864519},{"playerId":"d6dfcd8e-4569-4a1b-8ac0-9b4becac8310","bid":null,"timestamp":1750444865027}],"winningBid":160,"callerId":"ac23cc78-4b55-4b99-8310-d07f3312f3e3","trumpSuit":"SPADES","friendCards":[],"currentTrick":{"plays":[],"leadPlayerId":null,"winnerId":null,"isComplete":false,"totalPoints":0},"completedTricks":0,"callerTeamPoints":0,"opponentTeamPoints":0,"gameWinner":null}}
2025-06-21T00:11:06.560+05:30  INFO 33377 --- [try1] [lient-AsyncIO-6] _game.try1.GameIntegrationTest           : Received raw message: {"type":"GameStateUpdate","gameState":{"gameId":"DHABYC","phase":"FRIEND_SELECTION","players":[{"id":"ac23cc78-4b55-4b99-8310-d07f3312f3e3","name":"Player1","team":"UNASSIGNED","isCaller":true,"handCount":8,"hasPassed":false,"isConnected":true},{"id":"214af993-5a77-4010-8fb2-7f1eb09b95fd","name":"Player2","team":"UNASSIGNED","isCaller":false,"handCount":8,"hasPassed":true,"isConnected":true},{"id":"9209a7f7-e217-4c5f-9569-9c04536e42e5","name":"Player3","team":"UNASSIGNED","isCaller":false,"handCount":8,"hasPassed":true,"isConnected":true},{"id":"3cc89f1d-94b7-4b6a-9c19-74104d1007ae","name":"Player4","team":"UNASSIGNED","isCaller":false,"handCount":8,"hasPassed":true,"isConnected":true},{"id":"d6dfcd8e-4569-4a1b-8ac0-9b4becac8310","name":"Player5","team":"UNASSIGNED","isCaller":false,"handCount":8,"hasPassed":true,"isConnected":true}],"currentPlayerIndex":0,"bidHistory":[{"playerId":"ac23cc78-4b55-4b99-8310-d07f3312f3e3","bid":160,"timestamp":1750444863007},{"playerId":"214af993-5a77-4010-8fb2-7f1eb09b95fd","bid":null,"timestamp":1750444863511},{"playerId":"9209a7f7-e217-4c5f-9569-9c04536e42e5","bid":null,"timestamp":1750444864015},{"playerId":"3cc89f1d-94b7-4b6a-9c19-74104d1007ae","bid":null,"timestamp":1750444864519},{"playerId":"d6dfcd8e-4569-4a1b-8ac0-9b4becac8310","bid":null,"timestamp":1750444865027}],"winningBid":160,"callerId":"ac23cc78-4b55-4b99-8310-d07f3312f3e3","trumpSuit":"SPADES","friendCards":[],"currentTrick":{"plays":[],"leadPlayerId":null,"winnerId":null,"isComplete":false,"totalPoints":0},"completedTricks":0,"callerTeamPoints":0,"opponentTeamPoints":0,"gameWinner":null}}
2025-06-21T00:11:06.560+05:30  INFO 33377 --- [try1] [lient-AsyncIO-7] _game.try1.GameIntegrationTest           : Received raw message: {"type":"GameStateUpdate","gameState":{"gameId":"DHABYC","phase":"FRIEND_SELECTION","players":[{"id":"ac23cc78-4b55-4b99-8310-d07f3312f3e3","name":"Player1","team":"UNASSIGNED","isCaller":true,"handCount":8,"hasPassed":false,"isConnected":true},{"id":"214af993-5a77-4010-8fb2-7f1eb09b95fd","name":"Player2","team":"UNASSIGNED","isCaller":false,"handCount":8,"hasPassed":true,"isConnected":true},{"id":"9209a7f7-e217-4c5f-9569-9c04536e42e5","name":"Player3","team":"UNASSIGNED","isCaller":false,"handCount":8,"hasPassed":true,"isConnected":true},{"id":"3cc89f1d-94b7-4b6a-9c19-74104d1007ae","name":"Player4","team":"UNASSIGNED","isCaller":false,"handCount":8,"hasPassed":true,"isConnected":true},{"id":"d6dfcd8e-4569-4a1b-8ac0-9b4becac8310","name":"Player5","team":"UNASSIGNED","isCaller":false,"handCount":8,"hasPassed":true,"isConnected":true}],"currentPlayerIndex":0,"bidHistory":[{"playerId":"ac23cc78-4b55-4b99-8310-d07f3312f3e3","bid":160,"timestamp":1750444863007},{"playerId":"214af993-5a77-4010-8fb2-7f1eb09b95fd","bid":null,"timestamp":1750444863511},{"playerId":"9209a7f7-e217-4c5f-9569-9c04536e42e5","bid":null,"timestamp":1750444864015},{"playerId":"3cc89f1d-94b7-4b6a-9c19-74104d1007ae","bid":null,"timestamp":1750444864519},{"playerId":"d6dfcd8e-4569-4a1b-8ac0-9b4becac8310","bid":null,"timestamp":1750444865027}],"winningBid":160,"callerId":"ac23cc78-4b55-4b99-8310-d07f3312f3e3","trumpSuit":"SPADES","friendCards":[],"currentTrick":{"plays":[],"leadPlayerId":null,"winnerId":null,"isComplete":false,"totalPoints":0},"completedTricks":0,"callerTeamPoints":0,"opponentTeamPoints":0,"gameWinner":null}}
2025-06-21T00:11:06.560+05:30  INFO 33377 --- [try1] [lient-AsyncIO-5] _game.try1.GameIntegrationTest           : Received raw message: {"type":"GameStateUpdate","gameState":{"gameId":"DHABYC","phase":"FRIEND_SELECTION","players":[{"id":"ac23cc78-4b55-4b99-8310-d07f3312f3e3","name":"Player1","team":"UNASSIGNED","isCaller":true,"handCount":8,"hasPassed":false,"isConnected":true},{"id":"214af993-5a77-4010-8fb2-7f1eb09b95fd","name":"Player2","team":"UNASSIGNED","isCaller":false,"handCount":8,"hasPassed":true,"isConnected":true},{"id":"9209a7f7-e217-4c5f-9569-9c04536e42e5","name":"Player3","team":"UNASSIGNED","isCaller":false,"handCount":8,"hasPassed":true,"isConnected":true},{"id":"3cc89f1d-94b7-4b6a-9c19-74104d1007ae","name":"Player4","team":"UNASSIGNED","isCaller":false,"handCount":8,"hasPassed":true,"isConnected":true},{"id":"d6dfcd8e-4569-4a1b-8ac0-9b4becac8310","name":"Player5","team":"UNASSIGNED","isCaller":false,"handCount":8,"hasPassed":true,"isConnected":true}],"currentPlayerIndex":0,"bidHistory":[{"playerId":"ac23cc78-4b55-4b99-8310-d07f3312f3e3","bid":160,"timestamp":1750444863007},{"playerId":"214af993-5a77-4010-8fb2-7f1eb09b95fd","bid":null,"timestamp":1750444863511},{"playerId":"9209a7f7-e217-4c5f-9569-9c04536e42e5","bid":null,"timestamp":1750444864015},{"playerId":"3cc89f1d-94b7-4b6a-9c19-74104d1007ae","bid":null,"timestamp":1750444864519},{"playerId":"d6dfcd8e-4569-4a1b-8ac0-9b4becac8310","bid":null,"timestamp":1750444865027}],"winningBid":160,"callerId":"ac23cc78-4b55-4b99-8310-d07f3312f3e3","trumpSuit":"SPADES","friendCards":[],"currentTrick":{"plays":[],"leadPlayerId":null,"winnerId":null,"isComplete":false,"totalPoints":0},"completedTricks":0,"callerTeamPoints":0,"opponentTeamPoints":0,"gameWinner":null}}
2025-06-21T00:11:06.561+05:30  INFO 33377 --- [try1] [lient-AsyncIO-8] _game.try1.GameIntegrationTest           : Received raw message: {"type":"GameStateUpdate","gameState":{"gameId":"DHABYC","phase":"FRIEND_SELECTION","players":[{"id":"ac23cc78-4b55-4b99-8310-d07f3312f3e3","name":"Player1","team":"UNASSIGNED","isCaller":true,"handCount":8,"hasPassed":false,"isConnected":true},{"id":"214af993-5a77-4010-8fb2-7f1eb09b95fd","name":"Player2","team":"UNASSIGNED","isCaller":false,"handCount":8,"hasPassed":true,"isConnected":true},{"id":"9209a7f7-e217-4c5f-9569-9c04536e42e5","name":"Player3","team":"UNASSIGNED","isCaller":false,"handCount":8,"hasPassed":true,"isConnected":true},{"id":"3cc89f1d-94b7-4b6a-9c19-74104d1007ae","name":"Player4","team":"UNASSIGNED","isCaller":false,"handCount":8,"hasPassed":true,"isConnected":true},{"id":"d6dfcd8e-4569-4a1b-8ac0-9b4becac8310","name":"Player5","team":"UNASSIGNED","isCaller":false,"handCount":8,"hasPassed":true,"isConnected":true}],"currentPlayerIndex":0,"bidHistory":[{"playerId":"ac23cc78-4b55-4b99-8310-d07f3312f3e3","bid":160,"timestamp":1750444863007},{"playerId":"214af993-5a77-4010-8fb2-7f1eb09b95fd","bid":null,"timestamp":1750444863511},{"playerId":"9209a7f7-e217-4c5f-9569-9c04536e42e5","bid":null,"timestamp":1750444864015},{"playerId":"3cc89f1d-94b7-4b6a-9c19-74104d1007ae","bid":null,"timestamp":1750444864519},{"playerId":"d6dfcd8e-4569-4a1b-8ac0-9b4becac8310","bid":null,"timestamp":1750444865027}],"winningBid":160,"callerId":"ac23cc78-4b55-4b99-8310-d07f3312f3e3","trumpSuit":"SPADES","friendCards":[],"currentTrick":{"plays":[],"leadPlayerId":null,"winnerId":null,"isComplete":false,"totalPoints":0},"completedTricks":0,"callerTeamPoints":0,"opponentTeamPoints":0,"gameWinner":null}}
2025-06-21T00:11:07.056+05:30  INFO 33377 --- [try1] [           main] _game.try1.GameIntegrationTest           : Trying friend cards: HEARTS ACE, DIAMONDS KING
2025-06-21T00:11:08.073+05:30  INFO 33377 --- [try1] [           main] _game.try1.GameIntegrationTest           : Current game phase: FRIEND_SELECTION
2025-06-21T00:11:08.074+05:30  INFO 33377 --- [try1] [           main] _game.try1.GameIntegrationTest           : Trying friend cards: HEARTS ACE, CLUBS QUEEN
2025-06-21T00:11:09.078+05:30  INFO 33377 --- [try1] [           main] _game.try1.GameIntegrationTest           : Current game phase: FRIEND_SELECTION
2025-06-21T00:11:09.079+05:30  INFO 33377 --- [try1] [           main] _game.try1.GameIntegrationTest           : Trying friend cards: HEARTS ACE, DIAMONDS ACE
2025-06-21T00:11:10.086+05:30  INFO 33377 --- [try1] [           main] _game.try1.GameIntegrationTest           : Current game phase: FRIEND_SELECTION
2025-06-21T00:11:10.087+05:30  INFO 33377 --- [try1] [           main] _game.try1.GameIntegrationTest           : Trying friend cards: HEARTS ACE, CLUBS ACE
2025-06-21T00:11:11.094+05:30  INFO 33377 --- [try1] [           main] _game.try1.GameIntegrationTest           : Current game phase: FRIEND_SELECTION
2025-06-21T00:11:11.094+05:30  INFO 33377 --- [try1] [           main] _game.try1.GameIntegrationTest           : Trying friend cards: HEARTS ACE, HEARTS KING
2025-06-21T00:11:12.097+05:30  INFO 33377 --- [try1] [           main] _game.try1.GameIntegrationTest           : Current game phase: FRIEND_SELECTION
2025-06-21T00:11:12.098+05:30  INFO 33377 --- [try1] [           main] _game.try1.GameIntegrationTest           : Trying friend cards: DIAMONDS KING, CLUBS QUEEN
2025-06-21T00:11:12.123+05:30  INFO 33377 --- [try1] [lient-AsyncIO-4] _game.try1.GameIntegrationTest           : Received raw message: {"type":"GameStateUpdate","gameState":{"gameId":"DHABYC","phase":"TRICK_PLAYING","players":[{"id":"ac23cc78-4b55-4b99-8310-d07f3312f3e3","name":"Player1","team":"CALLER","isCaller":true,"handCount":8,"hasPassed":false,"isConnected":true},{"id":"214af993-5a77-4010-8fb2-7f1eb09b95fd","name":"Player2","team":"CALLER","isCaller":false,"handCount":8,"hasPassed":true,"isConnected":true},{"id":"9209a7f7-e217-4c5f-9569-9c04536e42e5","name":"Player3","team":"CALLER","isCaller":false,"handCount":8,"hasPassed":true,"isConnected":true},{"id":"3cc89f1d-94b7-4b6a-9c19-74104d1007ae","name":"Player4","team":"OPPONENT","isCaller":false,"handCount":8,"hasPassed":true,"isConnected":true},{"id":"d6dfcd8e-4569-4a1b-8ac0-9b4becac8310","name":"Player5","team":"OPPONENT","isCaller":false,"handCount":8,"hasPassed":true,"isConnected":true}],"currentPlayerIndex":0,"bidHistory":[{"playerId":"ac23cc78-4b55-4b99-8310-d07f3312f3e3","bid":160,"timestamp":1750444863007},{"playerId":"214af993-5a77-4010-8fb2-7f1eb09b95fd","bid":null,"timestamp":1750444863511},{"playerId":"9209a7f7-e217-4c5f-9569-9c04536e42e5","bid":null,"timestamp":1750444864015},{"playerId":"3cc89f1d-94b7-4b6a-9c19-74104d1007ae","bid":null,"timestamp":1750444864519},{"playerId":"d6dfcd8e-4569-4a1b-8ac0-9b4becac8310","bid":null,"timestamp":1750444865027}],"winningBid":160,"callerId":"ac23cc78-4b55-4b99-8310-d07f3312f3e3","trumpSuit":"SPADES","friendCards":[{"suit":"DIAMONDS","rank":"KING","id":"DIAMONDS_KING","points":15},{"suit":"CLUBS","rank":"QUEEN","id":"CLUBS_QUEEN","points":10}],"currentTrick":{"plays":[],"leadPlayerId":null,"winnerId":null,"isComplete":false,"totalPoints":0},"completedTricks":0,"callerTeamPoints":0,"opponentTeamPoints":0,"gameWinner":null}}
2025-06-21T00:11:12.123+05:30  INFO 33377 --- [try1] [lient-AsyncIO-3] _game.try1.GameIntegrationTest           : Received raw message: {"type":"GameStateUpdate","gameState":{"gameId":"DHABYC","phase":"TRICK_PLAYING","players":[{"id":"ac23cc78-4b55-4b99-8310-d07f3312f3e3","name":"Player1","team":"CALLER","isCaller":true,"handCount":8,"hasPassed":false,"isConnected":true},{"id":"214af993-5a77-4010-8fb2-7f1eb09b95fd","name":"Player2","team":"CALLER","isCaller":false,"handCount":8,"hasPassed":true,"isConnected":true},{"id":"9209a7f7-e217-4c5f-9569-9c04536e42e5","name":"Player3","team":"CALLER","isCaller":false,"handCount":8,"hasPassed":true,"isConnected":true},{"id":"3cc89f1d-94b7-4b6a-9c19-74104d1007ae","name":"Player4","team":"OPPONENT","isCaller":false,"handCount":8,"hasPassed":true,"isConnected":true},{"id":"d6dfcd8e-4569-4a1b-8ac0-9b4becac8310","name":"Player5","team":"OPPONENT","isCaller":false,"handCount":8,"hasPassed":true,"isConnected":true}],"currentPlayerIndex":0,"bidHistory":[{"playerId":"ac23cc78-4b55-4b99-8310-d07f3312f3e3","bid":160,"timestamp":1750444863007},{"playerId":"214af993-5a77-4010-8fb2-7f1eb09b95fd","bid":null,"timestamp":1750444863511},{"playerId":"9209a7f7-e217-4c5f-9569-9c04536e42e5","bid":null,"timestamp":1750444864015},{"playerId":"3cc89f1d-94b7-4b6a-9c19-74104d1007ae","bid":null,"timestamp":1750444864519},{"playerId":"d6dfcd8e-4569-4a1b-8ac0-9b4becac8310","bid":null,"timestamp":1750444865027}],"winningBid":160,"callerId":"ac23cc78-4b55-4b99-8310-d07f3312f3e3","trumpSuit":"SPADES","friendCards":[{"suit":"DIAMONDS","rank":"KING","id":"DIAMONDS_KING","points":15},{"suit":"CLUBS","rank":"QUEEN","id":"CLUBS_QUEEN","points":10}],"currentTrick":{"plays":[],"leadPlayerId":null,"winnerId":null,"isComplete":false,"totalPoints":0},"completedTricks":0,"callerTeamPoints":0,"opponentTeamPoints":0,"gameWinner":null}}
2025-06-21T00:11:12.123+05:30  INFO 33377 --- [try1] [lient-AsyncIO-1] _game.try1.GameIntegrationTest           : Received raw message: {"type":"GameStateUpdate","gameState":{"gameId":"DHABYC","phase":"TRICK_PLAYING","players":[{"id":"ac23cc78-4b55-4b99-8310-d07f3312f3e3","name":"Player1","team":"CALLER","isCaller":true,"handCount":8,"hasPassed":false,"isConnected":true},{"id":"214af993-5a77-4010-8fb2-7f1eb09b95fd","name":"Player2","team":"CALLER","isCaller":false,"handCount":8,"hasPassed":true,"isConnected":true},{"id":"9209a7f7-e217-4c5f-9569-9c04536e42e5","name":"Player3","team":"CALLER","isCaller":false,"handCount":8,"hasPassed":true,"isConnected":true},{"id":"3cc89f1d-94b7-4b6a-9c19-74104d1007ae","name":"Player4","team":"OPPONENT","isCaller":false,"handCount":8,"hasPassed":true,"isConnected":true},{"id":"d6dfcd8e-4569-4a1b-8ac0-9b4becac8310","name":"Player5","team":"OPPONENT","isCaller":false,"handCount":8,"hasPassed":true,"isConnected":true}],"currentPlayerIndex":0,"bidHistory":[{"playerId":"ac23cc78-4b55-4b99-8310-d07f3312f3e3","bid":160,"timestamp":1750444863007},{"playerId":"214af993-5a77-4010-8fb2-7f1eb09b95fd","bid":null,"timestamp":1750444863511},{"playerId":"9209a7f7-e217-4c5f-9569-9c04536e42e5","bid":null,"timestamp":1750444864015},{"playerId":"3cc89f1d-94b7-4b6a-9c19-74104d1007ae","bid":null,"timestamp":1750444864519},{"playerId":"d6dfcd8e-4569-4a1b-8ac0-9b4becac8310","bid":null,"timestamp":1750444865027}],"winningBid":160,"callerId":"ac23cc78-4b55-4b99-8310-d07f3312f3e3","trumpSuit":"SPADES","friendCards":[{"suit":"DIAMONDS","rank":"KING","id":"DIAMONDS_KING","points":15},{"suit":"CLUBS","rank":"QUEEN","id":"CLUBS_QUEEN","points":10}],"currentTrick":{"plays":[],"leadPlayerId":null,"winnerId":null,"isComplete":false,"totalPoints":0},"completedTricks":0,"callerTeamPoints":0,"opponentTeamPoints":0,"gameWinner":null}}
2025-06-21T00:11:12.123+05:30  INFO 33377 --- [try1] [lient-AsyncIO-2] _game.try1.GameIntegrationTest           : Received raw message: {"type":"GameStateUpdate","gameState":{"gameId":"DHABYC","phase":"TRICK_PLAYING","players":[{"id":"ac23cc78-4b55-4b99-8310-d07f3312f3e3","name":"Player1","team":"CALLER","isCaller":true,"handCount":8,"hasPassed":false,"isConnected":true},{"id":"214af993-5a77-4010-8fb2-7f1eb09b95fd","name":"Player2","team":"CALLER","isCaller":false,"handCount":8,"hasPassed":true,"isConnected":true},{"id":"9209a7f7-e217-4c5f-9569-9c04536e42e5","name":"Player3","team":"CALLER","isCaller":false,"handCount":8,"hasPassed":true,"isConnected":true},{"id":"3cc89f1d-94b7-4b6a-9c19-74104d1007ae","name":"Player4","team":"OPPONENT","isCaller":false,"handCount":8,"hasPassed":true,"isConnected":true},{"id":"d6dfcd8e-4569-4a1b-8ac0-9b4becac8310","name":"Player5","team":"OPPONENT","isCaller":false,"handCount":8,"hasPassed":true,"isConnected":true}],"currentPlayerIndex":0,"bidHistory":[{"playerId":"ac23cc78-4b55-4b99-8310-d07f3312f3e3","bid":160,"timestamp":1750444863007},{"playerId":"214af993-5a77-4010-8fb2-7f1eb09b95fd","bid":null,"timestamp":1750444863511},{"playerId":"9209a7f7-e217-4c5f-9569-9c04536e42e5","bid":null,"timestamp":1750444864015},{"playerId":"3cc89f1d-94b7-4b6a-9c19-74104d1007ae","bid":null,"timestamp":1750444864519},{"playerId":"d6dfcd8e-4569-4a1b-8ac0-9b4becac8310","bid":null,"timestamp":1750444865027}],"winningBid":160,"callerId":"ac23cc78-4b55-4b99-8310-d07f3312f3e3","trumpSuit":"SPADES","friendCards":[{"suit":"DIAMONDS","rank":"KING","id":"DIAMONDS_KING","points":15},{"suit":"CLUBS","rank":"QUEEN","id":"CLUBS_QUEEN","points":10}],"currentTrick":{"plays":[],"leadPlayerId":null,"winnerId":null,"isComplete":false,"totalPoints":0},"completedTricks":0,"callerTeamPoints":0,"opponentTeamPoints":0,"gameWinner":null}}
2025-06-21T00:11:12.123+05:30  INFO 33377 --- [try1] [ient-AsyncIO-13] _game.try1.GameIntegrationTest           : Received raw message: {"type":"GameStateUpdate","gameState":{"gameId":"DHABYC","phase":"TRICK_PLAYING","players":[{"id":"ac23cc78-4b55-4b99-8310-d07f3312f3e3","name":"Player1","team":"CALLER","isCaller":true,"handCount":8,"hasPassed":false,"isConnected":true},{"id":"214af993-5a77-4010-8fb2-7f1eb09b95fd","name":"Player2","team":"CALLER","isCaller":false,"handCount":8,"hasPassed":true,"isConnected":true},{"id":"9209a7f7-e217-4c5f-9569-9c04536e42e5","name":"Player3","team":"CALLER","isCaller":false,"handCount":8,"hasPassed":true,"isConnected":true},{"id":"3cc89f1d-94b7-4b6a-9c19-74104d1007ae","name":"Player4","team":"OPPONENT","isCaller":false,"handCount":8,"hasPassed":true,"isConnected":true},{"id":"d6dfcd8e-4569-4a1b-8ac0-9b4becac8310","name":"Player5","team":"OPPONENT","isCaller":false,"handCount":8,"hasPassed":true,"isConnected":true}],"currentPlayerIndex":0,"bidHistory":[{"playerId":"ac23cc78-4b55-4b99-8310-d07f3312f3e3","bid":160,"timestamp":1750444863007},{"playerId":"214af993-5a77-4010-8fb2-7f1eb09b95fd","bid":null,"timestamp":1750444863511},{"playerId":"9209a7f7-e217-4c5f-9569-9c04536e42e5","bid":null,"timestamp":1750444864015},{"playerId":"3cc89f1d-94b7-4b6a-9c19-74104d1007ae","bid":null,"timestamp":1750444864519},{"playerId":"d6dfcd8e-4569-4a1b-8ac0-9b4becac8310","bid":null,"timestamp":1750444865027}],"winningBid":160,"callerId":"ac23cc78-4b55-4b99-8310-d07f3312f3e3","trumpSuit":"SPADES","friendCards":[{"suit":"DIAMONDS","rank":"KING","id":"DIAMONDS_KING","points":15},{"suit":"CLUBS","rank":"QUEEN","id":"CLUBS_QUEEN","points":10}],"currentTrick":{"plays":[],"leadPlayerId":null,"winnerId":null,"isComplete":false,"totalPoints":0},"completedTricks":0,"callerTeamPoints":0,"opponentTeamPoints":0,"gameWinner":null}}
2025-06-21T00:11:13.106+05:30  INFO 33377 --- [try1] [           main] _game.try1.GameIntegrationTest           : Current game phase: TRICK_PLAYING
2025-06-21T00:11:13.108+05:30  INFO 33377 --- [try1] [           main] _game.try1.GameIntegrationTest           : Game phase after friend selection: TRICK_PLAYING
2025-06-21T00:11:13.109+05:30  INFO 33377 --- [try1] [           main] _game.try1.GameIntegrationTest           : Game state shows 0 completed tricks and 0 cards in current trick
2025-06-21T00:11:13.109+05:30  INFO 33377 --- [try1] [           main] _game.try1.GameIntegrationTest           : Current player is index 0
2025-06-21T00:11:13.118+05:30  INFO 33377 --- [try1] [           main] _game.try1.GameIntegrationTest           : Player 1 trying to play card: SPADES ACE
2025-06-21T00:11:13.635+05:30  INFO 33377 --- [try1] [           main] _game.try1.GameIntegrationTest           : Card rejected, trying another one
2025-06-21T00:11:13.636+05:30  INFO 33377 --- [try1] [           main] _game.try1.GameIntegrationTest           : Player 1 trying to play card: SPADES KING
2025-06-21T00:11:14.139+05:30  INFO 33377 --- [try1] [           main] _game.try1.GameIntegrationTest           : Card rejected, trying another one
2025-06-21T00:11:14.140+05:30  INFO 33377 --- [try1] [           main] _game.try1.GameIntegrationTest           : Player 1 trying to play card: SPADES QUEEN
2025-06-21T00:11:14.646+05:30  INFO 33377 --- [try1] [           main] _game.try1.GameIntegrationTest           : Card rejected, trying another one
2025-06-21T00:11:14.647+05:30  INFO 33377 --- [try1] [           main] _game.try1.GameIntegrationTest           : Player 1 trying to play card: SPADES JACK
2025-06-21T00:11:15.154+05:30  INFO 33377 --- [try1] [           main] _game.try1.GameIntegrationTest           : Card rejected, trying another one
2025-06-21T00:11:15.155+05:30  INFO 33377 --- [try1] [           main] _game.try1.GameIntegrationTest           : Player 1 trying to play card: SPADES TEN
2025-06-21T00:11:15.165+05:30  INFO 33377 --- [try1] [ient-AsyncIO-13] _game.try1.GameIntegrationTest           : Received raw message: {"type":"GameStateUpdate","gameState":{"gameId":"DHABYC","phase":"TRICK_PLAYING","players":[{"id":"ac23cc78-4b55-4b99-8310-d07f3312f3e3","name":"Player1","team":"CALLER","isCaller":true,"handCount":7,"hasPassed":false,"isConnected":true},{"id":"214af993-5a77-4010-8fb2-7f1eb09b95fd","name":"Player2","team":"CALLER","isCaller":false,"handCount":8,"hasPassed":true,"isConnected":true},{"id":"9209a7f7-e217-4c5f-9569-9c04536e42e5","name":"Player3","team":"CALLER","isCaller":false,"handCount":8,"hasPassed":true,"isConnected":true},{"id":"3cc89f1d-94b7-4b6a-9c19-74104d1007ae","name":"Player4","team":"OPPONENT","isCaller":false,"handCount":8,"hasPassed":true,"isConnected":true},{"id":"d6dfcd8e-4569-4a1b-8ac0-9b4becac8310","name":"Player5","team":"OPPONENT","isCaller":false,"handCount":8,"hasPassed":true,"isConnected":true}],"currentPlayerIndex":1,"bidHistory":[{"playerId":"ac23cc78-4b55-4b99-8310-d07f3312f3e3","bid":160,"timestamp":1750444863007},{"playerId":"214af993-5a77-4010-8fb2-7f1eb09b95fd","bid":null,"timestamp":1750444863511},{"playerId":"9209a7f7-e217-4c5f-9569-9c04536e42e5","bid":null,"timestamp":1750444864015},{"playerId":"3cc89f1d-94b7-4b6a-9c19-74104d1007ae","bid":null,"timestamp":1750444864519},{"playerId":"d6dfcd8e-4569-4a1b-8ac0-9b4becac8310","bid":null,"timestamp":1750444865027}],"winningBid":160,"callerId":"ac23cc78-4b55-4b99-8310-d07f3312f3e3","trumpSuit":"SPADES","friendCards":[{"suit":"DIAMONDS","rank":"KING","id":"DIAMONDS_KING","points":15},{"suit":"CLUBS","rank":"QUEEN","id":"CLUBS_QUEEN","points":10}],"currentTrick":{"plays":[{"playerId":"ac23cc78-4b55-4b99-8310-d07f3312f3e3","card":{"suit":"SPADES","rank":"TEN","id":"SPADES_TEN","points":0},"timestamp":1750444875159}],"leadPlayerId":null,"winnerId":null,"isComplete":false,"totalPoints":0},"completedTricks":0,"callerTeamPoints":0,"opponentTeamPoints":0,"gameWinner":null}}
2025-06-21T00:11:15.165+05:30  INFO 33377 --- [try1] [lient-AsyncIO-7] _game.try1.GameIntegrationTest           : Received raw message: {"type":"GameStateUpdate","gameState":{"gameId":"DHABYC","phase":"TRICK_PLAYING","players":[{"id":"ac23cc78-4b55-4b99-8310-d07f3312f3e3","name":"Player1","team":"CALLER","isCaller":true,"handCount":7,"hasPassed":false,"isConnected":true},{"id":"214af993-5a77-4010-8fb2-7f1eb09b95fd","name":"Player2","team":"CALLER","isCaller":false,"handCount":8,"hasPassed":true,"isConnected":true},{"id":"9209a7f7-e217-4c5f-9569-9c04536e42e5","name":"Player3","team":"CALLER","isCaller":false,"handCount":8,"hasPassed":true,"isConnected":true},{"id":"3cc89f1d-94b7-4b6a-9c19-74104d1007ae","name":"Player4","team":"OPPONENT","isCaller":false,"handCount":8,"hasPassed":true,"isConnected":true},{"id":"d6dfcd8e-4569-4a1b-8ac0-9b4becac8310","name":"Player5","team":"OPPONENT","isCaller":false,"handCount":8,"hasPassed":true,"isConnected":true}],"currentPlayerIndex":1,"bidHistory":[{"playerId":"ac23cc78-4b55-4b99-8310-d07f3312f3e3","bid":160,"timestamp":1750444863007},{"playerId":"214af993-5a77-4010-8fb2-7f1eb09b95fd","bid":null,"timestamp":1750444863511},{"playerId":"9209a7f7-e217-4c5f-9569-9c04536e42e5","bid":null,"timestamp":1750444864015},{"playerId":"3cc89f1d-94b7-4b6a-9c19-74104d1007ae","bid":null,"timestamp":1750444864519},{"playerId":"d6dfcd8e-4569-4a1b-8ac0-9b4becac8310","bid":null,"timestamp":1750444865027}],"winningBid":160,"callerId":"ac23cc78-4b55-4b99-8310-d07f3312f3e3","trumpSuit":"SPADES","friendCards":[{"suit":"DIAMONDS","rank":"KING","id":"DIAMONDS_KING","points":15},{"suit":"CLUBS","rank":"QUEEN","id":"CLUBS_QUEEN","points":10}],"currentTrick":{"plays":[{"playerId":"ac23cc78-4b55-4b99-8310-d07f3312f3e3","card":{"suit":"SPADES","rank":"TEN","id":"SPADES_TEN","points":0},"timestamp":1750444875159}],"leadPlayerId":null,"winnerId":null,"isComplete":false,"totalPoints":0},"completedTricks":0,"callerTeamPoints":0,"opponentTeamPoints":0,"gameWinner":null}}
2025-06-21T00:11:15.165+05:30  INFO 33377 --- [try1] [lient-AsyncIO-8] _game.try1.GameIntegrationTest           : Received raw message: {"type":"GameStateUpdate","gameState":{"gameId":"DHABYC","phase":"TRICK_PLAYING","players":[{"id":"ac23cc78-4b55-4b99-8310-d07f3312f3e3","name":"Player1","team":"CALLER","isCaller":true,"handCount":7,"hasPassed":false,"isConnected":true},{"id":"214af993-5a77-4010-8fb2-7f1eb09b95fd","name":"Player2","team":"CALLER","isCaller":false,"handCount":8,"hasPassed":true,"isConnected":true},{"id":"9209a7f7-e217-4c5f-9569-9c04536e42e5","name":"Player3","team":"CALLER","isCaller":false,"handCount":8,"hasPassed":true,"isConnected":true},{"id":"3cc89f1d-94b7-4b6a-9c19-74104d1007ae","name":"Player4","team":"OPPONENT","isCaller":false,"handCount":8,"hasPassed":true,"isConnected":true},{"id":"d6dfcd8e-4569-4a1b-8ac0-9b4becac8310","name":"Player5","team":"OPPONENT","isCaller":false,"handCount":8,"hasPassed":true,"isConnected":true}],"currentPlayerIndex":1,"bidHistory":[{"playerId":"ac23cc78-4b55-4b99-8310-d07f3312f3e3","bid":160,"timestamp":1750444863007},{"playerId":"214af993-5a77-4010-8fb2-7f1eb09b95fd","bid":null,"timestamp":1750444863511},{"playerId":"9209a7f7-e217-4c5f-9569-9c04536e42e5","bid":null,"timestamp":1750444864015},{"playerId":"3cc89f1d-94b7-4b6a-9c19-74104d1007ae","bid":null,"timestamp":1750444864519},{"playerId":"d6dfcd8e-4569-4a1b-8ac0-9b4becac8310","bid":null,"timestamp":1750444865027}],"winningBid":160,"callerId":"ac23cc78-4b55-4b99-8310-d07f3312f3e3","trumpSuit":"SPADES","friendCards":[{"suit":"DIAMONDS","rank":"KING","id":"DIAMONDS_KING","points":15},{"suit":"CLUBS","rank":"QUEEN","id":"CLUBS_QUEEN","points":10}],"currentTrick":{"plays":[{"playerId":"ac23cc78-4b55-4b99-8310-d07f3312f3e3","card":{"suit":"SPADES","rank":"TEN","id":"SPADES_TEN","points":0},"timestamp":1750444875159}],"leadPlayerId":null,"winnerId":null,"isComplete":false,"totalPoints":0},"completedTricks":0,"callerTeamPoints":0,"opponentTeamPoints":0,"gameWinner":null}}
2025-06-21T00:11:15.164+05:30  INFO 33377 --- [try1] [lient-AsyncIO-5] _game.try1.GameIntegrationTest           : Received raw message: {"type":"GameStateUpdate","gameState":{"gameId":"DHABYC","phase":"TRICK_PLAYING","players":[{"id":"ac23cc78-4b55-4b99-8310-d07f3312f3e3","name":"Player1","team":"CALLER","isCaller":true,"handCount":7,"hasPassed":false,"isConnected":true},{"id":"214af993-5a77-4010-8fb2-7f1eb09b95fd","name":"Player2","team":"CALLER","isCaller":false,"handCount":8,"hasPassed":true,"isConnected":true},{"id":"9209a7f7-e217-4c5f-9569-9c04536e42e5","name":"Player3","team":"CALLER","isCaller":false,"handCount":8,"hasPassed":true,"isConnected":true},{"id":"3cc89f1d-94b7-4b6a-9c19-74104d1007ae","name":"Player4","team":"OPPONENT","isCaller":false,"handCount":8,"hasPassed":true,"isConnected":true},{"id":"d6dfcd8e-4569-4a1b-8ac0-9b4becac8310","name":"Player5","team":"OPPONENT","isCaller":false,"handCount":8,"hasPassed":true,"isConnected":true}],"currentPlayerIndex":1,"bidHistory":[{"playerId":"ac23cc78-4b55-4b99-8310-d07f3312f3e3","bid":160,"timestamp":1750444863007},{"playerId":"214af993-5a77-4010-8fb2-7f1eb09b95fd","bid":null,"timestamp":1750444863511},{"playerId":"9209a7f7-e217-4c5f-9569-9c04536e42e5","bid":null,"timestamp":1750444864015},{"playerId":"3cc89f1d-94b7-4b6a-9c19-74104d1007ae","bid":null,"timestamp":1750444864519},{"playerId":"d6dfcd8e-4569-4a1b-8ac0-9b4becac8310","bid":null,"timestamp":1750444865027}],"winningBid":160,"callerId":"ac23cc78-4b55-4b99-8310-d07f3312f3e3","trumpSuit":"SPADES","friendCards":[{"suit":"DIAMONDS","rank":"KING","id":"DIAMONDS_KING","points":15},{"suit":"CLUBS","rank":"QUEEN","id":"CLUBS_QUEEN","points":10}],"currentTrick":{"plays":[{"playerId":"ac23cc78-4b55-4b99-8310-d07f3312f3e3","card":{"suit":"SPADES","rank":"TEN","id":"SPADES_TEN","points":0},"timestamp":1750444875159}],"leadPlayerId":null,"winnerId":null,"isComplete":false,"totalPoints":0},"completedTricks":0,"callerTeamPoints":0,"opponentTeamPoints":0,"gameWinner":null}}
2025-06-21T00:11:15.165+05:30  INFO 33377 --- [try1] [lient-AsyncIO-6] _game.try1.GameIntegrationTest           : Received raw message: {"type":"GameStateUpdate","gameState":{"gameId":"DHABYC","phase":"TRICK_PLAYING","players":[{"id":"ac23cc78-4b55-4b99-8310-d07f3312f3e3","name":"Player1","team":"CALLER","isCaller":true,"handCount":7,"hasPassed":false,"isConnected":true},{"id":"214af993-5a77-4010-8fb2-7f1eb09b95fd","name":"Player2","team":"CALLER","isCaller":false,"handCount":8,"hasPassed":true,"isConnected":true},{"id":"9209a7f7-e217-4c5f-9569-9c04536e42e5","name":"Player3","team":"CALLER","isCaller":false,"handCount":8,"hasPassed":true,"isConnected":true},{"id":"3cc89f1d-94b7-4b6a-9c19-74104d1007ae","name":"Player4","team":"OPPONENT","isCaller":false,"handCount":8,"hasPassed":true,"isConnected":true},{"id":"d6dfcd8e-4569-4a1b-8ac0-9b4becac8310","name":"Player5","team":"OPPONENT","isCaller":false,"handCount":8,"hasPassed":true,"isConnected":true}],"currentPlayerIndex":1,"bidHistory":[{"playerId":"ac23cc78-4b55-4b99-8310-d07f3312f3e3","bid":160,"timestamp":1750444863007},{"playerId":"214af993-5a77-4010-8fb2-7f1eb09b95fd","bid":null,"timestamp":1750444863511},{"playerId":"9209a7f7-e217-4c5f-9569-9c04536e42e5","bid":null,"timestamp":1750444864015},{"playerId":"3cc89f1d-94b7-4b6a-9c19-74104d1007ae","bid":null,"timestamp":1750444864519},{"playerId":"d6dfcd8e-4569-4a1b-8ac0-9b4becac8310","bid":null,"timestamp":1750444865027}],"winningBid":160,"callerId":"ac23cc78-4b55-4b99-8310-d07f3312f3e3","trumpSuit":"SPADES","friendCards":[{"suit":"DIAMONDS","rank":"KING","id":"DIAMONDS_KING","points":15},{"suit":"CLUBS","rank":"QUEEN","id":"CLUBS_QUEEN","points":10}],"currentTrick":{"plays":[{"playerId":"ac23cc78-4b55-4b99-8310-d07f3312f3e3","card":{"suit":"SPADES","rank":"TEN","id":"SPADES_TEN","points":0},"timestamp":1750444875159}],"leadPlayerId":null,"winnerId":null,"isComplete":false,"totalPoints":0},"completedTricks":0,"callerTeamPoints":0,"opponentTeamPoints":0,"gameWinner":null}}
2025-06-21T00:11:15.662+05:30  INFO 33377 --- [try1] [           main] _game.try1.GameIntegrationTest           : Current trick plays count: 1
2025-06-21T00:11:15.662+05:30  INFO 33377 --- [try1] [           main] _game.try1.GameIntegrationTest           : Card accepted! Total cards played: 1
2025-06-21T00:11:15.663+05:30  INFO 33377 --- [try1] [           main] _game.try1.GameIntegrationTest           : Player 2 trying to play card: SPADES ACE
2025-06-21T00:11:16.169+05:30  INFO 33377 --- [try1] [           main] _game.try1.GameIntegrationTest           : Current trick plays count: 1
2025-06-21T00:11:16.170+05:30  INFO 33377 --- [try1] [           main] _game.try1.GameIntegrationTest           : Card rejected, trying another one
2025-06-21T00:11:16.170+05:30  INFO 33377 --- [try1] [           main] _game.try1.GameIntegrationTest           : Player 2 trying to play card: SPADES KING
2025-06-21T00:11:16.177+05:30  INFO 33377 --- [try1] [lient-AsyncIO-3] _game.try1.GameIntegrationTest           : Received raw message: {"type":"GameStateUpdate","gameState":{"gameId":"DHABYC","phase":"TRICK_PLAYING","players":[{"id":"ac23cc78-4b55-4b99-8310-d07f3312f3e3","name":"Player1","team":"CALLER","isCaller":true,"handCount":7,"hasPassed":false,"isConnected":true},{"id":"214af993-5a77-4010-8fb2-7f1eb09b95fd","name":"Player2","team":"CALLER","isCaller":false,"handCount":7,"hasPassed":true,"isConnected":true},{"id":"9209a7f7-e217-4c5f-9569-9c04536e42e5","name":"Player3","team":"CALLER","isCaller":false,"handCount":8,"hasPassed":true,"isConnected":true},{"id":"3cc89f1d-94b7-4b6a-9c19-74104d1007ae","name":"Player4","team":"OPPONENT","isCaller":false,"handCount":8,"hasPassed":true,"isConnected":true},{"id":"d6dfcd8e-4569-4a1b-8ac0-9b4becac8310","name":"Player5","team":"OPPONENT","isCaller":false,"handCount":8,"hasPassed":true,"isConnected":true}],"currentPlayerIndex":2,"bidHistory":[{"playerId":"ac23cc78-4b55-4b99-8310-d07f3312f3e3","bid":160,"timestamp":1750444863007},{"playerId":"214af993-5a77-4010-8fb2-7f1eb09b95fd","bid":null,"timestamp":1750444863511},{"playerId":"9209a7f7-e217-4c5f-9569-9c04536e42e5","bid":null,"timestamp":1750444864015},{"playerId":"3cc89f1d-94b7-4b6a-9c19-74104d1007ae","bid":null,"timestamp":1750444864519},{"playerId":"d6dfcd8e-4569-4a1b-8ac0-9b4becac8310","bid":null,"timestamp":1750444865027}],"winningBid":160,"callerId":"ac23cc78-4b55-4b99-8310-d07f3312f3e3","trumpSuit":"SPADES","friendCards":[{"suit":"DIAMONDS","rank":"KING","id":"DIAMONDS_KING","points":15},{"suit":"CLUBS","rank":"QUEEN","id":"CLUBS_QUEEN","points":10}],"currentTrick":{"plays":[{"playerId":"ac23cc78-4b55-4b99-8310-d07f3312f3e3","card":{"suit":"SPADES","rank":"TEN","id":"SPADES_TEN","points":0},"timestamp":1750444875159},{"playerId":"214af993-5a77-4010-8fb2-7f1eb09b95fd","card":{"suit":"SPADES","rank":"KING","id":"SPADES_KING","points":15},"timestamp":1750444876174}],"leadPlayerId":null,"winnerId":null,"isComplete":false,"totalPoints":15},"completedTricks":0,"callerTeamPoints":0,"opponentTeamPoints":0,"gameWinner":null}}
2025-06-21T00:11:16.179+05:30  INFO 33377 --- [try1] [lient-AsyncIO-3] _game.try1.GameIntegrationTest           : Received raw message: {"type":"GameStateUpdate","gameState":{"gameId":"DHABYC","phase":"TRICK_PLAYING","players":[{"id":"ac23cc78-4b55-4b99-8310-d07f3312f3e3","name":"Player1","team":"CALLER","isCaller":true,"handCount":7,"hasPassed":false,"isConnected":true},{"id":"214af993-5a77-4010-8fb2-7f1eb09b95fd","name":"Player2","team":"CALLER","isCaller":false,"handCount":7,"hasPassed":true,"isConnected":true},{"id":"9209a7f7-e217-4c5f-9569-9c04536e42e5","name":"Player3","team":"CALLER","isCaller":false,"handCount":8,"hasPassed":true,"isConnected":true},{"id":"3cc89f1d-94b7-4b6a-9c19-74104d1007ae","name":"Player4","team":"OPPONENT","isCaller":false,"handCount":8,"hasPassed":true,"isConnected":true},{"id":"d6dfcd8e-4569-4a1b-8ac0-9b4becac8310","name":"Player5","team":"OPPONENT","isCaller":false,"handCount":8,"hasPassed":true,"isConnected":true}],"currentPlayerIndex":2,"bidHistory":[{"playerId":"ac23cc78-4b55-4b99-8310-d07f3312f3e3","bid":160,"timestamp":1750444863007},{"playerId":"214af993-5a77-4010-8fb2-7f1eb09b95fd","bid":null,"timestamp":1750444863511},{"playerId":"9209a7f7-e217-4c5f-9569-9c04536e42e5","bid":null,"timestamp":1750444864015},{"playerId":"3cc89f1d-94b7-4b6a-9c19-74104d1007ae","bid":null,"timestamp":1750444864519},{"playerId":"d6dfcd8e-4569-4a1b-8ac0-9b4becac8310","bid":null,"timestamp":1750444865027}],"winningBid":160,"callerId":"ac23cc78-4b55-4b99-8310-d07f3312f3e3","trumpSuit":"SPADES","friendCards":[{"suit":"DIAMONDS","rank":"KING","id":"DIAMONDS_KING","points":15},{"suit":"CLUBS","rank":"QUEEN","id":"CLUBS_QUEEN","points":10}],"currentTrick":{"plays":[{"playerId":"ac23cc78-4b55-4b99-8310-d07f3312f3e3","card":{"suit":"SPADES","rank":"TEN","id":"SPADES_TEN","points":0},"timestamp":1750444875159},{"playerId":"214af993-5a77-4010-8fb2-7f1eb09b95fd","card":{"suit":"SPADES","rank":"KING","id":"SPADES_KING","points":15},"timestamp":1750444876174}],"leadPlayerId":null,"winnerId":null,"isComplete":false,"totalPoints":15},"completedTricks":0,"callerTeamPoints":0,"opponentTeamPoints":0,"gameWinner":null}}
2025-06-21T00:11:16.179+05:30  INFO 33377 --- [try1] [lient-AsyncIO-4] _game.try1.GameIntegrationTest           : Received raw message: {"type":"GameStateUpdate","gameState":{"gameId":"DHABYC","phase":"TRICK_PLAYING","players":[{"id":"ac23cc78-4b55-4b99-8310-d07f3312f3e3","name":"Player1","team":"CALLER","isCaller":true,"handCount":7,"hasPassed":false,"isConnected":true},{"id":"214af993-5a77-4010-8fb2-7f1eb09b95fd","name":"Player2","team":"CALLER","isCaller":false,"handCount":7,"hasPassed":true,"isConnected":true},{"id":"9209a7f7-e217-4c5f-9569-9c04536e42e5","name":"Player3","team":"CALLER","isCaller":false,"handCount":8,"hasPassed":true,"isConnected":true},{"id":"3cc89f1d-94b7-4b6a-9c19-74104d1007ae","name":"Player4","team":"OPPONENT","isCaller":false,"handCount":8,"hasPassed":true,"isConnected":true},{"id":"d6dfcd8e-4569-4a1b-8ac0-9b4becac8310","name":"Player5","team":"OPPONENT","isCaller":false,"handCount":8,"hasPassed":true,"isConnected":true}],"currentPlayerIndex":2,"bidHistory":[{"playerId":"ac23cc78-4b55-4b99-8310-d07f3312f3e3","bid":160,"timestamp":1750444863007},{"playerId":"214af993-5a77-4010-8fb2-7f1eb09b95fd","bid":null,"timestamp":1750444863511},{"playerId":"9209a7f7-e217-4c5f-9569-9c04536e42e5","bid":null,"timestamp":1750444864015},{"playerId":"3cc89f1d-94b7-4b6a-9c19-74104d1007ae","bid":null,"timestamp":1750444864519},{"playerId":"d6dfcd8e-4569-4a1b-8ac0-9b4becac8310","bid":null,"timestamp":1750444865027}],"winningBid":160,"callerId":"ac23cc78-4b55-4b99-8310-d07f3312f3e3","trumpSuit":"SPADES","friendCards":[{"suit":"DIAMONDS","rank":"KING","id":"DIAMONDS_KING","points":15},{"suit":"CLUBS","rank":"QUEEN","id":"CLUBS_QUEEN","points":10}],"currentTrick":{"plays":[{"playerId":"ac23cc78-4b55-4b99-8310-d07f3312f3e3","card":{"suit":"SPADES","rank":"TEN","id":"SPADES_TEN","points":0},"timestamp":1750444875159},{"playerId":"214af993-5a77-4010-8fb2-7f1eb09b95fd","card":{"suit":"SPADES","rank":"KING","id":"SPADES_KING","points":15},"timestamp":1750444876174}],"leadPlayerId":null,"winnerId":null,"isComplete":false,"totalPoints":15},"completedTricks":0,"callerTeamPoints":0,"opponentTeamPoints":0,"gameWinner":null}}
2025-06-21T00:11:16.179+05:30  INFO 33377 --- [try1] [lient-AsyncIO-1] _game.try1.GameIntegrationTest           : Received raw message: {"type":"GameStateUpdate","gameState":{"gameId":"DHABYC","phase":"TRICK_PLAYING","players":[{"id":"ac23cc78-4b55-4b99-8310-d07f3312f3e3","name":"Player1","team":"CALLER","isCaller":true,"handCount":7,"hasPassed":false,"isConnected":true},{"id":"214af993-5a77-4010-8fb2-7f1eb09b95fd","name":"Player2","team":"CALLER","isCaller":false,"handCount":7,"hasPassed":true,"isConnected":true},{"id":"9209a7f7-e217-4c5f-9569-9c04536e42e5","name":"Player3","team":"CALLER","isCaller":false,"handCount":8,"hasPassed":true,"isConnected":true},{"id":"3cc89f1d-94b7-4b6a-9c19-74104d1007ae","name":"Player4","team":"OPPONENT","isCaller":false,"handCount":8,"hasPassed":true,"isConnected":true},{"id":"d6dfcd8e-4569-4a1b-8ac0-9b4becac8310","name":"Player5","team":"OPPONENT","isCaller":false,"handCount":8,"hasPassed":true,"isConnected":true}],"currentPlayerIndex":2,"bidHistory":[{"playerId":"ac23cc78-4b55-4b99-8310-d07f3312f3e3","bid":160,"timestamp":1750444863007},{"playerId":"214af993-5a77-4010-8fb2-7f1eb09b95fd","bid":null,"timestamp":1750444863511},{"playerId":"9209a7f7-e217-4c5f-9569-9c04536e42e5","bid":null,"timestamp":1750444864015},{"playerId":"3cc89f1d-94b7-4b6a-9c19-74104d1007ae","bid":null,"timestamp":1750444864519},{"playerId":"d6dfcd8e-4569-4a1b-8ac0-9b4becac8310","bid":null,"timestamp":1750444865027}],"winningBid":160,"callerId":"ac23cc78-4b55-4b99-8310-d07f3312f3e3","trumpSuit":"SPADES","friendCards":[{"suit":"DIAMONDS","rank":"KING","id":"DIAMONDS_KING","points":15},{"suit":"CLUBS","rank":"QUEEN","id":"CLUBS_QUEEN","points":10}],"currentTrick":{"plays":[{"playerId":"ac23cc78-4b55-4b99-8310-d07f3312f3e3","card":{"suit":"SPADES","rank":"TEN","id":"SPADES_TEN","points":0},"timestamp":1750444875159},{"playerId":"214af993-5a77-4010-8fb2-7f1eb09b95fd","card":{"suit":"SPADES","rank":"KING","id":"SPADES_KING","points":15},"timestamp":1750444876174}],"leadPlayerId":null,"winnerId":null,"isComplete":false,"totalPoints":15},"completedTricks":0,"callerTeamPoints":0,"opponentTeamPoints":0,"gameWinner":null}}
2025-06-21T00:11:16.179+05:30  INFO 33377 --- [try1] [lient-AsyncIO-3] _game.try1.GameIntegrationTest           : Received raw message: {"type":"GameStateUpdate","gameState":{"gameId":"DHABYC","phase":"TRICK_PLAYING","players":[{"id":"ac23cc78-4b55-4b99-8310-d07f3312f3e3","name":"Player1","team":"CALLER","isCaller":true,"handCount":7,"hasPassed":false,"isConnected":true},{"id":"214af993-5a77-4010-8fb2-7f1eb09b95fd","name":"Player2","team":"CALLER","isCaller":false,"handCount":7,"hasPassed":true,"isConnected":true},{"id":"9209a7f7-e217-4c5f-9569-9c04536e42e5","name":"Player3","team":"CALLER","isCaller":false,"handCount":8,"hasPassed":true,"isConnected":true},{"id":"3cc89f1d-94b7-4b6a-9c19-74104d1007ae","name":"Player4","team":"OPPONENT","isCaller":false,"handCount":8,"hasPassed":true,"isConnected":true},{"id":"d6dfcd8e-4569-4a1b-8ac0-9b4becac8310","name":"Player5","team":"OPPONENT","isCaller":false,"handCount":8,"hasPassed":true,"isConnected":true}],"currentPlayerIndex":2,"bidHistory":[{"playerId":"ac23cc78-4b55-4b99-8310-d07f3312f3e3","bid":160,"timestamp":1750444863007},{"playerId":"214af993-5a77-4010-8fb2-7f1eb09b95fd","bid":null,"timestamp":1750444863511},{"playerId":"9209a7f7-e217-4c5f-9569-9c04536e42e5","bid":null,"timestamp":1750444864015},{"playerId":"3cc89f1d-94b7-4b6a-9c19-74104d1007ae","bid":null,"timestamp":1750444864519},{"playerId":"d6dfcd8e-4569-4a1b-8ac0-9b4becac8310","bid":null,"timestamp":1750444865027}],"winningBid":160,"callerId":"ac23cc78-4b55-4b99-8310-d07f3312f3e3","trumpSuit":"SPADES","friendCards":[{"suit":"DIAMONDS","rank":"KING","id":"DIAMONDS_KING","points":15},{"suit":"CLUBS","rank":"QUEEN","id":"CLUBS_QUEEN","points":10}],"currentTrick":{"plays":[{"playerId":"ac23cc78-4b55-4b99-8310-d07f3312f3e3","card":{"suit":"SPADES","rank":"TEN","id":"SPADES_TEN","points":0},"timestamp":1750444875159},{"playerId":"214af993-5a77-4010-8fb2-7f1eb09b95fd","card":{"suit":"SPADES","rank":"KING","id":"SPADES_KING","points":15},"timestamp":1750444876174}],"leadPlayerId":null,"winnerId":null,"isComplete":false,"totalPoints":15},"completedTricks":0,"callerTeamPoints":0,"opponentTeamPoints":0,"gameWinner":null}}
2025-06-21T00:11:16.675+05:30  INFO 33377 --- [try1] [           main] _game.try1.GameIntegrationTest           : Current trick plays count: 2
2025-06-21T00:11:16.675+05:30  INFO 33377 --- [try1] [           main] _game.try1.GameIntegrationTest           : Card accepted! Total cards played: 2
2025-06-21T00:11:16.675+05:30  INFO 33377 --- [try1] [           main] _game.try1.GameIntegrationTest           : Player 3 trying to play card: SPADES ACE
2025-06-21T00:11:17.182+05:30  INFO 33377 --- [try1] [           main] _game.try1.GameIntegrationTest           : Current trick plays count: 2
2025-06-21T00:11:17.182+05:30  INFO 33377 --- [try1] [           main] _game.try1.GameIntegrationTest           : Card rejected, trying another one
2025-06-21T00:11:17.182+05:30  INFO 33377 --- [try1] [           main] _game.try1.GameIntegrationTest           : Player 3 trying to play card: SPADES KING
2025-06-21T00:11:17.688+05:30  INFO 33377 --- [try1] [           main] _game.try1.GameIntegrationTest           : Current trick plays count: 2
2025-06-21T00:11:17.689+05:30  INFO 33377 --- [try1] [           main] _game.try1.GameIntegrationTest           : Card rejected, trying another one
2025-06-21T00:11:17.689+05:30  INFO 33377 --- [try1] [           main] _game.try1.GameIntegrationTest           : Player 3 trying to play card: SPADES QUEEN
2025-06-21T00:11:17.694+05:30  INFO 33377 --- [try1] [lient-AsyncIO-2] _game.try1.GameIntegrationTest           : Received raw message: {"type":"GameStateUpdate","gameState":{"gameId":"DHABYC","phase":"TRICK_PLAYING","players":[{"id":"ac23cc78-4b55-4b99-8310-d07f3312f3e3","name":"Player1","team":"CALLER","isCaller":true,"handCount":7,"hasPassed":false,"isConnected":true},{"id":"214af993-5a77-4010-8fb2-7f1eb09b95fd","name":"Player2","team":"CALLER","isCaller":false,"handCount":7,"hasPassed":true,"isConnected":true},{"id":"9209a7f7-e217-4c5f-9569-9c04536e42e5","name":"Player3","team":"CALLER","isCaller":false,"handCount":7,"hasPassed":true,"isConnected":true},{"id":"3cc89f1d-94b7-4b6a-9c19-74104d1007ae","name":"Player4","team":"OPPONENT","isCaller":false,"handCount":8,"hasPassed":true,"isConnected":true},{"id":"d6dfcd8e-4569-4a1b-8ac0-9b4becac8310","name":"Player5","team":"OPPONENT","isCaller":false,"handCount":8,"hasPassed":true,"isConnected":true}],"currentPlayerIndex":3,"bidHistory":[{"playerId":"ac23cc78-4b55-4b99-8310-d07f3312f3e3","bid":160,"timestamp":1750444863007},{"playerId":"214af993-5a77-4010-8fb2-7f1eb09b95fd","bid":null,"timestamp":1750444863511},{"playerId":"9209a7f7-e217-4c5f-9569-9c04536e42e5","bid":null,"timestamp":1750444864015},{"playerId":"3cc89f1d-94b7-4b6a-9c19-74104d1007ae","bid":null,"timestamp":1750444864519},{"playerId":"d6dfcd8e-4569-4a1b-8ac0-9b4becac8310","bid":null,"timestamp":1750444865027}],"winningBid":160,"callerId":"ac23cc78-4b55-4b99-8310-d07f3312f3e3","trumpSuit":"SPADES","friendCards":[{"suit":"DIAMONDS","rank":"KING","id":"DIAMONDS_KING","points":15},{"suit":"CLUBS","rank":"QUEEN","id":"CLUBS_QUEEN","points":10}],"currentTrick":{"plays":[{"playerId":"ac23cc78-4b55-4b99-8310-d07f3312f3e3","card":{"suit":"SPADES","rank":"TEN","id":"SPADES_TEN","points":0},"timestamp":1750444875159},{"playerId":"214af993-5a77-4010-8fb2-7f1eb09b95fd","card":{"suit":"SPADES","rank":"KING","id":"SPADES_KING","points":15},"timestamp":1750444876174},{"playerId":"9209a7f7-e217-4c5f-9569-9c04536e42e5","card":{"suit":"SPADES","rank":"QUEEN","id":"SPADES_QUEEN","points":60},"timestamp":1750444877692}],"leadPlayerId":null,"winnerId":null,"isComplete":false,"totalPoints":75},"completedTricks":0,"callerTeamPoints":0,"opponentTeamPoints":0,"gameWinner":null}}
2025-06-21T00:11:17.695+05:30  INFO 33377 --- [try1] [lient-AsyncIO-5] _game.try1.GameIntegrationTest           : Received raw message: {"type":"GameStateUpdate","gameState":{"gameId":"DHABYC","phase":"TRICK_PLAYING","players":[{"id":"ac23cc78-4b55-4b99-8310-d07f3312f3e3","name":"Player1","team":"CALLER","isCaller":true,"handCount":7,"hasPassed":false,"isConnected":true},{"id":"214af993-5a77-4010-8fb2-7f1eb09b95fd","name":"Player2","team":"CALLER","isCaller":false,"handCount":7,"hasPassed":true,"isConnected":true},{"id":"9209a7f7-e217-4c5f-9569-9c04536e42e5","name":"Player3","team":"CALLER","isCaller":false,"handCount":7,"hasPassed":true,"isConnected":true},{"id":"3cc89f1d-94b7-4b6a-9c19-74104d1007ae","name":"Player4","team":"OPPONENT","isCaller":false,"handCount":8,"hasPassed":true,"isConnected":true},{"id":"d6dfcd8e-4569-4a1b-8ac0-9b4becac8310","name":"Player5","team":"OPPONENT","isCaller":false,"handCount":8,"hasPassed":true,"isConnected":true}],"currentPlayerIndex":3,"bidHistory":[{"playerId":"ac23cc78-4b55-4b99-8310-d07f3312f3e3","bid":160,"timestamp":1750444863007},{"playerId":"214af993-5a77-4010-8fb2-7f1eb09b95fd","bid":null,"timestamp":1750444863511},{"playerId":"9209a7f7-e217-4c5f-9569-9c04536e42e5","bid":null,"timestamp":1750444864015},{"playerId":"3cc89f1d-94b7-4b6a-9c19-74104d1007ae","bid":null,"timestamp":1750444864519},{"playerId":"d6dfcd8e-4569-4a1b-8ac0-9b4becac8310","bid":null,"timestamp":1750444865027}],"winningBid":160,"callerId":"ac23cc78-4b55-4b99-8310-d07f3312f3e3","trumpSuit":"SPADES","friendCards":[{"suit":"DIAMONDS","rank":"KING","id":"DIAMONDS_KING","points":15},{"suit":"CLUBS","rank":"QUEEN","id":"CLUBS_QUEEN","points":10}],"currentTrick":{"plays":[{"playerId":"ac23cc78-4b55-4b99-8310-d07f3312f3e3","card":{"suit":"SPADES","rank":"TEN","id":"SPADES_TEN","points":0},"timestamp":1750444875159},{"playerId":"214af993-5a77-4010-8fb2-7f1eb09b95fd","card":{"suit":"SPADES","rank":"KING","id":"SPADES_KING","points":15},"timestamp":1750444876174},{"playerId":"9209a7f7-e217-4c5f-9569-9c04536e42e5","card":{"suit":"SPADES","rank":"QUEEN","id":"SPADES_QUEEN","points":60},"timestamp":1750444877692}],"leadPlayerId":null,"winnerId":null,"isComplete":false,"totalPoints":75},"completedTricks":0,"callerTeamPoints":0,"opponentTeamPoints":0,"gameWinner":null}}
2025-06-21T00:11:17.695+05:30  INFO 33377 --- [try1] [lient-AsyncIO-7] _game.try1.GameIntegrationTest           : Received raw message: {"type":"GameStateUpdate","gameState":{"gameId":"DHABYC","phase":"TRICK_PLAYING","players":[{"id":"ac23cc78-4b55-4b99-8310-d07f3312f3e3","name":"Player1","team":"CALLER","isCaller":true,"handCount":7,"hasPassed":false,"isConnected":true},{"id":"214af993-5a77-4010-8fb2-7f1eb09b95fd","name":"Player2","team":"CALLER","isCaller":false,"handCount":7,"hasPassed":true,"isConnected":true},{"id":"9209a7f7-e217-4c5f-9569-9c04536e42e5","name":"Player3","team":"CALLER","isCaller":false,"handCount":7,"hasPassed":true,"isConnected":true},{"id":"3cc89f1d-94b7-4b6a-9c19-74104d1007ae","name":"Player4","team":"OPPONENT","isCaller":false,"handCount":8,"hasPassed":true,"isConnected":true},{"id":"d6dfcd8e-4569-4a1b-8ac0-9b4becac8310","name":"Player5","team":"OPPONENT","isCaller":false,"handCount":8,"hasPassed":true,"isConnected":true}],"currentPlayerIndex":3,"bidHistory":[{"playerId":"ac23cc78-4b55-4b99-8310-d07f3312f3e3","bid":160,"timestamp":1750444863007},{"playerId":"214af993-5a77-4010-8fb2-7f1eb09b95fd","bid":null,"timestamp":1750444863511},{"playerId":"9209a7f7-e217-4c5f-9569-9c04536e42e5","bid":null,"timestamp":1750444864015},{"playerId":"3cc89f1d-94b7-4b6a-9c19-74104d1007ae","bid":null,"timestamp":1750444864519},{"playerId":"d6dfcd8e-4569-4a1b-8ac0-9b4becac8310","bid":null,"timestamp":1750444865027}],"winningBid":160,"callerId":"ac23cc78-4b55-4b99-8310-d07f3312f3e3","trumpSuit":"SPADES","friendCards":[{"suit":"DIAMONDS","rank":"KING","id":"DIAMONDS_KING","points":15},{"suit":"CLUBS","rank":"QUEEN","id":"CLUBS_QUEEN","points":10}],"currentTrick":{"plays":[{"playerId":"ac23cc78-4b55-4b99-8310-d07f3312f3e3","card":{"suit":"SPADES","rank":"TEN","id":"SPADES_TEN","points":0},"timestamp":1750444875159},{"playerId":"214af993-5a77-4010-8fb2-7f1eb09b95fd","card":{"suit":"SPADES","rank":"KING","id":"SPADES_KING","points":15},"timestamp":1750444876174},{"playerId":"9209a7f7-e217-4c5f-9569-9c04536e42e5","card":{"suit":"SPADES","rank":"QUEEN","id":"SPADES_QUEEN","points":60},"timestamp":1750444877692}],"leadPlayerId":null,"winnerId":null,"isComplete":false,"totalPoints":75},"completedTricks":0,"callerTeamPoints":0,"opponentTeamPoints":0,"gameWinner":null}}
2025-06-21T00:11:17.695+05:30  INFO 33377 --- [try1] [lient-AsyncIO-8] _game.try1.GameIntegrationTest           : Received raw message: {"type":"GameStateUpdate","gameState":{"gameId":"DHABYC","phase":"TRICK_PLAYING","players":[{"id":"ac23cc78-4b55-4b99-8310-d07f3312f3e3","name":"Player1","team":"CALLER","isCaller":true,"handCount":7,"hasPassed":false,"isConnected":true},{"id":"214af993-5a77-4010-8fb2-7f1eb09b95fd","name":"Player2","team":"CALLER","isCaller":false,"handCount":7,"hasPassed":true,"isConnected":true},{"id":"9209a7f7-e217-4c5f-9569-9c04536e42e5","name":"Player3","team":"CALLER","isCaller":false,"handCount":7,"hasPassed":true,"isConnected":true},{"id":"3cc89f1d-94b7-4b6a-9c19-74104d1007ae","name":"Player4","team":"OPPONENT","isCaller":false,"handCount":8,"hasPassed":true,"isConnected":true},{"id":"d6dfcd8e-4569-4a1b-8ac0-9b4becac8310","name":"Player5","team":"OPPONENT","isCaller":false,"handCount":8,"hasPassed":true,"isConnected":true}],"currentPlayerIndex":3,"bidHistory":[{"playerId":"ac23cc78-4b55-4b99-8310-d07f3312f3e3","bid":160,"timestamp":1750444863007},{"playerId":"214af993-5a77-4010-8fb2-7f1eb09b95fd","bid":null,"timestamp":1750444863511},{"playerId":"9209a7f7-e217-4c5f-9569-9c04536e42e5","bid":null,"timestamp":1750444864015},{"playerId":"3cc89f1d-94b7-4b6a-9c19-74104d1007ae","bid":null,"timestamp":1750444864519},{"playerId":"d6dfcd8e-4569-4a1b-8ac0-9b4becac8310","bid":null,"timestamp":1750444865027}],"winningBid":160,"callerId":"ac23cc78-4b55-4b99-8310-d07f3312f3e3","trumpSuit":"SPADES","friendCards":[{"suit":"DIAMONDS","rank":"KING","id":"DIAMONDS_KING","points":15},{"suit":"CLUBS","rank":"QUEEN","id":"CLUBS_QUEEN","points":10}],"currentTrick":{"plays":[{"playerId":"ac23cc78-4b55-4b99-8310-d07f3312f3e3","card":{"suit":"SPADES","rank":"TEN","id":"SPADES_TEN","points":0},"timestamp":1750444875159},{"playerId":"214af993-5a77-4010-8fb2-7f1eb09b95fd","card":{"suit":"SPADES","rank":"KING","id":"SPADES_KING","points":15},"timestamp":1750444876174},{"playerId":"9209a7f7-e217-4c5f-9569-9c04536e42e5","card":{"suit":"SPADES","rank":"QUEEN","id":"SPADES_QUEEN","points":60},"timestamp":1750444877692}],"leadPlayerId":null,"winnerId":null,"isComplete":false,"totalPoints":75},"completedTricks":0,"callerTeamPoints":0,"opponentTeamPoints":0,"gameWinner":null}}
2025-06-21T00:11:17.696+05:30  INFO 33377 --- [try1] [ient-AsyncIO-13] _game.try1.GameIntegrationTest           : Received raw message: {"type":"GameStateUpdate","gameState":{"gameId":"DHABYC","phase":"TRICK_PLAYING","players":[{"id":"ac23cc78-4b55-4b99-8310-d07f3312f3e3","name":"Player1","team":"CALLER","isCaller":true,"handCount":7,"hasPassed":false,"isConnected":true},{"id":"214af993-5a77-4010-8fb2-7f1eb09b95fd","name":"Player2","team":"CALLER","isCaller":false,"handCount":7,"hasPassed":true,"isConnected":true},{"id":"9209a7f7-e217-4c5f-9569-9c04536e42e5","name":"Player3","team":"CALLER","isCaller":false,"handCount":7,"hasPassed":true,"isConnected":true},{"id":"3cc89f1d-94b7-4b6a-9c19-74104d1007ae","name":"Player4","team":"OPPONENT","isCaller":false,"handCount":8,"hasPassed":true,"isConnected":true},{"id":"d6dfcd8e-4569-4a1b-8ac0-9b4becac8310","name":"Player5","team":"OPPONENT","isCaller":false,"handCount":8,"hasPassed":true,"isConnected":true}],"currentPlayerIndex":3,"bidHistory":[{"playerId":"ac23cc78-4b55-4b99-8310-d07f3312f3e3","bid":160,"timestamp":1750444863007},{"playerId":"214af993-5a77-4010-8fb2-7f1eb09b95fd","bid":null,"timestamp":1750444863511},{"playerId":"9209a7f7-e217-4c5f-9569-9c04536e42e5","bid":null,"timestamp":1750444864015},{"playerId":"3cc89f1d-94b7-4b6a-9c19-74104d1007ae","bid":null,"timestamp":1750444864519},{"playerId":"d6dfcd8e-4569-4a1b-8ac0-9b4becac8310","bid":null,"timestamp":1750444865027}],"winningBid":160,"callerId":"ac23cc78-4b55-4b99-8310-d07f3312f3e3","trumpSuit":"SPADES","friendCards":[{"suit":"DIAMONDS","rank":"KING","id":"DIAMONDS_KING","points":15},{"suit":"CLUBS","rank":"QUEEN","id":"CLUBS_QUEEN","points":10}],"currentTrick":{"plays":[{"playerId":"ac23cc78-4b55-4b99-8310-d07f3312f3e3","card":{"suit":"SPADES","rank":"TEN","id":"SPADES_TEN","points":0},"timestamp":1750444875159},{"playerId":"214af993-5a77-4010-8fb2-7f1eb09b95fd","card":{"suit":"SPADES","rank":"KING","id":"SPADES_KING","points":15},"timestamp":1750444876174},{"playerId":"9209a7f7-e217-4c5f-9569-9c04536e42e5","card":{"suit":"SPADES","rank":"QUEEN","id":"SPADES_QUEEN","points":60},"timestamp":1750444877692}],"leadPlayerId":null,"winnerId":null,"isComplete":false,"totalPoints":75},"completedTricks":0,"callerTeamPoints":0,"opponentTeamPoints":0,"gameWinner":null}}
2025-06-21T00:11:18.195+05:30  INFO 33377 --- [try1] [           main] _game.try1.GameIntegrationTest           : Current trick plays count: 3
2025-06-21T00:11:18.196+05:30  INFO 33377 --- [try1] [           main] _game.try1.GameIntegrationTest           : Card accepted! Total cards played: 3
2025-06-21T00:11:18.196+05:30  INFO 33377 --- [try1] [           main] _game.try1.GameIntegrationTest           : Player 4 trying to play card: SPADES ACE
2025-06-21T00:11:18.204+05:30  INFO 33377 --- [try1] [lient-AsyncIO-6] _game.try1.GameIntegrationTest           : Received raw message: {"type":"GameStateUpdate","gameState":{"gameId":"DHABYC","phase":"TRICK_PLAYING","players":[{"id":"ac23cc78-4b55-4b99-8310-d07f3312f3e3","name":"Player1","team":"CALLER","isCaller":true,"handCount":7,"hasPassed":false,"isConnected":true},{"id":"214af993-5a77-4010-8fb2-7f1eb09b95fd","name":"Player2","team":"CALLER","isCaller":false,"handCount":7,"hasPassed":true,"isConnected":true},{"id":"9209a7f7-e217-4c5f-9569-9c04536e42e5","name":"Player3","team":"CALLER","isCaller":false,"handCount":7,"hasPassed":true,"isConnected":true},{"id":"3cc89f1d-94b7-4b6a-9c19-74104d1007ae","name":"Player4","team":"OPPONENT","isCaller":false,"handCount":7,"hasPassed":true,"isConnected":true},{"id":"d6dfcd8e-4569-4a1b-8ac0-9b4becac8310","name":"Player5","team":"OPPONENT","isCaller":false,"handCount":8,"hasPassed":true,"isConnected":true}],"currentPlayerIndex":4,"bidHistory":[{"playerId":"ac23cc78-4b55-4b99-8310-d07f3312f3e3","bid":160,"timestamp":1750444863007},{"playerId":"214af993-5a77-4010-8fb2-7f1eb09b95fd","bid":null,"timestamp":1750444863511},{"playerId":"9209a7f7-e217-4c5f-9569-9c04536e42e5","bid":null,"timestamp":1750444864015},{"playerId":"3cc89f1d-94b7-4b6a-9c19-74104d1007ae","bid":null,"timestamp":1750444864519},{"playerId":"d6dfcd8e-4569-4a1b-8ac0-9b4becac8310","bid":null,"timestamp":1750444865027}],"winningBid":160,"callerId":"ac23cc78-4b55-4b99-8310-d07f3312f3e3","trumpSuit":"SPADES","friendCards":[{"suit":"DIAMONDS","rank":"KING","id":"DIAMONDS_KING","points":15},{"suit":"CLUBS","rank":"QUEEN","id":"CLUBS_QUEEN","points":10}],"currentTrick":{"plays":[{"playerId":"ac23cc78-4b55-4b99-8310-d07f3312f3e3","card":{"suit":"SPADES","rank":"TEN","id":"SPADES_TEN","points":0},"timestamp":1750444875159},{"playerId":"214af993-5a77-4010-8fb2-7f1eb09b95fd","card":{"suit":"SPADES","rank":"KING","id":"SPADES_KING","points":15},"timestamp":1750444876174},{"playerId":"9209a7f7-e217-4c5f-9569-9c04536e42e5","card":{"suit":"SPADES","rank":"QUEEN","id":"SPADES_QUEEN","points":60},"timestamp":1750444877692},{"playerId":"3cc89f1d-94b7-4b6a-9c19-74104d1007ae","card":{"suit":"SPADES","rank":"ACE","id":"SPADES_ACE","points":20},"timestamp":1750444878200}],"leadPlayerId":null,"winnerId":null,"isComplete":false,"totalPoints":95},"completedTricks":0,"callerTeamPoints":0,"opponentTeamPoints":0,"gameWinner":null}}
2025-06-21T00:11:18.204+05:30  INFO 33377 --- [try1] [lient-AsyncIO-3] _game.try1.GameIntegrationTest           : Received raw message: {"type":"GameStateUpdate","gameState":{"gameId":"DHABYC","phase":"TRICK_PLAYING","players":[{"id":"ac23cc78-4b55-4b99-8310-d07f3312f3e3","name":"Player1","team":"CALLER","isCaller":true,"handCount":7,"hasPassed":false,"isConnected":true},{"id":"214af993-5a77-4010-8fb2-7f1eb09b95fd","name":"Player2","team":"CALLER","isCaller":false,"handCount":7,"hasPassed":true,"isConnected":true},{"id":"9209a7f7-e217-4c5f-9569-9c04536e42e5","name":"Player3","team":"CALLER","isCaller":false,"handCount":7,"hasPassed":true,"isConnected":true},{"id":"3cc89f1d-94b7-4b6a-9c19-74104d1007ae","name":"Player4","team":"OPPONENT","isCaller":false,"handCount":7,"hasPassed":true,"isConnected":true},{"id":"d6dfcd8e-4569-4a1b-8ac0-9b4becac8310","name":"Player5","team":"OPPONENT","isCaller":false,"handCount":8,"hasPassed":true,"isConnected":true}],"currentPlayerIndex":4,"bidHistory":[{"playerId":"ac23cc78-4b55-4b99-8310-d07f3312f3e3","bid":160,"timestamp":1750444863007},{"playerId":"214af993-5a77-4010-8fb2-7f1eb09b95fd","bid":null,"timestamp":1750444863511},{"playerId":"9209a7f7-e217-4c5f-9569-9c04536e42e5","bid":null,"timestamp":1750444864015},{"playerId":"3cc89f1d-94b7-4b6a-9c19-74104d1007ae","bid":null,"timestamp":1750444864519},{"playerId":"d6dfcd8e-4569-4a1b-8ac0-9b4becac8310","bid":null,"timestamp":1750444865027}],"winningBid":160,"callerId":"ac23cc78-4b55-4b99-8310-d07f3312f3e3","trumpSuit":"SPADES","friendCards":[{"suit":"DIAMONDS","rank":"KING","id":"DIAMONDS_KING","points":15},{"suit":"CLUBS","rank":"QUEEN","id":"CLUBS_QUEEN","points":10}],"currentTrick":{"plays":[{"playerId":"ac23cc78-4b55-4b99-8310-d07f3312f3e3","card":{"suit":"SPADES","rank":"TEN","id":"SPADES_TEN","points":0},"timestamp":1750444875159},{"playerId":"214af993-5a77-4010-8fb2-7f1eb09b95fd","card":{"suit":"SPADES","rank":"KING","id":"SPADES_KING","points":15},"timestamp":1750444876174},{"playerId":"9209a7f7-e217-4c5f-9569-9c04536e42e5","card":{"suit":"SPADES","rank":"QUEEN","id":"SPADES_QUEEN","points":60},"timestamp":1750444877692},{"playerId":"3cc89f1d-94b7-4b6a-9c19-74104d1007ae","card":{"suit":"SPADES","rank":"ACE","id":"SPADES_ACE","points":20},"timestamp":1750444878200}],"leadPlayerId":null,"winnerId":null,"isComplete":false,"totalPoints":95},"completedTricks":0,"callerTeamPoints":0,"opponentTeamPoints":0,"gameWinner":null}}
2025-06-21T00:11:18.204+05:30  INFO 33377 --- [try1] [lient-AsyncIO-4] _game.try1.GameIntegrationTest           : Received raw message: {"type":"GameStateUpdate","gameState":{"gameId":"DHABYC","phase":"TRICK_PLAYING","players":[{"id":"ac23cc78-4b55-4b99-8310-d07f3312f3e3","name":"Player1","team":"CALLER","isCaller":true,"handCount":7,"hasPassed":false,"isConnected":true},{"id":"214af993-5a77-4010-8fb2-7f1eb09b95fd","name":"Player2","team":"CALLER","isCaller":false,"handCount":7,"hasPassed":true,"isConnected":true},{"id":"9209a7f7-e217-4c5f-9569-9c04536e42e5","name":"Player3","team":"CALLER","isCaller":false,"handCount":7,"hasPassed":true,"isConnected":true},{"id":"3cc89f1d-94b7-4b6a-9c19-74104d1007ae","name":"Player4","team":"OPPONENT","isCaller":false,"handCount":7,"hasPassed":true,"isConnected":true},{"id":"d6dfcd8e-4569-4a1b-8ac0-9b4becac8310","name":"Player5","team":"OPPONENT","isCaller":false,"handCount":8,"hasPassed":true,"isConnected":true}],"currentPlayerIndex":4,"bidHistory":[{"playerId":"ac23cc78-4b55-4b99-8310-d07f3312f3e3","bid":160,"timestamp":1750444863007},{"playerId":"214af993-5a77-4010-8fb2-7f1eb09b95fd","bid":null,"timestamp":1750444863511},{"playerId":"9209a7f7-e217-4c5f-9569-9c04536e42e5","bid":null,"timestamp":1750444864015},{"playerId":"3cc89f1d-94b7-4b6a-9c19-74104d1007ae","bid":null,"timestamp":1750444864519},{"playerId":"d6dfcd8e-4569-4a1b-8ac0-9b4becac8310","bid":null,"timestamp":1750444865027}],"winningBid":160,"callerId":"ac23cc78-4b55-4b99-8310-d07f3312f3e3","trumpSuit":"SPADES","friendCards":[{"suit":"DIAMONDS","rank":"KING","id":"DIAMONDS_KING","points":15},{"suit":"CLUBS","rank":"QUEEN","id":"CLUBS_QUEEN","points":10}],"currentTrick":{"plays":[{"playerId":"ac23cc78-4b55-4b99-8310-d07f3312f3e3","card":{"suit":"SPADES","rank":"TEN","id":"SPADES_TEN","points":0},"timestamp":1750444875159},{"playerId":"214af993-5a77-4010-8fb2-7f1eb09b95fd","card":{"suit":"SPADES","rank":"KING","id":"SPADES_KING","points":15},"timestamp":1750444876174},{"playerId":"9209a7f7-e217-4c5f-9569-9c04536e42e5","card":{"suit":"SPADES","rank":"QUEEN","id":"SPADES_QUEEN","points":60},"timestamp":1750444877692},{"playerId":"3cc89f1d-94b7-4b6a-9c19-74104d1007ae","card":{"suit":"SPADES","rank":"ACE","id":"SPADES_ACE","points":20},"timestamp":1750444878200}],"leadPlayerId":null,"winnerId":null,"isComplete":false,"totalPoints":95},"completedTricks":0,"callerTeamPoints":0,"opponentTeamPoints":0,"gameWinner":null}}
2025-06-21T00:11:18.205+05:30  INFO 33377 --- [try1] [lient-AsyncIO-1] _game.try1.GameIntegrationTest           : Received raw message: {"type":"GameStateUpdate","gameState":{"gameId":"DHABYC","phase":"TRICK_PLAYING","players":[{"id":"ac23cc78-4b55-4b99-8310-d07f3312f3e3","name":"Player1","team":"CALLER","isCaller":true,"handCount":7,"hasPassed":false,"isConnected":true},{"id":"214af993-5a77-4010-8fb2-7f1eb09b95fd","name":"Player2","team":"CALLER","isCaller":false,"handCount":7,"hasPassed":true,"isConnected":true},{"id":"9209a7f7-e217-4c5f-9569-9c04536e42e5","name":"Player3","team":"CALLER","isCaller":false,"handCount":7,"hasPassed":true,"isConnected":true},{"id":"3cc89f1d-94b7-4b6a-9c19-74104d1007ae","name":"Player4","team":"OPPONENT","isCaller":false,"handCount":7,"hasPassed":true,"isConnected":true},{"id":"d6dfcd8e-4569-4a1b-8ac0-9b4becac8310","name":"Player5","team":"OPPONENT","isCaller":false,"handCount":8,"hasPassed":true,"isConnected":true}],"currentPlayerIndex":4,"bidHistory":[{"playerId":"ac23cc78-4b55-4b99-8310-d07f3312f3e3","bid":160,"timestamp":1750444863007},{"playerId":"214af993-5a77-4010-8fb2-7f1eb09b95fd","bid":null,"timestamp":1750444863511},{"playerId":"9209a7f7-e217-4c5f-9569-9c04536e42e5","bid":null,"timestamp":1750444864015},{"playerId":"3cc89f1d-94b7-4b6a-9c19-74104d1007ae","bid":null,"timestamp":1750444864519},{"playerId":"d6dfcd8e-4569-4a1b-8ac0-9b4becac8310","bid":null,"timestamp":1750444865027}],"winningBid":160,"callerId":"ac23cc78-4b55-4b99-8310-d07f3312f3e3","trumpSuit":"SPADES","friendCards":[{"suit":"DIAMONDS","rank":"KING","id":"DIAMONDS_KING","points":15},{"suit":"CLUBS","rank":"QUEEN","id":"CLUBS_QUEEN","points":10}],"currentTrick":{"plays":[{"playerId":"ac23cc78-4b55-4b99-8310-d07f3312f3e3","card":{"suit":"SPADES","rank":"TEN","id":"SPADES_TEN","points":0},"timestamp":1750444875159},{"playerId":"214af993-5a77-4010-8fb2-7f1eb09b95fd","card":{"suit":"SPADES","rank":"KING","id":"SPADES_KING","points":15},"timestamp":1750444876174},{"playerId":"9209a7f7-e217-4c5f-9569-9c04536e42e5","card":{"suit":"SPADES","rank":"QUEEN","id":"SPADES_QUEEN","points":60},"timestamp":1750444877692},{"playerId":"3cc89f1d-94b7-4b6a-9c19-74104d1007ae","card":{"suit":"SPADES","rank":"ACE","id":"SPADES_ACE","points":20},"timestamp":1750444878200}],"leadPlayerId":null,"winnerId":null,"isComplete":false,"totalPoints":95},"completedTricks":0,"callerTeamPoints":0,"opponentTeamPoints":0,"gameWinner":null}}
2025-06-21T00:11:18.205+05:30  INFO 33377 --- [try1] [lient-AsyncIO-6] _game.try1.GameIntegrationTest           : Received raw message: {"type":"GameStateUpdate","gameState":{"gameId":"DHABYC","phase":"TRICK_PLAYING","players":[{"id":"ac23cc78-4b55-4b99-8310-d07f3312f3e3","name":"Player1","team":"CALLER","isCaller":true,"handCount":7,"hasPassed":false,"isConnected":true},{"id":"214af993-5a77-4010-8fb2-7f1eb09b95fd","name":"Player2","team":"CALLER","isCaller":false,"handCount":7,"hasPassed":true,"isConnected":true},{"id":"9209a7f7-e217-4c5f-9569-9c04536e42e5","name":"Player3","team":"CALLER","isCaller":false,"handCount":7,"hasPassed":true,"isConnected":true},{"id":"3cc89f1d-94b7-4b6a-9c19-74104d1007ae","name":"Player4","team":"OPPONENT","isCaller":false,"handCount":7,"hasPassed":true,"isConnected":true},{"id":"d6dfcd8e-4569-4a1b-8ac0-9b4becac8310","name":"Player5","team":"OPPONENT","isCaller":false,"handCount":8,"hasPassed":true,"isConnected":true}],"currentPlayerIndex":4,"bidHistory":[{"playerId":"ac23cc78-4b55-4b99-8310-d07f3312f3e3","bid":160,"timestamp":1750444863007},{"playerId":"214af993-5a77-4010-8fb2-7f1eb09b95fd","bid":null,"timestamp":1750444863511},{"playerId":"9209a7f7-e217-4c5f-9569-9c04536e42e5","bid":null,"timestamp":1750444864015},{"playerId":"3cc89f1d-94b7-4b6a-9c19-74104d1007ae","bid":null,"timestamp":1750444864519},{"playerId":"d6dfcd8e-4569-4a1b-8ac0-9b4becac8310","bid":null,"timestamp":1750444865027}],"winningBid":160,"callerId":"ac23cc78-4b55-4b99-8310-d07f3312f3e3","trumpSuit":"SPADES","friendCards":[{"suit":"DIAMONDS","rank":"KING","id":"DIAMONDS_KING","points":15},{"suit":"CLUBS","rank":"QUEEN","id":"CLUBS_QUEEN","points":10}],"currentTrick":{"plays":[{"playerId":"ac23cc78-4b55-4b99-8310-d07f3312f3e3","card":{"suit":"SPADES","rank":"TEN","id":"SPADES_TEN","points":0},"timestamp":1750444875159},{"playerId":"214af993-5a77-4010-8fb2-7f1eb09b95fd","card":{"suit":"SPADES","rank":"KING","id":"SPADES_KING","points":15},"timestamp":1750444876174},{"playerId":"9209a7f7-e217-4c5f-9569-9c04536e42e5","card":{"suit":"SPADES","rank":"QUEEN","id":"SPADES_QUEEN","points":60},"timestamp":1750444877692},{"playerId":"3cc89f1d-94b7-4b6a-9c19-74104d1007ae","card":{"suit":"SPADES","rank":"ACE","id":"SPADES_ACE","points":20},"timestamp":1750444878200}],"leadPlayerId":null,"winnerId":null,"isComplete":false,"totalPoints":95},"completedTricks":0,"callerTeamPoints":0,"opponentTeamPoints":0,"gameWinner":null}}
2025-06-21T00:11:18.700+05:30  INFO 33377 --- [try1] [           main] _game.try1.GameIntegrationTest           : Current trick plays count: 4
2025-06-21T00:11:18.702+05:30  INFO 33377 --- [try1] [           main] _game.try1.GameIntegrationTest           : Card accepted! Total cards played: 4
2025-06-21T00:11:18.702+05:30  INFO 33377 --- [try1] [           main] _game.try1.GameIntegrationTest           : Player 5 trying to play card: SPADES ACE
2025-06-21T00:11:19.209+05:30  INFO 33377 --- [try1] [           main] _game.try1.GameIntegrationTest           : Current trick plays count: 4
2025-06-21T00:11:19.210+05:30  INFO 33377 --- [try1] [           main] _game.try1.GameIntegrationTest           : Card rejected, trying another one
2025-06-21T00:11:19.210+05:30  INFO 33377 --- [try1] [           main] _game.try1.GameIntegrationTest           : Player 5 trying to play card: SPADES KING
2025-06-21T00:11:19.717+05:30  INFO 33377 --- [try1] [           main] _game.try1.GameIntegrationTest           : Current trick plays count: 4
2025-06-21T00:11:19.717+05:30  INFO 33377 --- [try1] [           main] _game.try1.GameIntegrationTest           : Card rejected, trying another one
2025-06-21T00:11:19.717+05:30  INFO 33377 --- [try1] [           main] _game.try1.GameIntegrationTest           : Player 5 trying to play card: SPADES QUEEN
2025-06-21T00:11:20.223+05:30  INFO 33377 --- [try1] [           main] _game.try1.GameIntegrationTest           : Current trick plays count: 4
2025-06-21T00:11:20.224+05:30  INFO 33377 --- [try1] [           main] _game.try1.GameIntegrationTest           : Card rejected, trying another one
2025-06-21T00:11:20.224+05:30  INFO 33377 --- [try1] [           main] _game.try1.GameIntegrationTest           : Player 5 trying to play card: SPADES JACK
2025-06-21T00:11:20.255+05:30  INFO 33377 --- [try1] [lient-AsyncIO-2] _game.try1.GameIntegrationTest           : Received raw message: {"type":"TrickComplete","winnerId":"3cc89f1d-94b7-4b6a-9c19-74104d1007ae","points":100,"nextPlayerId":"3cc89f1d-94b7-4b6a-9c19-74104d1007ae"}
2025-06-21T00:11:20.255+05:30  INFO 33377 --- [try1] [ient-AsyncIO-13] _game.try1.GameIntegrationTest           : Received raw message: {"type":"TrickComplete","winnerId":"3cc89f1d-94b7-4b6a-9c19-74104d1007ae","points":100,"nextPlayerId":"3cc89f1d-94b7-4b6a-9c19-74104d1007ae"}
2025-06-21T00:11:20.255+05:30  INFO 33377 --- [try1] [ient-AsyncIO-11] _game.try1.GameIntegrationTest           : Received raw message: {"type":"TrickComplete","winnerId":"3cc89f1d-94b7-4b6a-9c19-74104d1007ae","points":100,"nextPlayerId":"3cc89f1d-94b7-4b6a-9c19-74104d1007ae"}
2025-06-21T00:11:20.256+05:30  INFO 33377 --- [try1] [ient-AsyncIO-12] _game.try1.GameIntegrationTest           : Received raw message: {"type":"TrickComplete","winnerId":"3cc89f1d-94b7-4b6a-9c19-74104d1007ae","points":100,"nextPlayerId":"3cc89f1d-94b7-4b6a-9c19-74104d1007ae"}
2025-06-21T00:11:20.256+05:30  INFO 33377 --- [try1] [lient-AsyncIO-2] _game.try1.GameIntegrationTest           : Received raw message: {"type":"GameStateUpdate","gameState":{"gameId":"DHABYC","phase":"TRICK_PLAYING","players":[{"id":"ac23cc78-4b55-4b99-8310-d07f3312f3e3","name":"Player1","team":"CALLER","isCaller":true,"handCount":7,"hasPassed":false,"isConnected":true},{"id":"214af993-5a77-4010-8fb2-7f1eb09b95fd","name":"Player2","team":"CALLER","isCaller":false,"handCount":7,"hasPassed":true,"isConnected":true},{"id":"9209a7f7-e217-4c5f-9569-9c04536e42e5","name":"Player3","team":"CALLER","isCaller":false,"handCount":7,"hasPassed":true,"isConnected":true},{"id":"3cc89f1d-94b7-4b6a-9c19-74104d1007ae","name":"Player4","team":"OPPONENT","isCaller":false,"handCount":7,"hasPassed":true,"isConnected":true},{"id":"d6dfcd8e-4569-4a1b-8ac0-9b4becac8310","name":"Player5","team":"OPPONENT","isCaller":false,"handCount":7,"hasPassed":true,"isConnected":true}],"currentPlayerIndex":3,"bidHistory":[{"playerId":"ac23cc78-4b55-4b99-8310-d07f3312f3e3","bid":160,"timestamp":1750444863007},{"playerId":"214af993-5a77-4010-8fb2-7f1eb09b95fd","bid":null,"timestamp":1750444863511},{"playerId":"9209a7f7-e217-4c5f-9569-9c04536e42e5","bid":null,"timestamp":1750444864015},{"playerId":"3cc89f1d-94b7-4b6a-9c19-74104d1007ae","bid":null,"timestamp":1750444864519},{"playerId":"d6dfcd8e-4569-4a1b-8ac0-9b4becac8310","bid":null,"timestamp":1750444865027}],"winningBid":160,"callerId":"ac23cc78-4b55-4b99-8310-d07f3312f3e3","trumpSuit":"SPADES","friendCards":[{"suit":"DIAMONDS","rank":"KING","id":"DIAMONDS_KING","points":15},{"suit":"CLUBS","rank":"QUEEN","id":"CLUBS_QUEEN","points":10}],"currentTrick":{"plays":[],"leadPlayerId":null,"winnerId":null,"isComplete":false,"totalPoints":0},"completedTricks":1,"callerTeamPoints":0,"opponentTeamPoints":100,"gameWinner":null}}
2025-06-21T00:11:20.256+05:30  INFO 33377 --- [try1] [ient-AsyncIO-12] _game.try1.GameIntegrationTest           : Received raw message: {"type":"GameStateUpdate","gameState":{"gameId":"DHABYC","phase":"TRICK_PLAYING","players":[{"id":"ac23cc78-4b55-4b99-8310-d07f3312f3e3","name":"Player1","team":"CALLER","isCaller":true,"handCount":7,"hasPassed":false,"isConnected":true},{"id":"214af993-5a77-4010-8fb2-7f1eb09b95fd","name":"Player2","team":"CALLER","isCaller":false,"handCount":7,"hasPassed":true,"isConnected":true},{"id":"9209a7f7-e217-4c5f-9569-9c04536e42e5","name":"Player3","team":"CALLER","isCaller":false,"handCount":7,"hasPassed":true,"isConnected":true},{"id":"3cc89f1d-94b7-4b6a-9c19-74104d1007ae","name":"Player4","team":"OPPONENT","isCaller":false,"handCount":7,"hasPassed":true,"isConnected":true},{"id":"d6dfcd8e-4569-4a1b-8ac0-9b4becac8310","name":"Player5","team":"OPPONENT","isCaller":false,"handCount":7,"hasPassed":true,"isConnected":true}],"currentPlayerIndex":3,"bidHistory":[{"playerId":"ac23cc78-4b55-4b99-8310-d07f3312f3e3","bid":160,"timestamp":1750444863007},{"playerId":"214af993-5a77-4010-8fb2-7f1eb09b95fd","bid":null,"timestamp":1750444863511},{"playerId":"9209a7f7-e217-4c5f-9569-9c04536e42e5","bid":null,"timestamp":1750444864015},{"playerId":"3cc89f1d-94b7-4b6a-9c19-74104d1007ae","bid":null,"timestamp":1750444864519},{"playerId":"d6dfcd8e-4569-4a1b-8ac0-9b4becac8310","bid":null,"timestamp":1750444865027}],"winningBid":160,"callerId":"ac23cc78-4b55-4b99-8310-d07f3312f3e3","trumpSuit":"SPADES","friendCards":[{"suit":"DIAMONDS","rank":"KING","id":"DIAMONDS_KING","points":15},{"suit":"CLUBS","rank":"QUEEN","id":"CLUBS_QUEEN","points":10}],"currentTrick":{"plays":[],"leadPlayerId":null,"winnerId":null,"isComplete":false,"totalPoints":0},"completedTricks":1,"callerTeamPoints":0,"opponentTeamPoints":100,"gameWinner":null}}
2025-06-21T00:11:20.256+05:30  INFO 33377 --- [try1] [ient-AsyncIO-11] _game.try1.GameIntegrationTest           : Received raw message: {"type":"GameStateUpdate","gameState":{"gameId":"DHABYC","phase":"TRICK_PLAYING","players":[{"id":"ac23cc78-4b55-4b99-8310-d07f3312f3e3","name":"Player1","team":"CALLER","isCaller":true,"handCount":7,"hasPassed":false,"isConnected":true},{"id":"214af993-5a77-4010-8fb2-7f1eb09b95fd","name":"Player2","team":"CALLER","isCaller":false,"handCount":7,"hasPassed":true,"isConnected":true},{"id":"9209a7f7-e217-4c5f-9569-9c04536e42e5","name":"Player3","team":"CALLER","isCaller":false,"handCount":7,"hasPassed":true,"isConnected":true},{"id":"3cc89f1d-94b7-4b6a-9c19-74104d1007ae","name":"Player4","team":"OPPONENT","isCaller":false,"handCount":7,"hasPassed":true,"isConnected":true},{"id":"d6dfcd8e-4569-4a1b-8ac0-9b4becac8310","name":"Player5","team":"OPPONENT","isCaller":false,"handCount":7,"hasPassed":true,"isConnected":true}],"currentPlayerIndex":3,"bidHistory":[{"playerId":"ac23cc78-4b55-4b99-8310-d07f3312f3e3","bid":160,"timestamp":1750444863007},{"playerId":"214af993-5a77-4010-8fb2-7f1eb09b95fd","bid":null,"timestamp":1750444863511},{"playerId":"9209a7f7-e217-4c5f-9569-9c04536e42e5","bid":null,"timestamp":1750444864015},{"playerId":"3cc89f1d-94b7-4b6a-9c19-74104d1007ae","bid":null,"timestamp":1750444864519},{"playerId":"d6dfcd8e-4569-4a1b-8ac0-9b4becac8310","bid":null,"timestamp":1750444865027}],"winningBid":160,"callerId":"ac23cc78-4b55-4b99-8310-d07f3312f3e3","trumpSuit":"SPADES","friendCards":[{"suit":"DIAMONDS","rank":"KING","id":"DIAMONDS_KING","points":15},{"suit":"CLUBS","rank":"QUEEN","id":"CLUBS_QUEEN","points":10}],"currentTrick":{"plays":[],"leadPlayerId":null,"winnerId":null,"isComplete":false,"totalPoints":0},"completedTricks":1,"callerTeamPoints":0,"opponentTeamPoints":100,"gameWinner":null}}
2025-06-21T00:11:20.256+05:30  INFO 33377 --- [try1] [lient-AsyncIO-9] _game.try1.GameIntegrationTest           : Received raw message: {"type":"TrickComplete","winnerId":"3cc89f1d-94b7-4b6a-9c19-74104d1007ae","points":100,"nextPlayerId":"3cc89f1d-94b7-4b6a-9c19-74104d1007ae"}
2025-06-21T00:11:20.256+05:30  INFO 33377 --- [try1] [ient-AsyncIO-13] _game.try1.GameIntegrationTest           : Received raw message: {"type":"GameStateUpdate","gameState":{"gameId":"DHABYC","phase":"TRICK_PLAYING","players":[{"id":"ac23cc78-4b55-4b99-8310-d07f3312f3e3","name":"Player1","team":"CALLER","isCaller":true,"handCount":7,"hasPassed":false,"isConnected":true},{"id":"214af993-5a77-4010-8fb2-7f1eb09b95fd","name":"Player2","team":"CALLER","isCaller":false,"handCount":7,"hasPassed":true,"isConnected":true},{"id":"9209a7f7-e217-4c5f-9569-9c04536e42e5","name":"Player3","team":"CALLER","isCaller":false,"handCount":7,"hasPassed":true,"isConnected":true},{"id":"3cc89f1d-94b7-4b6a-9c19-74104d1007ae","name":"Player4","team":"OPPONENT","isCaller":false,"handCount":7,"hasPassed":true,"isConnected":true},{"id":"d6dfcd8e-4569-4a1b-8ac0-9b4becac8310","name":"Player5","team":"OPPONENT","isCaller":false,"handCount":7,"hasPassed":true,"isConnected":true}],"currentPlayerIndex":3,"bidHistory":[{"playerId":"ac23cc78-4b55-4b99-8310-d07f3312f3e3","bid":160,"timestamp":1750444863007},{"playerId":"214af993-5a77-4010-8fb2-7f1eb09b95fd","bid":null,"timestamp":1750444863511},{"playerId":"9209a7f7-e217-4c5f-9569-9c04536e42e5","bid":null,"timestamp":1750444864015},{"playerId":"3cc89f1d-94b7-4b6a-9c19-74104d1007ae","bid":null,"timestamp":1750444864519},{"playerId":"d6dfcd8e-4569-4a1b-8ac0-9b4becac8310","bid":null,"timestamp":1750444865027}],"winningBid":160,"callerId":"ac23cc78-4b55-4b99-8310-d07f3312f3e3","trumpSuit":"SPADES","friendCards":[{"suit":"DIAMONDS","rank":"KING","id":"DIAMONDS_KING","points":15},{"suit":"CLUBS","rank":"QUEEN","id":"CLUBS_QUEEN","points":10}],"currentTrick":{"plays":[],"leadPlayerId":null,"winnerId":null,"isComplete":false,"totalPoints":0},"completedTricks":1,"callerTeamPoints":0,"opponentTeamPoints":100,"gameWinner":null}}
2025-06-21T00:11:20.256+05:30  INFO 33377 --- [try1] [lient-AsyncIO-9] _game.try1.GameIntegrationTest           : Received raw message: {"type":"GameStateUpdate","gameState":{"gameId":"DHABYC","phase":"TRICK_PLAYING","players":[{"id":"ac23cc78-4b55-4b99-8310-d07f3312f3e3","name":"Player1","team":"CALLER","isCaller":true,"handCount":7,"hasPassed":false,"isConnected":true},{"id":"214af993-5a77-4010-8fb2-7f1eb09b95fd","name":"Player2","team":"CALLER","isCaller":false,"handCount":7,"hasPassed":true,"isConnected":true},{"id":"9209a7f7-e217-4c5f-9569-9c04536e42e5","name":"Player3","team":"CALLER","isCaller":false,"handCount":7,"hasPassed":true,"isConnected":true},{"id":"3cc89f1d-94b7-4b6a-9c19-74104d1007ae","name":"Player4","team":"OPPONENT","isCaller":false,"handCount":7,"hasPassed":true,"isConnected":true},{"id":"d6dfcd8e-4569-4a1b-8ac0-9b4becac8310","name":"Player5","team":"OPPONENT","isCaller":false,"handCount":7,"hasPassed":true,"isConnected":true}],"currentPlayerIndex":3,"bidHistory":[{"playerId":"ac23cc78-4b55-4b99-8310-d07f3312f3e3","bid":160,"timestamp":1750444863007},{"playerId":"214af993-5a77-4010-8fb2-7f1eb09b95fd","bid":null,"timestamp":1750444863511},{"playerId":"9209a7f7-e217-4c5f-9569-9c04536e42e5","bid":null,"timestamp":1750444864015},{"playerId":"3cc89f1d-94b7-4b6a-9c19-74104d1007ae","bid":null,"timestamp":1750444864519},{"playerId":"d6dfcd8e-4569-4a1b-8ac0-9b4becac8310","bid":null,"timestamp":1750444865027}],"winningBid":160,"callerId":"ac23cc78-4b55-4b99-8310-d07f3312f3e3","trumpSuit":"SPADES","friendCards":[{"suit":"DIAMONDS","rank":"KING","id":"DIAMONDS_KING","points":15},{"suit":"CLUBS","rank":"QUEEN","id":"CLUBS_QUEEN","points":10}],"currentTrick":{"plays":[],"leadPlayerId":null,"winnerId":null,"isComplete":false,"totalPoints":0},"completedTricks":1,"callerTeamPoints":0,"opponentTeamPoints":100,"gameWinner":null}}
2025-06-21T00:11:20.731+05:30  INFO 33377 --- [try1] [           main] _game.try1.GameIntegrationTest           : Current trick plays count: 0
2025-06-21T00:11:20.732+05:30  INFO 33377 --- [try1] [           main] _game.try1.GameIntegrationTest           : Trick was completed! completedTricks: 1
2025-06-21T00:11:20.732+05:30  INFO 33377 --- [try1] [           main] _game.try1.GameIntegrationTest           : Played 4 cards out of 5 expected
2025-06-21T00:11:20.733+05:30  INFO 33377 --- [try1] [           main] _game.try1.GameIntegrationTest           : Checking for trick completion messages...
2025-06-21T00:11:20.733+05:30  INFO 33377 --- [try1] [           main] _game.try1.GameIntegrationTest           : Trick completed - Winner ID: 3cc89f1d-94b7-4b6a-9c19-74104d1007ae, Points: 100
2025-06-21T00:11:20.740+05:30  INFO 33377 --- [try1] [           main] _game.try1.GameIntegrationTest           : Final game state: completedTricks=1, callerPoints=0, opponentPoints=100
2025-06-21T00:11:20.741+05:30  INFO 33377 --- [try1] [           main] _game.try1.GameIntegrationTest           : Full game flow test completed successfully
]]></system-out>
  </testcase>
  <testcase name="testGameCreationAndPlayerJoining" classname="_game.try1.GameIntegrationTest" time="4.597">
    <system-out><![CDATA[2025-06-21T00:11:20.769+05:30  INFO 33377 --- [try1] [           main] _game.try1.GameIntegrationTest           : Created game with ID: GHRVEV
2025-06-21T00:11:20.794+05:30  INFO 33377 --- [try1] [           main] _game.try1.GameIntegrationTest           : Player 1 joining game
2025-06-21T00:11:20.795+05:30  INFO 33377 --- [try1] [lient-AsyncIO-4] _game.try1.GameIntegrationTest           : Received raw message: {"type":"PlayerJoined","playerId":"f9a6cd2e-95fc-4a47-948e-2f6783b7ddf0","playerName":"Player1","playerCount":1}
2025-06-21T00:11:20.795+05:30  INFO 33377 --- [try1] [lient-AsyncIO-2] _game.try1.GameIntegrationTest           : Received raw message: {"type":"PlayerJoined","playerId":"f9a6cd2e-95fc-4a47-948e-2f6783b7ddf0","playerName":"Player1","playerCount":1}
2025-06-21T00:11:20.796+05:30  INFO 33377 --- [try1] [lient-AsyncIO-6] _game.try1.GameIntegrationTest           : Received raw message: {"type":"PlayerJoined","playerId":"f9a6cd2e-95fc-4a47-948e-2f6783b7ddf0","playerName":"Player1","playerCount":1}
2025-06-21T00:11:20.796+05:30  INFO 33377 --- [try1] [lient-AsyncIO-1] _game.try1.GameIntegrationTest           : Received raw message: {"type":"PlayerJoined","playerId":"f9a6cd2e-95fc-4a47-948e-2f6783b7ddf0","playerName":"Player1","playerCount":1}
2025-06-21T00:11:20.796+05:30  INFO 33377 --- [try1] [lient-AsyncIO-7] _game.try1.GameIntegrationTest           : Received raw message: {"type":"PlayerJoined","playerId":"f9a6cd2e-95fc-4a47-948e-2f6783b7ddf0","playerName":"Player1","playerCount":1}
2025-06-21T00:11:21.100+05:30  INFO 33377 --- [try1] [           main] _game.try1.GameIntegrationTest           : Player 2 joining game
2025-06-21T00:11:21.105+05:30  INFO 33377 --- [try1] [lient-AsyncIO-8] _game.try1.GameIntegrationTest           : Received raw message: {"type":"PlayerJoined","playerId":"2c927197-9f0f-4e58-a84a-b1aacd058478","playerName":"Player2","playerCount":2}
2025-06-21T00:11:21.105+05:30  INFO 33377 --- [try1] [lient-AsyncIO-3] _game.try1.GameIntegrationTest           : Received raw message: {"type":"PlayerJoined","playerId":"2c927197-9f0f-4e58-a84a-b1aacd058478","playerName":"Player2","playerCount":2}
2025-06-21T00:11:21.106+05:30  INFO 33377 --- [try1] [ient-AsyncIO-13] _game.try1.GameIntegrationTest           : Received raw message: {"type":"PlayerJoined","playerId":"2c927197-9f0f-4e58-a84a-b1aacd058478","playerName":"Player2","playerCount":2}
2025-06-21T00:11:21.105+05:30  INFO 33377 --- [try1] [lient-AsyncIO-9] _game.try1.GameIntegrationTest           : Received raw message: {"type":"PlayerJoined","playerId":"2c927197-9f0f-4e58-a84a-b1aacd058478","playerName":"Player2","playerCount":2}
2025-06-21T00:11:21.106+05:30  INFO 33377 --- [try1] [ient-AsyncIO-11] _game.try1.GameIntegrationTest           : Received raw message: {"type":"PlayerJoined","playerId":"2c927197-9f0f-4e58-a84a-b1aacd058478","playerName":"Player2","playerCount":2}
2025-06-21T00:11:21.405+05:30  INFO 33377 --- [try1] [           main] _game.try1.GameIntegrationTest           : Player 3 joining game
2025-06-21T00:11:21.408+05:30  INFO 33377 --- [try1] [lient-AsyncIO-1] _game.try1.GameIntegrationTest           : Received raw message: {"type":"PlayerJoined","playerId":"bc4599a0-8a1b-4ade-af96-7bb18f531faa","playerName":"Player3","playerCount":3}
2025-06-21T00:11:21.408+05:30  INFO 33377 --- [try1] [lient-AsyncIO-7] _game.try1.GameIntegrationTest           : Received raw message: {"type":"PlayerJoined","playerId":"bc4599a0-8a1b-4ade-af96-7bb18f531faa","playerName":"Player3","playerCount":3}
2025-06-21T00:11:21.408+05:30  INFO 33377 --- [try1] [lient-AsyncIO-2] _game.try1.GameIntegrationTest           : Received raw message: {"type":"PlayerJoined","playerId":"bc4599a0-8a1b-4ade-af96-7bb18f531faa","playerName":"Player3","playerCount":3}
2025-06-21T00:11:21.408+05:30  INFO 33377 --- [try1] [lient-AsyncIO-9] _game.try1.GameIntegrationTest           : Received raw message: {"type":"PlayerJoined","playerId":"bc4599a0-8a1b-4ade-af96-7bb18f531faa","playerName":"Player3","playerCount":3}
2025-06-21T00:11:21.408+05:30  INFO 33377 --- [try1] [ient-AsyncIO-11] _game.try1.GameIntegrationTest           : Received raw message: {"type":"PlayerJoined","playerId":"bc4599a0-8a1b-4ade-af96-7bb18f531faa","playerName":"Player3","playerCount":3}
2025-06-21T00:11:21.711+05:30  INFO 33377 --- [try1] [           main] _game.try1.GameIntegrationTest           : Player 4 joining game
2025-06-21T00:11:21.717+05:30  INFO 33377 --- [try1] [lient-AsyncIO-6] _game.try1.GameIntegrationTest           : Received raw message: {"type":"PlayerJoined","playerId":"c42e8bef-6520-4020-acf6-35b43f9229d2","playerName":"Player4","playerCount":4}
2025-06-21T00:11:21.717+05:30  INFO 33377 --- [try1] [lient-AsyncIO-5] _game.try1.GameIntegrationTest           : Received raw message: {"type":"PlayerJoined","playerId":"c42e8bef-6520-4020-acf6-35b43f9229d2","playerName":"Player4","playerCount":4}
2025-06-21T00:11:21.717+05:30  INFO 33377 --- [try1] [lient-AsyncIO-8] _game.try1.GameIntegrationTest           : Received raw message: {"type":"PlayerJoined","playerId":"c42e8bef-6520-4020-acf6-35b43f9229d2","playerName":"Player4","playerCount":4}
2025-06-21T00:11:21.717+05:30  INFO 33377 --- [try1] [lient-AsyncIO-3] _game.try1.GameIntegrationTest           : Received raw message: {"type":"PlayerJoined","playerId":"c42e8bef-6520-4020-acf6-35b43f9229d2","playerName":"Player4","playerCount":4}
2025-06-21T00:11:21.717+05:30  INFO 33377 --- [try1] [lient-AsyncIO-4] _game.try1.GameIntegrationTest           : Received raw message: {"type":"PlayerJoined","playerId":"c42e8bef-6520-4020-acf6-35b43f9229d2","playerName":"Player4","playerCount":4}
2025-06-21T00:11:22.018+05:30  INFO 33377 --- [try1] [           main] _game.try1.GameIntegrationTest           : Player 5 joining game
2025-06-21T00:11:22.024+05:30  INFO 33377 --- [try1] [lient-AsyncIO-9] _game.try1.GameIntegrationTest           : Received raw message: {"type":"PlayerJoined","playerId":"721cfd9e-bfb2-4a83-9644-99be5505ec64","playerName":"Player5","playerCount":5}
2025-06-21T00:11:22.024+05:30  INFO 33377 --- [try1] [ient-AsyncIO-13] _game.try1.GameIntegrationTest           : Received raw message: {"type":"PlayerJoined","playerId":"721cfd9e-bfb2-4a83-9644-99be5505ec64","playerName":"Player5","playerCount":5}
2025-06-21T00:11:22.024+05:30  INFO 33377 --- [try1] [lient-AsyncIO-9] _game.try1.GameIntegrationTest           : Received raw message: {"type":"GameStateUpdate","gameState":{"gameId":"GHRVEV","phase":"BIDDING","players":[{"id":"f9a6cd2e-95fc-4a47-948e-2f6783b7ddf0","name":"Player1","team":"UNASSIGNED","isCaller":false,"handCount":4,"hasPassed":false,"isConnected":true},{"id":"2c927197-9f0f-4e58-a84a-b1aacd058478","name":"Player2","team":"UNASSIGNED","isCaller":false,"handCount":4,"hasPassed":false,"isConnected":true},{"id":"bc4599a0-8a1b-4ade-af96-7bb18f531faa","name":"Player3","team":"UNASSIGNED","isCaller":false,"handCount":4,"hasPassed":false,"isConnected":true},{"id":"c42e8bef-6520-4020-acf6-35b43f9229d2","name":"Player4","team":"UNASSIGNED","isCaller":false,"handCount":4,"hasPassed":false,"isConnected":true},{"id":"721cfd9e-bfb2-4a83-9644-99be5505ec64","name":"Player5","team":"UNASSIGNED","isCaller":false,"handCount":4,"hasPassed":false,"isConnected":true}],"currentPlayerIndex":0,"bidHistory":[],"winningBid":0,"callerId":null,"trumpSuit":null,"friendCards":[],"currentTrick":{"plays":[],"leadPlayerId":null,"winnerId":null,"isComplete":false,"totalPoints":0},"completedTricks":0,"callerTeamPoints":0,"opponentTeamPoints":0,"gameWinner":null}}
2025-06-21T00:11:22.024+05:30  INFO 33377 --- [try1] [ient-AsyncIO-13] _game.try1.GameIntegrationTest           : Received raw message: {"type":"GameStateUpdate","gameState":{"gameId":"GHRVEV","phase":"BIDDING","players":[{"id":"f9a6cd2e-95fc-4a47-948e-2f6783b7ddf0","name":"Player1","team":"UNASSIGNED","isCaller":false,"handCount":4,"hasPassed":false,"isConnected":true},{"id":"2c927197-9f0f-4e58-a84a-b1aacd058478","name":"Player2","team":"UNASSIGNED","isCaller":false,"handCount":4,"hasPassed":false,"isConnected":true},{"id":"bc4599a0-8a1b-4ade-af96-7bb18f531faa","name":"Player3","team":"UNASSIGNED","isCaller":false,"handCount":4,"hasPassed":false,"isConnected":true},{"id":"c42e8bef-6520-4020-acf6-35b43f9229d2","name":"Player4","team":"UNASSIGNED","isCaller":false,"handCount":4,"hasPassed":false,"isConnected":true},{"id":"721cfd9e-bfb2-4a83-9644-99be5505ec64","name":"Player5","team":"UNASSIGNED","isCaller":false,"handCount":4,"hasPassed":false,"isConnected":true}],"currentPlayerIndex":0,"bidHistory":[],"winningBid":0,"callerId":null,"trumpSuit":null,"friendCards":[],"currentTrick":{"plays":[],"leadPlayerId":null,"winnerId":null,"isComplete":false,"totalPoints":0},"completedTricks":0,"callerTeamPoints":0,"opponentTeamPoints":0,"gameWinner":null}}
2025-06-21T00:11:22.025+05:30  INFO 33377 --- [try1] [ient-AsyncIO-12] _game.try1.GameIntegrationTest           : Received raw message: {"type":"PlayerJoined","playerId":"721cfd9e-bfb2-4a83-9644-99be5505ec64","playerName":"Player5","playerCount":5}
2025-06-21T00:11:22.025+05:30  INFO 33377 --- [try1] [ient-AsyncIO-12] _game.try1.GameIntegrationTest           : Received raw message: {"type":"GameStateUpdate","gameState":{"gameId":"GHRVEV","phase":"BIDDING","players":[{"id":"f9a6cd2e-95fc-4a47-948e-2f6783b7ddf0","name":"Player1","team":"UNASSIGNED","isCaller":false,"handCount":4,"hasPassed":false,"isConnected":true},{"id":"2c927197-9f0f-4e58-a84a-b1aacd058478","name":"Player2","team":"UNASSIGNED","isCaller":false,"handCount":4,"hasPassed":false,"isConnected":true},{"id":"bc4599a0-8a1b-4ade-af96-7bb18f531faa","name":"Player3","team":"UNASSIGNED","isCaller":false,"handCount":4,"hasPassed":false,"isConnected":true},{"id":"c42e8bef-6520-4020-acf6-35b43f9229d2","name":"Player4","team":"UNASSIGNED","isCaller":false,"handCount":4,"hasPassed":false,"isConnected":true},{"id":"721cfd9e-bfb2-4a83-9644-99be5505ec64","name":"Player5","team":"UNASSIGNED","isCaller":false,"handCount":4,"hasPassed":false,"isConnected":true}],"currentPlayerIndex":0,"bidHistory":[],"winningBid":0,"callerId":null,"trumpSuit":null,"friendCards":[],"currentTrick":{"plays":[],"leadPlayerId":null,"winnerId":null,"isComplete":false,"totalPoints":0},"completedTricks":0,"callerTeamPoints":0,"opponentTeamPoints":0,"gameWinner":null}}
2025-06-21T00:11:22.025+05:30  INFO 33377 --- [try1] [lient-AsyncIO-1] _game.try1.GameIntegrationTest           : Received raw message: {"type":"PlayerJoined","playerId":"721cfd9e-bfb2-4a83-9644-99be5505ec64","playerName":"Player5","playerCount":5}
2025-06-21T00:11:22.026+05:30  INFO 33377 --- [try1] [lient-AsyncIO-1] _game.try1.GameIntegrationTest           : Received raw message: {"type":"GameStateUpdate","gameState":{"gameId":"GHRVEV","phase":"BIDDING","players":[{"id":"f9a6cd2e-95fc-4a47-948e-2f6783b7ddf0","name":"Player1","team":"UNASSIGNED","isCaller":false,"handCount":4,"hasPassed":false,"isConnected":true},{"id":"2c927197-9f0f-4e58-a84a-b1aacd058478","name":"Player2","team":"UNASSIGNED","isCaller":false,"handCount":4,"hasPassed":false,"isConnected":true},{"id":"bc4599a0-8a1b-4ade-af96-7bb18f531faa","name":"Player3","team":"UNASSIGNED","isCaller":false,"handCount":4,"hasPassed":false,"isConnected":true},{"id":"c42e8bef-6520-4020-acf6-35b43f9229d2","name":"Player4","team":"UNASSIGNED","isCaller":false,"handCount":4,"hasPassed":false,"isConnected":true},{"id":"721cfd9e-bfb2-4a83-9644-99be5505ec64","name":"Player5","team":"UNASSIGNED","isCaller":false,"handCount":4,"hasPassed":false,"isConnected":true}],"currentPlayerIndex":0,"bidHistory":[],"winningBid":0,"callerId":null,"trumpSuit":null,"friendCards":[],"currentTrick":{"plays":[],"leadPlayerId":null,"winnerId":null,"isComplete":false,"totalPoints":0},"completedTricks":0,"callerTeamPoints":0,"opponentTeamPoints":0,"gameWinner":null}}
2025-06-21T00:11:22.024+05:30  INFO 33377 --- [try1] [ient-AsyncIO-11] _game.try1.GameIntegrationTest           : Received raw message: {"type":"PlayerJoined","playerId":"721cfd9e-bfb2-4a83-9644-99be5505ec64","playerName":"Player5","playerCount":5}
2025-06-21T00:11:22.027+05:30  INFO 33377 --- [try1] [ient-AsyncIO-11] _game.try1.GameIntegrationTest           : Received raw message: {"type":"GameStateUpdate","gameState":{"gameId":"GHRVEV","phase":"BIDDING","players":[{"id":"f9a6cd2e-95fc-4a47-948e-2f6783b7ddf0","name":"Player1","team":"UNASSIGNED","isCaller":false,"handCount":4,"hasPassed":false,"isConnected":true},{"id":"2c927197-9f0f-4e58-a84a-b1aacd058478","name":"Player2","team":"UNASSIGNED","isCaller":false,"handCount":4,"hasPassed":false,"isConnected":true},{"id":"bc4599a0-8a1b-4ade-af96-7bb18f531faa","name":"Player3","team":"UNASSIGNED","isCaller":false,"handCount":4,"hasPassed":false,"isConnected":true},{"id":"c42e8bef-6520-4020-acf6-35b43f9229d2","name":"Player4","team":"UNASSIGNED","isCaller":false,"handCount":4,"hasPassed":false,"isConnected":true},{"id":"721cfd9e-bfb2-4a83-9644-99be5505ec64","name":"Player5","team":"UNASSIGNED","isCaller":false,"handCount":4,"hasPassed":false,"isConnected":true}],"currentPlayerIndex":0,"bidHistory":[],"winningBid":0,"callerId":null,"trumpSuit":null,"friendCards":[],"currentTrick":{"plays":[],"leadPlayerId":null,"winnerId":null,"isComplete":false,"totalPoints":0},"completedTricks":0,"callerTeamPoints":0,"opponentTeamPoints":0,"gameWinner":null}}
2025-06-21T00:11:25.331+05:30  INFO 33377 --- [try1] [           main] _game.try1.GameIntegrationTest           : Player 1 received 6 messages
2025-06-21T00:11:25.333+05:30  INFO 33377 --- [try1] [           main] _game.try1.GameIntegrationTest           : Player 1 message type: LinkedHashMap
2025-06-21T00:11:25.333+05:30  INFO 33377 --- [try1] [           main] _game.try1.GameIntegrationTest           : Player 1 message type: LinkedHashMap
2025-06-21T00:11:25.333+05:30  INFO 33377 --- [try1] [           main] _game.try1.GameIntegrationTest           : Player 1 message type: LinkedHashMap
2025-06-21T00:11:25.333+05:30  INFO 33377 --- [try1] [           main] _game.try1.GameIntegrationTest           : Player 1 message type: LinkedHashMap
2025-06-21T00:11:25.333+05:30  INFO 33377 --- [try1] [           main] _game.try1.GameIntegrationTest           : Player 1 message type: LinkedHashMap
2025-06-21T00:11:25.333+05:30  INFO 33377 --- [try1] [           main] _game.try1.GameIntegrationTest           : Player 1 message type: LinkedHashMap
2025-06-21T00:11:25.333+05:30  INFO 33377 --- [try1] [           main] _game.try1.GameIntegrationTest           : Player 2 received 6 messages
2025-06-21T00:11:25.333+05:30  INFO 33377 --- [try1] [           main] _game.try1.GameIntegrationTest           : Player 2 message type: LinkedHashMap
2025-06-21T00:11:25.333+05:30  INFO 33377 --- [try1] [           main] _game.try1.GameIntegrationTest           : Player 2 message type: LinkedHashMap
2025-06-21T00:11:25.333+05:30  INFO 33377 --- [try1] [           main] _game.try1.GameIntegrationTest           : Player 2 message type: LinkedHashMap
2025-06-21T00:11:25.334+05:30  INFO 33377 --- [try1] [           main] _game.try1.GameIntegrationTest           : Player 2 message type: LinkedHashMap
2025-06-21T00:11:25.334+05:30  INFO 33377 --- [try1] [           main] _game.try1.GameIntegrationTest           : Player 2 message type: LinkedHashMap
2025-06-21T00:11:25.334+05:30  INFO 33377 --- [try1] [           main] _game.try1.GameIntegrationTest           : Player 2 message type: LinkedHashMap
2025-06-21T00:11:25.334+05:30  INFO 33377 --- [try1] [           main] _game.try1.GameIntegrationTest           : Player 3 received 6 messages
2025-06-21T00:11:25.334+05:30  INFO 33377 --- [try1] [           main] _game.try1.GameIntegrationTest           : Player 3 message type: LinkedHashMap
2025-06-21T00:11:25.334+05:30  INFO 33377 --- [try1] [           main] _game.try1.GameIntegrationTest           : Player 3 message type: LinkedHashMap
2025-06-21T00:11:25.334+05:30  INFO 33377 --- [try1] [           main] _game.try1.GameIntegrationTest           : Player 3 message type: LinkedHashMap
2025-06-21T00:11:25.334+05:30  INFO 33377 --- [try1] [           main] _game.try1.GameIntegrationTest           : Player 3 message type: LinkedHashMap
2025-06-21T00:11:25.334+05:30  INFO 33377 --- [try1] [           main] _game.try1.GameIntegrationTest           : Player 3 message type: LinkedHashMap
2025-06-21T00:11:25.334+05:30  INFO 33377 --- [try1] [           main] _game.try1.GameIntegrationTest           : Player 3 message type: LinkedHashMap
2025-06-21T00:11:25.334+05:30  INFO 33377 --- [try1] [           main] _game.try1.GameIntegrationTest           : Player 4 received 6 messages
2025-06-21T00:11:25.334+05:30  INFO 33377 --- [try1] [           main] _game.try1.GameIntegrationTest           : Player 4 message type: LinkedHashMap
2025-06-21T00:11:25.334+05:30  INFO 33377 --- [try1] [           main] _game.try1.GameIntegrationTest           : Player 4 message type: LinkedHashMap
2025-06-21T00:11:25.334+05:30  INFO 33377 --- [try1] [           main] _game.try1.GameIntegrationTest           : Player 4 message type: LinkedHashMap
2025-06-21T00:11:25.334+05:30  INFO 33377 --- [try1] [           main] _game.try1.GameIntegrationTest           : Player 4 message type: LinkedHashMap
2025-06-21T00:11:25.334+05:30  INFO 33377 --- [try1] [           main] _game.try1.GameIntegrationTest           : Player 4 message type: LinkedHashMap
2025-06-21T00:11:25.334+05:30  INFO 33377 --- [try1] [           main] _game.try1.GameIntegrationTest           : Player 4 message type: LinkedHashMap
2025-06-21T00:11:25.334+05:30  INFO 33377 --- [try1] [           main] _game.try1.GameIntegrationTest           : Player 5 received 6 messages
2025-06-21T00:11:25.334+05:30  INFO 33377 --- [try1] [           main] _game.try1.GameIntegrationTest           : Player 5 message type: LinkedHashMap
2025-06-21T00:11:25.334+05:30  INFO 33377 --- [try1] [           main] _game.try1.GameIntegrationTest           : Player 5 message type: LinkedHashMap
2025-06-21T00:11:25.335+05:30  INFO 33377 --- [try1] [           main] _game.try1.GameIntegrationTest           : Player 5 message type: LinkedHashMap
2025-06-21T00:11:25.335+05:30  INFO 33377 --- [try1] [           main] _game.try1.GameIntegrationTest           : Player 5 message type: LinkedHashMap
2025-06-21T00:11:25.335+05:30  INFO 33377 --- [try1] [           main] _game.try1.GameIntegrationTest           : Player 5 message type: LinkedHashMap
2025-06-21T00:11:25.335+05:30  INFO 33377 --- [try1] [           main] _game.try1.GameIntegrationTest           : Player 5 message type: LinkedHashMap
2025-06-21T00:11:25.347+05:30  INFO 33377 --- [try1] [           main] _game.try1.GameIntegrationTest           : 5 players received messages
]]></system-out>
  </testcase>
</testsuite>